[2017-10-23 18:06:01,448-logger.py]-INFO:调用登录方法，获取结果：{"data":"登录成功","msg":"接口正常","code":"0000"}
[2017-10-23 18:06:01,488-logger.py]-INFO:编号：1，接口名称：站点运力修改，测试点：请求参数正确，响应：{'data': [{'id': 0, 'state': null, 'createTime': null, 'updateTime': null, 'createUid': null, 'updateUid': null, 'deliveryName': '6', 'errMsg': 'id为6数据不存在，请联系系统管理员'}], 'msg': '接口正常', 'code': '0000'}
[2017-10-23 18:06:01,492-logger.py]-INFO:fail
[2017-10-23 18:06:01,496-logger.py]-INFO:--------
[2017-10-23 18:06:01,569-logger.py]-INFO:调用登录方法，获取结果：{"data":"登录成功","msg":"接口正常","code":"0000"}
[2017-10-23 18:06:01,606-logger.py]-INFO:编号：2，接口名称：站点运力列表，测试点：请求参数正确，响应：{'data': [], 'msg': '接口正常', 'code': '0000'}
[2017-10-23 18:06:01,608-logger.py]-INFO:pass
[2017-10-23 18:06:01,610-logger.py]-INFO:--------
[2017-10-23 18:06:01,662-logger.py]-INFO:调用登录方法，获取结果：{"data":"登录成功","msg":"接口正常","code":"0000"}
[2017-10-23 18:06:01,673-logger.py]-INFO:编号：3，接口名称：站点运力列表，测试点：beginTime传入为空，响应：{'data': {}, 'msg': '参数不能为空', 'code': '0025'}
[2017-10-23 18:06:01,674-logger.py]-INFO:pass
[2017-10-23 18:06:01,675-logger.py]-INFO:--------
[2017-10-23 18:06:01,716-logger.py]-INFO:调用登录方法，获取结果：{"data":"登录成功","msg":"接口正常","code":"0000"}
[2017-10-23 18:06:01,726-logger.py]-INFO:编号：4，接口名称：站点运力列表，测试点：endTime传入为空，响应：{'data': {}, 'msg': '参数不能为空', 'code': '0025'}
[2017-10-23 18:06:01,727-logger.py]-INFO:pass
[2017-10-23 18:06:01,728-logger.py]-INFO:--------
[2017-10-23 18:06:01,766-logger.py]-INFO:调用登录方法，获取结果：{"data":"登录成功","msg":"接口正常","code":"0000"}
[2017-10-23 18:06:01,775-logger.py]-INFO:编号：5，接口名称：站点运力列表，测试点：siteId传入为空，响应：{'data': {}, 'msg': '参数不能为空', 'code': '0025'}
[2017-10-23 18:06:01,776-logger.py]-INFO:pass
[2017-10-23 18:06:01,777-logger.py]-INFO:--------
[2017-10-23 18:06:01,827-logger.py]-INFO:调用登录方法，获取结果：{"data":"登录成功","msg":"接口正常","code":"0000"}
[2017-10-23 18:06:01,865-logger.py]-INFO:编号：6，接口名称：站点运力总详情，测试点：请求参数正确，响应：{'data': [{'id': 33569, 'state': null, 'createTime': null, 'updateTime': null, 'createUid': null, 'updateUid': null, 'provinceId': null, 'provinceName': null, 'cityId': null, 'cityName': null, 'siteId': '107555619', 'siteName': '天通苑站', 'siteDate': '2017-09-18', 'workerNum': 10, 'siteEfficiency': 49.7, 'orderEfficiencyNum': 497, 'orderTotalNum': 497, 'orderCommonNum': 497, 'dxOrderNumOriginal': 0, 'dxOrderNumAdjust': 0, 'batchOrderNum': 0, 'tempOrderNum': 0, 'tempDeliveryNum': 0, 'status': 2}], 'msg': '接口正常', 'code': '0000'}
[2017-10-23 18:06:01,866-logger.py]-INFO:pass
[2017-10-23 18:06:01,867-logger.py]-INFO:--------
[2017-10-23 18:06:01,908-logger.py]-INFO:调用登录方法，获取结果：{"data":"登录成功","msg":"接口正常","code":"0000"}
[2017-10-23 18:06:01,917-logger.py]-INFO:编号：7，接口名称：站点运力总详情，测试点：请求参数传入为空，响应：{'data': {}, 'msg': '参数错误', 'code': '0002'}
[2017-10-23 18:06:01,918-logger.py]-INFO:pass
[2017-10-23 18:06:01,919-logger.py]-INFO:--------
[2017-10-23 18:06:01,969-logger.py]-INFO:调用登录方法，获取结果：{"data":"登录成功","msg":"接口正常","code":"0000"}
[2017-10-23 18:06:02,203-logger.py]-INFO:编号：8，接口名称：站长站点信息，测试点：请求参数正确，响应：{'data': null, 'msg': '接口正常', 'code': '0000'}
[2017-10-23 18:06:02,204-logger.py]-INFO:pass
[2017-10-23 18:06:02,206-logger.py]-INFO:--------
[2017-10-23 18:06:02,255-logger.py]-INFO:调用登录方法，获取结果：{"data":"登录成功","msg":"接口正常","code":"0000"}
[2017-10-23 18:06:02,266-logger.py]-INFO:编号：9，接口名称：站长站点信息，测试点：请求参数传入为空，响应：{'data': {}, 'msg': '参数不能为空', 'code': '0025'}
[2017-10-23 18:06:02,267-logger.py]-INFO:pass
[2017-10-23 18:06:02,269-logger.py]-INFO:--------
[2017-10-23 18:06:02,331-logger.py]-INFO:调用登录方法，获取结果：{"data":"登录成功","msg":"接口正常","code":"0000"}
[2017-10-23 18:06:02,366-logger.py]-INFO:编号：10，接口名称：获取站点运力数据，测试点：请求参数正确，响应：{'data': null, 'msg': '接口正常', 'code': '0000'}
[2017-10-23 18:06:02,368-logger.py]-INFO:pass
[2017-10-23 18:06:02,369-logger.py]-INFO:--------
[2017-10-23 18:06:02,416-logger.py]-INFO:调用登录方法，获取结果：{"data":"登录成功","msg":"接口正常","code":"0000"}
[2017-10-23 18:06:02,427-logger.py]-INFO:编号：11，接口名称：获取站点运力数据，测试点：siteDetailId传入为空，响应：{'data': {}, 'msg': '参数不能为空', 'code': '0025'}
[2017-10-23 18:06:02,428-logger.py]-INFO:pass
[2017-10-23 18:06:02,430-logger.py]-INFO:--------
[2017-10-23 18:06:02,484-logger.py]-INFO:调用登录方法，获取结果：{"data":"登录成功","msg":"接口正常","code":"0000"}
[2017-10-23 18:06:02,519-logger.py]-INFO:编号：12，接口名称：获取站点运力数据，测试点：siteDetailId不存在，响应：{'data': null, 'msg': '接口正常', 'code': '0000'}
[2017-10-23 18:06:02,521-logger.py]-INFO:pass
[2017-10-23 18:06:02,523-logger.py]-INFO:--------
[2017-10-23 18:06:02,537-logger.py]-INFO:测试用例数：12  成功用例数：11  失败用例数：1
