[2017-10-13 16:17:44,146-logger.py]-INFO:调用登录方法，获取结果：{"data":"登录成功","msg":"接口正常","code":"0000"}
[2017-10-13 16:17:44,208-logger.py]-INFO:编号：1，接口名称：站点运力修改，测试点：请求参数正确，响应：{'data': [], 'msg': '接口正常', 'code': '0000'}
[2017-10-13 16:17:44,208-logger.py]-INFO:pass
[2017-10-13 16:17:44,208-logger.py]-INFO:--------
[2017-10-13 16:17:44,271-logger.py]-INFO:调用登录方法，获取结果：{"data":"登录成功","msg":"接口正常","code":"0000"}
[2017-10-13 16:17:44,287-logger.py]-INFO:编号：2，接口名称：站点运力列表，测试点：请求参数正确，响应：{'data': [], 'msg': '接口正常', 'code': '0000'}
[2017-10-13 16:17:44,287-logger.py]-INFO:pass
[2017-10-13 16:17:44,287-logger.py]-INFO:--------
[2017-10-13 16:17:44,334-logger.py]-INFO:调用登录方法，获取结果：{"data":"登录成功","msg":"接口正常","code":"0000"}
[2017-10-13 16:17:44,349-logger.py]-INFO:编号：3，接口名称：站点运力列表，测试点：beginTime传入为空，响应：{'data': {}, 'msg': '参数不能为空', 'code': '0025'}
[2017-10-13 16:17:44,349-logger.py]-INFO:pass
[2017-10-13 16:17:44,349-logger.py]-INFO:--------
[2017-10-13 16:17:44,381-logger.py]-INFO:调用登录方法，获取结果：{"data":"登录成功","msg":"接口正常","code":"0000"}
[2017-10-13 16:17:44,396-logger.py]-INFO:编号：4，接口名称：站点运力列表，测试点：endTime传入为空，响应：{'data': {}, 'msg': '参数不能为空', 'code': '0025'}
[2017-10-13 16:17:44,396-logger.py]-INFO:pass
[2017-10-13 16:17:44,396-logger.py]-INFO:--------
[2017-10-13 16:17:44,427-logger.py]-INFO:调用登录方法，获取结果：{"data":"登录成功","msg":"接口正常","code":"0000"}
[2017-10-13 16:17:44,443-logger.py]-INFO:编号：5，接口名称：站点运力列表，测试点：siteId传入为空，响应：{'data': {}, 'msg': '参数不能为空', 'code': '0025'}
[2017-10-13 16:17:44,443-logger.py]-INFO:pass
[2017-10-13 16:17:44,443-logger.py]-INFO:--------
[2017-10-13 16:17:44,474-logger.py]-INFO:调用登录方法，获取结果：{"data":"登录成功","msg":"接口正常","code":"0000"}
[2017-10-13 16:17:44,505-logger.py]-INFO:编号：6，接口名称：站点运力总详情，测试点：请求参数正确，响应：{'data': {}, 'msg': '未查询到数据', 'code': '0026'}
[2017-10-13 16:17:44,505-logger.py]-INFO:pass
[2017-10-13 16:17:44,505-logger.py]-INFO:--------
[2017-10-13 16:17:44,537-logger.py]-INFO:调用登录方法，获取结果：{"data":"登录成功","msg":"接口正常","code":"0000"}
[2017-10-13 16:17:44,537-logger.py]-INFO:编号：7，接口名称：站点运力总详情，测试点：参数传入为空，响应：{'data': {}, 'msg': '参数错误', 'code': '0002'}
[2017-10-13 16:17:44,537-logger.py]-INFO:pass
[2017-10-13 16:17:44,537-logger.py]-INFO:--------
[2017-10-13 16:17:44,583-logger.py]-INFO:调用登录方法，获取结果：{"data":"登录成功","msg":"接口正常","code":"0000"}
[2017-10-13 16:17:44,599-logger.py]-INFO:编号：8，接口名称：站长站点信息，测试点：请求参数正确，响应：{'data': null, 'msg': '接口正常', 'code': '0000'}
[2017-10-13 16:17:44,599-logger.py]-INFO:pass
[2017-10-13 16:17:44,599-logger.py]-INFO:--------
[2017-10-13 16:17:44,630-logger.py]-INFO:调用登录方法，获取结果：{"data":"登录成功","msg":"接口正常","code":"0000"}
[2017-10-13 16:17:44,833-logger.py]-INFO:编号：9，接口名称：站长站点信息，测试点：userCode传入为空，响应：{'data': {}, 'msg': '参数不能为空', 'code': '0025'}
[2017-10-13 16:17:44,833-logger.py]-INFO:pass
[2017-10-13 16:17:44,849-logger.py]-INFO:--------
[2017-10-13 16:17:44,880-logger.py]-INFO:调用登录方法，获取结果：{"data":"登录成功","msg":"接口正常","code":"0000"}
[2017-10-13 16:17:44,911-logger.py]-INFO:编号：10，接口名称：获取站点运力数据，测试点：请求参数正确，响应：{'data': {'id': null, 'state': null, 'createTime': null, 'updateTime': null, 'createUid': null, 'updateUid': null, 'siteId': '336889', 'siteName': '黄浦站', 'siteDetailId': 2, 'siteDate': '2017-09-29', 'orderEfficiencyNum': 316, 'orderTotalNum': 326, 'orderCommonNum': 324, 'dxOrderNumOriginal': 0, 'dxOrderNumAdjust': 0, 'batchOrderNum': 10, 'tempOrderNum': 0, 'tempDeliveryNum': 0, 'workerNum': 6, 'siteEfficiency': 52.67, 'status': 1, 'startTime': null, 'endTime': null, 'statusStr': null, 'provinceId': null, 'cityId': null, 'keyWords': null, 'beginTime': null}, 'msg': '接口正常', 'code': '0000'}
[2017-10-13 16:17:44,911-logger.py]-INFO:false
[2017-10-13 16:17:44,911-logger.py]-INFO:--------
[2017-10-13 16:17:44,958-logger.py]-INFO:调用登录方法，获取结果：{"data":"登录成功","msg":"接口正常","code":"0000"}
[2017-10-13 16:17:44,958-logger.py]-INFO:编号：11，接口名称：获取站点运力数据，测试点：siteDetailId传入为空，响应：{'data': {}, 'msg': '参数不能为空', 'code': '0025'}
[2017-10-13 16:17:44,958-logger.py]-INFO:pass
[2017-10-13 16:17:44,958-logger.py]-INFO:--------
[2017-10-13 16:17:45,005-logger.py]-INFO:调用登录方法，获取结果：{"data":"登录成功","msg":"接口正常","code":"0000"}
[2017-10-13 16:17:45,020-logger.py]-INFO:编号：12，接口名称：获取站点运力数据，测试点：siteDetailId不存在，响应：{'data': null, 'msg': '接口正常', 'code': '0000'}
[2017-10-13 16:17:45,020-logger.py]-INFO:pass
[2017-10-13 16:17:45,020-logger.py]-INFO:--------
[2017-10-13 16:17:45,020-logger.py]-INFO:总计13条用例
