[2017-10-23 17:52:39,001-logger.py]-INFO:调用登录方法，获取结果：{"data":"登录成功","msg":"接口正常","code":"0000"}
[2017-10-23 17:52:39,038-logger.py]-INFO:编号：1，接口名称：站点运力修改，测试点：请求参数正确，响应：{'data': [{'id': 0, 'state': null, 'createTime': null, 'updateTime': null, 'createUid': null, 'updateUid': null, 'deliveryName': '6', 'errMsg': 'id为6数据不存在，请联系系统管理员'}], 'msg': '接口正常', 'code': '0000'}
[2017-10-23 17:52:39,039-logger.py]-INFO:fail
[2017-10-23 17:52:39,042-logger.py]-INFO:--------
[2017-10-23 17:52:39,123-logger.py]-INFO:调用登录方法，获取结果：{"data":"登录成功","msg":"接口正常","code":"0000"}
[2017-10-23 17:52:39,157-logger.py]-INFO:编号：2，接口名称：站点运力列表，测试点：请求参数正确，响应：{'data': [], 'msg': '接口正常', 'code': '0000'}
[2017-10-23 17:52:39,158-logger.py]-INFO:pass
[2017-10-23 17:52:39,159-logger.py]-INFO:--------
[2017-10-23 17:52:39,224-logger.py]-INFO:调用登录方法，获取结果：{"data":"登录成功","msg":"接口正常","code":"0000"}
[2017-10-23 17:52:39,232-logger.py]-INFO:编号：3，接口名称：站点运力列表，测试点：beginTime传入为空，响应：{'data': {}, 'msg': '参数不能为空', 'code': '0025'}
[2017-10-23 17:52:39,233-logger.py]-INFO:pass
[2017-10-23 17:52:39,234-logger.py]-INFO:--------
[2017-10-23 17:52:39,274-logger.py]-INFO:调用登录方法，获取结果：{"data":"登录成功","msg":"接口正常","code":"0000"}
[2017-10-23 17:52:39,283-logger.py]-INFO:编号：4，接口名称：站点运力列表，测试点：endTime传入为空，响应：{'data': {}, 'msg': '参数不能为空', 'code': '0025'}
[2017-10-23 17:52:39,284-logger.py]-INFO:pass
[2017-10-23 17:52:39,285-logger.py]-INFO:--------
[2017-10-23 17:52:39,324-logger.py]-INFO:调用登录方法，获取结果：{"data":"登录成功","msg":"接口正常","code":"0000"}
[2017-10-23 17:52:39,333-logger.py]-INFO:编号：5，接口名称：站点运力列表，测试点：siteId传入为空，响应：{'data': {}, 'msg': '参数不能为空', 'code': '0025'}
[2017-10-23 17:52:39,334-logger.py]-INFO:pass
[2017-10-23 17:52:39,335-logger.py]-INFO:--------
[2017-10-23 17:52:39,383-logger.py]-INFO:调用登录方法，获取结果：{"data":"登录成功","msg":"接口正常","code":"0000"}
[2017-10-23 17:52:39,422-logger.py]-INFO:编号：6，接口名称：站点运力总详情，测试点：请求参数正确，响应：{'data': [{'id': 33569, 'state': null, 'createTime': null, 'updateTime': null, 'createUid': null, 'updateUid': null, 'provinceId': null, 'provinceName': null, 'cityId': null, 'cityName': null, 'siteId': '107555619', 'siteName': '天通苑站', 'siteDate': '2017-09-18', 'workerNum': 10, 'siteEfficiency': 49.7, 'orderEfficiencyNum': 497, 'orderTotalNum': 497, 'orderCommonNum': 497, 'dxOrderNumOriginal': 0, 'dxOrderNumAdjust': 0, 'batchOrderNum': 0, 'tempOrderNum': 0, 'tempDeliveryNum': 0, 'status': 2}], 'msg': '接口正常', 'code': '0000'}
[2017-10-23 17:52:39,425-logger.py]-INFO:fail
[2017-10-23 17:52:39,426-logger.py]-INFO:--------
[2017-10-23 17:52:39,480-logger.py]-INFO:调用登录方法，获取结果：{"data":"登录成功","msg":"接口正常","code":"0000"}
[2017-10-23 17:52:39,490-logger.py]-INFO:编号：7，接口名称：站点运力总详情，测试点：请求参数传入为空，响应：{'data': {}, 'msg': '参数错误', 'code': '0002'}
[2017-10-23 17:52:39,491-logger.py]-INFO:pass
[2017-10-23 17:52:39,492-logger.py]-INFO:--------
[2017-10-23 17:52:39,544-logger.py]-INFO:调用登录方法，获取结果：{"data":"登录成功","msg":"接口正常","code":"0000"}
[2017-10-23 17:52:39,576-logger.py]-INFO:编号：8，接口名称：站长站点信息，测试点：请求参数正确，响应：{'data': null, 'msg': '接口正常', 'code': '0000'}
[2017-10-23 17:52:39,577-logger.py]-INFO:pass
[2017-10-23 17:52:39,578-logger.py]-INFO:--------
[2017-10-23 17:52:39,631-logger.py]-INFO:调用登录方法，获取结果：{"data":"登录成功","msg":"接口正常","code":"0000"}
[2017-10-23 17:52:39,643-logger.py]-INFO:编号：9，接口名称：站长站点信息，测试点：请求参数传入为空，响应：{'data': {}, 'msg': '参数不能为空', 'code': '0025'}
[2017-10-23 17:52:39,644-logger.py]-INFO:pass
[2017-10-23 17:52:39,645-logger.py]-INFO:--------
[2017-10-23 17:52:39,695-logger.py]-INFO:调用登录方法，获取结果：{"data":"登录成功","msg":"接口正常","code":"0000"}
[2017-10-23 17:52:39,729-logger.py]-INFO:编号：10，接口名称：获取站点运力数据，测试点：请求参数正确，响应：{'data': null, 'msg': '接口正常', 'code': '0000'}
[2017-10-23 17:52:39,731-logger.py]-INFO:fail
[2017-10-23 17:52:39,733-logger.py]-INFO:--------
[2017-10-23 17:52:39,786-logger.py]-INFO:调用登录方法，获取结果：{"data":"登录成功","msg":"接口正常","code":"0000"}
[2017-10-23 17:52:39,796-logger.py]-INFO:编号：11，接口名称：获取站点运力数据，测试点：siteDetailId传入为空，响应：{'data': {}, 'msg': '参数不能为空', 'code': '0025'}
[2017-10-23 17:52:39,797-logger.py]-INFO:fail
[2017-10-23 17:52:39,798-logger.py]-INFO:--------
[2017-10-23 17:52:39,838-logger.py]-INFO:调用登录方法，获取结果：{"data":"登录成功","msg":"接口正常","code":"0000"}
[2017-10-23 17:52:39,873-logger.py]-INFO:编号：12，接口名称：获取站点运力数据，测试点：siteDetailId不存在，响应：{'data': null, 'msg': '接口正常', 'code': '0000'}
[2017-10-23 17:52:39,874-logger.py]-INFO:fail
[2017-10-23 17:52:39,875-logger.py]-INFO:--------
[2017-10-23 17:52:39,885-logger.py]-INFO:测试用例数：12  成功用例数：7  失败用例数：5
