[2017-10-26 15:55:45,557-logger.py]-INFO:调用登录方法，获取结果：{"data":"登录成功","msg":"接口正常","code":"0000"}
[2017-10-26 15:55:45,579-logger.py]-INFO:编号：1，接口名称：站点运力修改，测试点：请求参数正确，响应：{'data': [{'id': 0, 'state': null, 'createTime': null, 'updateTime': null, 'createUid': null, 'updateUid': null, 'deliveryName': '6', 'errMsg': 'id为6数据不存在，请联系系统管理员'}], 'msg': '接口正常', 'code': '0000'}
[2017-10-26 15:55:45,581-logger.py]-INFO:fail
[2017-10-26 15:55:45,582-logger.py]-INFO:--------
[2017-10-26 15:55:45,644-logger.py]-INFO:调用登录方法，获取结果：{"data":"登录成功","msg":"接口正常","code":"0000"}
[2017-10-26 15:55:45,665-logger.py]-INFO:编号：2，接口名称：站点运力列表，测试点：请求参数正确，响应：{'data': [], 'msg': '接口正常', 'code': '0000'}
[2017-10-26 15:55:45,668-logger.py]-INFO:pass
[2017-10-26 15:55:45,670-logger.py]-INFO:--------
[2017-10-26 15:55:45,724-logger.py]-INFO:调用登录方法，获取结果：{"data":"登录成功","msg":"接口正常","code":"0000"}
[2017-10-26 15:55:45,735-logger.py]-INFO:编号：3，接口名称：站点运力列表，测试点：beginTime传入为空，响应：{'data': {}, 'msg': '参数不能为空', 'code': '0025'}
[2017-10-26 15:55:45,737-logger.py]-INFO:pass
[2017-10-26 15:55:45,739-logger.py]-INFO:--------
[2017-10-26 15:55:45,792-logger.py]-INFO:调用登录方法，获取结果：{"data":"登录成功","msg":"接口正常","code":"0000"}
[2017-10-26 15:55:45,804-logger.py]-INFO:编号：4，接口名称：站点运力列表，测试点：endTime传入为空，响应：{'data': {}, 'msg': '参数不能为空', 'code': '0025'}
[2017-10-26 15:55:45,806-logger.py]-INFO:pass
[2017-10-26 15:55:45,808-logger.py]-INFO:--------
[2017-10-26 15:55:45,862-logger.py]-INFO:调用登录方法，获取结果：{"data":"登录成功","msg":"接口正常","code":"0000"}
[2017-10-26 15:55:45,874-logger.py]-INFO:编号：5，接口名称：站点运力列表，测试点：siteId传入为空，响应：{'data': {}, 'msg': '参数不能为空', 'code': '0025'}
[2017-10-26 15:55:45,876-logger.py]-INFO:pass
[2017-10-26 15:55:45,878-logger.py]-INFO:--------
[2017-10-26 15:55:46,153-logger.py]-INFO:调用登录方法，获取结果：{"data":"登录成功","msg":"接口正常","code":"0000"}
[2017-10-26 15:55:46,194-logger.py]-INFO:编号：6，接口名称：站点运力总详情，测试点：请求参数正确，响应：{'data': [{'id': 33569, 'state': null, 'createTime': null, 'updateTime': null, 'createUid': null, 'updateUid': null, 'provinceId': null, 'provinceName': null, 'cityId': null, 'cityName': null, 'siteId': '107555619', 'siteName': '天通苑站', 'siteDate': '2017-09-18', 'workerNum': 10, 'siteEfficiency': 49.7, 'orderEfficiencyNum': 497, 'orderTotalNum': 497, 'orderCommonNum': 497, 'dxOrderNumOriginal': 0, 'dxOrderNumAdjust': 0, 'batchOrderNum': 0, 'tempOrderNum': 0, 'tempDeliveryNum': 0, 'status': 2}], 'msg': '接口正常', 'code': '0000'}
[2017-10-26 15:55:46,196-logger.py]-INFO:pass
[2017-10-26 15:55:46,197-logger.py]-INFO:--------
[2017-10-26 15:55:46,247-logger.py]-INFO:调用登录方法，获取结果：{"data":"登录成功","msg":"接口正常","code":"0000"}
[2017-10-26 15:55:46,262-logger.py]-INFO:编号：7，接口名称：站点运力总详情，测试点：请求参数都为空，响应：{'data': {}, 'msg': '参数错误', 'code': '0002'}
[2017-10-26 15:55:46,265-logger.py]-INFO:pass
[2017-10-26 15:55:46,268-logger.py]-INFO:--------
[2017-10-26 15:55:46,335-logger.py]-INFO:调用登录方法，获取结果：{"data":"登录成功","msg":"接口正常","code":"0000"}
[2017-10-26 15:55:46,350-logger.py]-INFO:编号：8，接口名称：站长站点信息，测试点：请求参数正确，响应：{'data': null, 'msg': '接口正常', 'code': '0000'}
[2017-10-26 15:55:46,351-logger.py]-INFO:pass
[2017-10-26 15:55:46,352-logger.py]-INFO:--------
[2017-10-26 15:55:46,395-logger.py]-INFO:调用登录方法，获取结果：{"data":"登录成功","msg":"接口正常","code":"0000"}
[2017-10-26 15:55:46,405-logger.py]-INFO:编号：9，接口名称：站长站点信息，测试点：请求参数传入为空，响应：{'data': {}, 'msg': '参数不能为空', 'code': '0025'}
[2017-10-26 15:55:46,406-logger.py]-INFO:pass
[2017-10-26 15:55:46,407-logger.py]-INFO:--------
[2017-10-26 15:55:46,459-logger.py]-INFO:调用登录方法，获取结果：{"data":"登录成功","msg":"接口正常","code":"0000"}
[2017-10-26 15:55:46,475-logger.py]-INFO:编号：10，接口名称：获取站点运力数据，测试点：请求参数正确，响应：{'data': null, 'msg': '接口正常', 'code': '0000'}
[2017-10-26 15:55:46,476-logger.py]-INFO:pass
[2017-10-26 15:55:46,477-logger.py]-INFO:--------
[2017-10-26 15:55:46,519-logger.py]-INFO:调用登录方法，获取结果：{"data":"登录成功","msg":"接口正常","code":"0000"}
[2017-10-26 15:55:46,528-logger.py]-INFO:编号：11，接口名称：获取站点运力数据，测试点：siteDetailId传入为空，响应：{'data': {}, 'msg': '参数不能为空', 'code': '0025'}
[2017-10-26 15:55:46,529-logger.py]-INFO:pass
[2017-10-26 15:55:46,530-logger.py]-INFO:--------
[2017-10-26 15:55:46,576-logger.py]-INFO:调用登录方法，获取结果：{"data":"登录成功","msg":"接口正常","code":"0000"}
[2017-10-26 15:55:46,598-logger.py]-INFO:编号：12，接口名称：获取站点运力数据，测试点：siteDetailId不存在，响应：{'data': null, 'msg': '接口正常', 'code': '0000'}
[2017-10-26 15:55:46,602-logger.py]-INFO:pass
[2017-10-26 15:55:46,606-logger.py]-INFO:--------
[2017-10-26 15:55:46,634-logger.py]-INFO:测试用例数：12  成功用例数：11  失败用例数：1  开始时间：2017-10-26 15:55:45  运行时长：0:00:01.141065
