[2017-10-20 16:22:26,798-logger.py]-INFO:调用登录方法，获取结果：{"data":"登录成功","msg":"接口正常","code":"0000"}
[2017-10-20 16:22:26,851-logger.py]-INFO:编号：1，接口名称：站点运力修改，测试点：请求参数正确，响应：{'data': [{'id': 0, 'state': null, 'createTime': null, 'updateTime': null, 'createUid': null, 'updateUid': null, 'deliveryName': '6', 'errMsg': 'id为6数据不存在，请联系系统管理员'}], 'msg': '接口正常', 'code': '0000'}
[2017-10-20 16:22:26,854-logger.py]-INFO:fail
[2017-10-20 16:22:26,857-logger.py]-INFO:--------
[2017-10-20 16:22:26,922-logger.py]-INFO:调用登录方法，获取结果：{"data":"登录成功","msg":"接口正常","code":"0000"}
[2017-10-20 16:22:26,964-logger.py]-INFO:编号：2，接口名称：站点运力列表，测试点：请求参数正确，响应：{'data': [], 'msg': '接口正常', 'code': '0000'}
[2017-10-20 16:22:26,967-logger.py]-INFO:pass
[2017-10-20 16:22:26,969-logger.py]-INFO:--------
[2017-10-20 16:22:27,024-logger.py]-INFO:调用登录方法，获取结果：{"data":"登录成功","msg":"接口正常","code":"0000"}
[2017-10-20 16:22:27,038-logger.py]-INFO:编号：3，接口名称：站点运力列表，测试点：beginTime传入为空，响应：{'data': {}, 'msg': '参数不能为空', 'code': '0025'}
[2017-10-20 16:22:27,041-logger.py]-INFO:pass
[2017-10-20 16:22:27,044-logger.py]-INFO:--------
[2017-10-20 16:22:27,097-logger.py]-INFO:调用登录方法，获取结果：{"data":"登录成功","msg":"接口正常","code":"0000"}
[2017-10-20 16:22:27,109-logger.py]-INFO:编号：4，接口名称：站点运力列表，测试点：endTime传入为空，响应：{'data': {}, 'msg': '参数不能为空', 'code': '0025'}
[2017-10-20 16:22:27,113-logger.py]-INFO:pass
[2017-10-20 16:22:27,116-logger.py]-INFO:--------
[2017-10-20 16:22:27,169-logger.py]-INFO:调用登录方法，获取结果：{"data":"登录成功","msg":"接口正常","code":"0000"}
[2017-10-20 16:22:27,182-logger.py]-INFO:编号：5，接口名称：站点运力列表，测试点：siteId传入为空，响应：{'data': {}, 'msg': '参数不能为空', 'code': '0025'}
[2017-10-20 16:22:27,185-logger.py]-INFO:pass
[2017-10-20 16:22:27,188-logger.py]-INFO:--------
[2017-10-20 16:22:27,254-logger.py]-INFO:调用登录方法，获取结果：{"data":"登录成功","msg":"接口正常","code":"0000"}
[2017-10-20 16:22:27,295-logger.py]-INFO:编号：6，接口名称：站点运力总详情，测试点：请求参数正确，响应：{'data': {}, 'msg': '未查询到数据', 'code': '0026'}
[2017-10-20 16:22:27,298-logger.py]-INFO:fail
[2017-10-20 16:22:27,301-logger.py]-INFO:--------
[2017-10-20 16:22:27,359-logger.py]-INFO:调用登录方法，获取结果：{"data":"登录成功","msg":"接口正常","code":"0000"}
[2017-10-20 16:22:27,371-logger.py]-INFO:编号：7，接口名称：站点运力总详情，测试点：请求参数传入为空，响应：{'data': {}, 'msg': '参数错误', 'code': '0002'}
[2017-10-20 16:22:27,374-logger.py]-INFO:pass
[2017-10-20 16:22:27,377-logger.py]-INFO:--------
[2017-10-20 16:22:27,447-logger.py]-INFO:调用登录方法，获取结果：{"data":"登录成功","msg":"接口正常","code":"0000"}
[2017-10-20 16:22:27,483-logger.py]-INFO:编号：8，接口名称：站长站点信息，测试点：请求参数正确，响应：{'data': null, 'msg': '接口正常', 'code': '0000'}
[2017-10-20 16:22:27,486-logger.py]-INFO:pass
[2017-10-20 16:22:27,489-logger.py]-INFO:--------
[2017-10-20 16:22:27,542-logger.py]-INFO:调用登录方法，获取结果：{"data":"登录成功","msg":"接口正常","code":"0000"}
[2017-10-20 16:22:27,554-logger.py]-INFO:编号：9，接口名称：站长站点信息，测试点：请求参数传入为空，响应：{'data': {}, 'msg': '参数不能为空', 'code': '0025'}
[2017-10-20 16:22:27,558-logger.py]-INFO:pass
[2017-10-20 16:22:27,561-logger.py]-INFO:--------
[2017-10-20 16:22:27,626-logger.py]-INFO:调用登录方法，获取结果：{"data":"登录成功","msg":"接口正常","code":"0000"}
[2017-10-20 16:22:27,664-logger.py]-INFO:编号：10，接口名称：获取站点运力数据，测试点：请求参数正确，响应：{'data': null, 'msg': '接口正常', 'code': '0000'}
[2017-10-20 16:22:27,669-logger.py]-INFO:fail
[2017-10-20 16:22:27,672-logger.py]-INFO:--------
[2017-10-20 16:22:27,735-logger.py]-INFO:调用登录方法，获取结果：{"data":"登录成功","msg":"接口正常","code":"0000"}
[2017-10-20 16:22:27,747-logger.py]-INFO:编号：11，接口名称：获取站点运力数据，测试点：siteDetailId传入为空，响应：{'data': {}, 'msg': '参数不能为空', 'code': '0025'}
[2017-10-20 16:22:27,751-logger.py]-INFO:pass
[2017-10-20 16:22:27,755-logger.py]-INFO:--------
[2017-10-20 16:22:27,808-logger.py]-INFO:调用登录方法，获取结果：{"data":"登录成功","msg":"接口正常","code":"0000"}
[2017-10-20 16:22:27,846-logger.py]-INFO:编号：12，接口名称：获取站点运力数据，测试点：siteDetailId不存在，响应：{'data': null, 'msg': '接口正常', 'code': '0000'}
[2017-10-20 16:22:27,851-logger.py]-INFO:pass
[2017-10-20 16:22:27,855-logger.py]-INFO:--------
[2017-10-20 16:22:27,872-logger.py]-INFO:总计12条用例，执行通过9条用例，失败3条用例
