[2017-10-23 17:45:37,099-logger.py]-INFO:调用登录方法，获取结果：{"data":"登录成功","msg":"接口正常","code":"0000"}
[2017-10-23 17:45:37,110-logger.py]-INFO:编号：1，接口名称：站点运力修改，测试点：请求参数正确，响应：{'data': {}, 'msg': '参数不能为空', 'code': '0025'}
[2017-10-23 17:45:37,112-logger.py]-INFO:fail
[2017-10-23 17:45:37,114-logger.py]-INFO:--------
[2017-10-23 17:45:37,167-logger.py]-INFO:调用登录方法，获取结果：{"data":"登录成功","msg":"接口正常","code":"0000"}
[2017-10-23 17:45:37,176-logger.py]-INFO:编号：2，接口名称：站点运力列表，测试点：请求参数正确，响应：{'data': {}, 'msg': '参数不能为空', 'code': '0025'}
[2017-10-23 17:45:37,177-logger.py]-INFO:fail
[2017-10-23 17:45:37,177-logger.py]-INFO:--------
[2017-10-23 17:45:37,217-logger.py]-INFO:调用登录方法，获取结果：{"data":"登录成功","msg":"接口正常","code":"0000"}
[2017-10-23 17:45:37,225-logger.py]-INFO:编号：3，接口名称：站点运力列表，测试点：beginTime传入为空，响应：{'data': {}, 'msg': '参数不能为空', 'code': '0025'}
[2017-10-23 17:45:37,226-logger.py]-INFO:fail
[2017-10-23 17:45:37,227-logger.py]-INFO:--------
[2017-10-23 17:45:37,271-logger.py]-INFO:调用登录方法，获取结果：{"data":"登录成功","msg":"接口正常","code":"0000"}
[2017-10-23 17:45:37,279-logger.py]-INFO:编号：4，接口名称：站点运力列表，测试点：endTime传入为空，响应：{'data': {}, 'msg': '参数不能为空', 'code': '0025'}
[2017-10-23 17:45:37,281-logger.py]-INFO:fail
[2017-10-23 17:45:37,282-logger.py]-INFO:--------
[2017-10-23 17:45:37,326-logger.py]-INFO:调用登录方法，获取结果：{"data":"登录成功","msg":"接口正常","code":"0000"}
[2017-10-23 17:45:37,335-logger.py]-INFO:编号：5，接口名称：站点运力列表，测试点：siteId传入为空，响应：{'data': {}, 'msg': '参数不能为空', 'code': '0025'}
[2017-10-23 17:45:37,336-logger.py]-INFO:fail
[2017-10-23 17:45:37,337-logger.py]-INFO:--------
[2017-10-23 17:45:37,386-logger.py]-INFO:调用登录方法，获取结果：{"data":"登录成功","msg":"接口正常","code":"0000"}
[2017-10-23 17:45:37,396-logger.py]-INFO:编号：6，接口名称：站点运力总详情，测试点：请求参数正确，响应：{'data': {}, 'msg': '参数错误', 'code': '0002'}
[2017-10-23 17:45:37,398-logger.py]-INFO:fail
[2017-10-23 17:45:37,401-logger.py]-INFO:--------
[2017-10-23 17:45:37,461-logger.py]-INFO:调用登录方法，获取结果：{"data":"登录成功","msg":"接口正常","code":"0000"}
[2017-10-23 17:45:37,476-logger.py]-INFO:编号：7，接口名称：站点运力总详情，测试点：请求参数传入为空，响应：{'data': {}, 'msg': '参数错误', 'code': '0002'}
[2017-10-23 17:45:37,479-logger.py]-INFO:fail
[2017-10-23 17:45:37,481-logger.py]-INFO:--------
[2017-10-23 17:45:37,553-logger.py]-INFO:调用登录方法，获取结果：{"data":"登录成功","msg":"接口正常","code":"0000"}
[2017-10-23 17:45:37,562-logger.py]-INFO:编号：8，接口名称：站长站点信息，测试点：请求参数正确，响应：{'data': {}, 'msg': '参数不能为空', 'code': '0025'}
[2017-10-23 17:45:37,564-logger.py]-INFO:fail
[2017-10-23 17:45:37,565-logger.py]-INFO:--------
[2017-10-23 17:45:37,611-logger.py]-INFO:调用登录方法，获取结果：{"data":"登录成功","msg":"接口正常","code":"0000"}
[2017-10-23 17:45:37,620-logger.py]-INFO:编号：9，接口名称：站长站点信息，测试点：请求参数传入为空，响应：{'data': {}, 'msg': '参数不能为空', 'code': '0025'}
[2017-10-23 17:45:37,621-logger.py]-INFO:fail
[2017-10-23 17:45:37,623-logger.py]-INFO:--------
[2017-10-23 17:45:37,681-logger.py]-INFO:调用登录方法，获取结果：{"data":"登录成功","msg":"接口正常","code":"0000"}
[2017-10-23 17:45:37,691-logger.py]-INFO:编号：10，接口名称：获取站点运力数据，测试点：请求参数正确，响应：{'data': {}, 'msg': '参数不能为空', 'code': '0025'}
[2017-10-23 17:45:37,692-logger.py]-INFO:fail
[2017-10-23 17:45:37,693-logger.py]-INFO:--------
[2017-10-23 17:45:37,741-logger.py]-INFO:调用登录方法，获取结果：{"data":"登录成功","msg":"接口正常","code":"0000"}
[2017-10-23 17:45:37,751-logger.py]-INFO:编号：11，接口名称：获取站点运力数据，测试点：siteDetailId传入为空，响应：{'data': {}, 'msg': '参数不能为空', 'code': '0025'}
[2017-10-23 17:45:37,752-logger.py]-INFO:pass
[2017-10-23 17:45:37,753-logger.py]-INFO:--------
[2017-10-23 17:45:37,798-logger.py]-INFO:调用登录方法，获取结果：{"data":"登录成功","msg":"接口正常","code":"0000"}
[2017-10-23 17:45:37,807-logger.py]-INFO:编号：12，接口名称：获取站点运力数据，测试点：siteDetailId不存在，响应：{'data': {}, 'msg': '参数不能为空', 'code': '0025'}
[2017-10-23 17:45:37,809-logger.py]-INFO:fail
[2017-10-23 17:45:37,810-logger.py]-INFO:--------
[2017-10-23 17:45:37,823-logger.py]-INFO:测试用例数：12  成功用例数：1  失败用例数：11
