[2017-10-24 10:33:00,828-logger.py]-INFO:调用登录方法，获取结果：{"data":"登录成功","msg":"接口正常","code":"0000"}
[2017-10-24 10:33:00,865-logger.py]-INFO:编号：1，接口名称：站点运力修改，测试点：请求参数正确，响应：{'data': [{'id': 0, 'state': null, 'createTime': null, 'updateTime': null, 'createUid': null, 'updateUid': null, 'deliveryName': '6', 'errMsg': 'id为6数据不存在，请联系系统管理员'}], 'msg': '接口正常', 'code': '0000'}
[2017-10-24 10:33:00,866-logger.py]-INFO:fail
[2017-10-24 10:33:00,867-logger.py]-INFO:--------
[2017-10-24 10:33:00,924-logger.py]-INFO:调用登录方法，获取结果：{"data":"登录成功","msg":"接口正常","code":"0000"}
[2017-10-24 10:33:00,958-logger.py]-INFO:编号：2，接口名称：站点运力列表，测试点：请求参数正确，响应：{'data': [], 'msg': '接口正常', 'code': '0000'}
[2017-10-24 10:33:00,959-logger.py]-INFO:pass
[2017-10-24 10:33:00,959-logger.py]-INFO:--------
[2017-10-24 10:33:00,996-logger.py]-INFO:调用登录方法，获取结果：{"data":"登录成功","msg":"接口正常","code":"0000"}
[2017-10-24 10:33:01,004-logger.py]-INFO:编号：3，接口名称：站点运力列表，测试点：beginTime传入为空，响应：{'data': {}, 'msg': '参数不能为空', 'code': '0025'}
[2017-10-24 10:33:01,005-logger.py]-INFO:pass
[2017-10-24 10:33:01,005-logger.py]-INFO:--------
[2017-10-24 10:33:01,040-logger.py]-INFO:调用登录方法，获取结果：{"data":"登录成功","msg":"接口正常","code":"0000"}
[2017-10-24 10:33:01,050-logger.py]-INFO:编号：4，接口名称：站点运力列表，测试点：endTime传入为空，响应：{'data': {}, 'msg': '参数不能为空', 'code': '0025'}
[2017-10-24 10:33:01,050-logger.py]-INFO:pass
[2017-10-24 10:33:01,051-logger.py]-INFO:--------
[2017-10-24 10:33:01,086-logger.py]-INFO:调用登录方法，获取结果：{"data":"登录成功","msg":"接口正常","code":"0000"}
[2017-10-24 10:33:01,095-logger.py]-INFO:编号：5，接口名称：站点运力列表，测试点：siteId传入为空，响应：{'data': {}, 'msg': '参数不能为空', 'code': '0025'}
[2017-10-24 10:33:01,095-logger.py]-INFO:pass
[2017-10-24 10:33:01,096-logger.py]-INFO:--------
[2017-10-24 10:33:01,139-logger.py]-INFO:调用登录方法，获取结果：{"data":"登录成功","msg":"接口正常","code":"0000"}
[2017-10-24 10:33:01,377-logger.py]-INFO:编号：6，接口名称：站点运力总详情，测试点：请求参数正确，响应：{'data': [{'id': 33569, 'state': null, 'createTime': null, 'updateTime': null, 'createUid': null, 'updateUid': null, 'provinceId': null, 'provinceName': null, 'cityId': null, 'cityName': null, 'siteId': '107555619', 'siteName': '天通苑站', 'siteDate': '2017-09-18', 'workerNum': 10, 'siteEfficiency': 49.7, 'orderEfficiencyNum': 497, 'orderTotalNum': 497, 'orderCommonNum': 497, 'dxOrderNumOriginal': 0, 'dxOrderNumAdjust': 0, 'batchOrderNum': 0, 'tempOrderNum': 0, 'tempDeliveryNum': 0, 'status': 2}], 'msg': '接口正常', 'code': '0000'}
[2017-10-24 10:33:01,379-logger.py]-INFO:pass
[2017-10-24 10:33:01,380-logger.py]-INFO:--------
[2017-10-24 10:33:01,432-logger.py]-INFO:调用登录方法，获取结果：{"data":"登录成功","msg":"接口正常","code":"0000"}
[2017-10-24 10:33:01,444-logger.py]-INFO:编号：7，接口名称：站点运力总详情，测试点：请求参数都为空，响应：{'data': {}, 'msg': '参数错误', 'code': '0002'}
[2017-10-24 10:33:01,446-logger.py]-INFO:pass
[2017-10-24 10:33:01,447-logger.py]-INFO:--------
[2017-10-24 10:33:01,500-logger.py]-INFO:调用登录方法，获取结果：{"data":"登录成功","msg":"接口正常","code":"0000"}
[2017-10-24 10:33:01,532-logger.py]-INFO:编号：8，接口名称：站长站点信息，测试点：请求参数正确，响应：{'data': null, 'msg': '接口正常', 'code': '0000'}
[2017-10-24 10:33:01,534-logger.py]-INFO:pass
[2017-10-24 10:33:01,534-logger.py]-INFO:--------
[2017-10-24 10:33:01,582-logger.py]-INFO:调用登录方法，获取结果：{"data":"登录成功","msg":"接口正常","code":"0000"}
[2017-10-24 10:33:01,590-logger.py]-INFO:编号：9，接口名称：站长站点信息，测试点：请求参数传入为空，响应：{'data': {}, 'msg': '参数不能为空', 'code': '0025'}
[2017-10-24 10:33:01,591-logger.py]-INFO:pass
[2017-10-24 10:33:01,591-logger.py]-INFO:--------
[2017-10-24 10:33:01,635-logger.py]-INFO:调用登录方法，获取结果：{"data":"登录成功","msg":"接口正常","code":"0000"}
[2017-10-24 10:33:01,668-logger.py]-INFO:编号：10，接口名称：获取站点运力数据，测试点：请求参数正确，响应：{'data': null, 'msg': '接口正常', 'code': '0000'}
[2017-10-24 10:33:01,669-logger.py]-INFO:fail
[2017-10-24 10:33:01,669-logger.py]-INFO:--------
[2017-10-24 10:33:01,705-logger.py]-INFO:调用登录方法，获取结果：{"data":"登录成功","msg":"接口正常","code":"0000"}
[2017-10-24 10:33:01,713-logger.py]-INFO:编号：11，接口名称：获取站点运力数据，测试点：siteDetailId传入为空，响应：{'data': {}, 'msg': '参数不能为空', 'code': '0025'}
[2017-10-24 10:33:01,714-logger.py]-INFO:pass
[2017-10-24 10:33:01,714-logger.py]-INFO:--------
[2017-10-24 10:33:01,751-logger.py]-INFO:调用登录方法，获取结果：{"data":"登录成功","msg":"接口正常","code":"0000"}
[2017-10-24 10:33:01,783-logger.py]-INFO:编号：12，接口名称：获取站点运力数据，测试点：siteDetailId不存在，响应：{'data': null, 'msg': '接口正常', 'code': '0000'}
[2017-10-24 10:33:01,784-logger.py]-INFO:pass
[2017-10-24 10:33:01,784-logger.py]-INFO:--------
[2017-10-24 10:33:01,793-logger.py]-INFO:测试用例数：12  成功用例数：10  失败用例数：2
