[2017-10-19 18:26:48,886-logger.py]-INFO:调用登录方法，获取结果：{"data":"登录成功","msg":"接口正常","code":"0000"}
[2017-10-19 18:26:49,066-logger.py]-INFO:编号：1，接口名称：站点运力修改，测试点：请求参数正确，响应：{'data': [], 'msg': '接口正常', 'code': '0000'}
[2017-10-19 18:26:49,072-logger.py]-INFO:pass
[2017-10-19 18:26:49,077-logger.py]-INFO:--------
[2017-10-19 18:26:49,201-logger.py]-INFO:调用登录方法，获取结果：{"data":"登录成功","msg":"接口正常","code":"0000"}
[2017-10-19 18:26:49,248-logger.py]-INFO:编号：2，接口名称：站点运力列表，测试点：请求参数正确，响应：{'data': [], 'msg': '接口正常', 'code': '0000'}
[2017-10-19 18:26:49,255-logger.py]-INFO:pass
[2017-10-19 18:26:49,262-logger.py]-INFO:--------
[2017-10-19 18:26:49,353-logger.py]-INFO:调用登录方法，获取结果：{"data":"登录成功","msg":"接口正常","code":"0000"}
[2017-10-19 18:26:49,378-logger.py]-INFO:编号：3，接口名称：站点运力列表，测试点：beginTime传入为空，响应：{'data': {}, 'msg': '参数不能为空', 'code': '0025'}
[2017-10-19 18:26:49,385-logger.py]-INFO:pass
[2017-10-19 18:26:49,392-logger.py]-INFO:--------
[2017-10-19 18:26:49,478-logger.py]-INFO:调用登录方法，获取结果：{"data":"登录成功","msg":"接口正常","code":"0000"}
[2017-10-19 18:26:49,497-logger.py]-INFO:编号：4，接口名称：站点运力列表，测试点：endTime传入为空，响应：{'data': {}, 'msg': '参数不能为空', 'code': '0025'}
[2017-10-19 18:26:49,503-logger.py]-INFO:pass
[2017-10-19 18:26:49,509-logger.py]-INFO:--------
[2017-10-19 18:26:49,598-logger.py]-INFO:调用登录方法，获取结果：{"data":"登录成功","msg":"接口正常","code":"0000"}
[2017-10-19 18:26:49,613-logger.py]-INFO:编号：5，接口名称：站点运力列表，测试点：siteId传入为空，响应：{'data': {}, 'msg': '参数不能为空', 'code': '0025'}
[2017-10-19 18:26:49,618-logger.py]-INFO:pass
[2017-10-19 18:26:49,623-logger.py]-INFO:--------
[2017-10-19 18:26:49,722-logger.py]-INFO:调用登录方法，获取结果：{"data":"登录成功","msg":"接口正常","code":"0000"}
[2017-10-19 18:26:49,766-logger.py]-INFO:编号：6，接口名称：站点运力总详情，测试点：请求参数正确，响应：{'data': [{'id': 8099, 'state': null, 'createTime': null, 'updateTime': null, 'createUid': null, 'updateUid': null, 'provinceId': null, 'provinceName': null, 'cityId': null, 'cityName': null, 'siteId': '107555619', 'siteName': '天通苑站', 'siteDate': '2017-09-18', 'workerNum': 10, 'siteEfficiency': 49.7, 'orderEfficiencyNum': 497, 'orderTotalNum': 497, 'orderCommonNum': 497, 'dxOrderNumOriginal': 0, 'dxOrderNumAdjust': 0, 'batchOrderNum': 0, 'tempOrderNum': 0, 'tempDeliveryNum': 0, 'status': 2}], 'msg': '接口正常', 'code': '0000'}
[2017-10-19 18:26:49,770-logger.py]-INFO:pass
[2017-10-19 18:26:49,774-logger.py]-INFO:--------
[2017-10-19 18:26:49,863-logger.py]-INFO:调用登录方法，获取结果：{"data":"登录成功","msg":"接口正常","code":"0000"}
[2017-10-19 18:26:49,882-logger.py]-INFO:编号：7，接口名称：站点运力总详情，测试点：请求参数传入为空，响应：{'data': {}, 'msg': '参数错误', 'code': '0002'}
[2017-10-19 18:26:49,885-logger.py]-INFO:pass
[2017-10-19 18:26:49,887-logger.py]-INFO:--------
[2017-10-19 18:26:50,005-logger.py]-INFO:调用登录方法，获取结果：{"data":"登录成功","msg":"接口正常","code":"0000"}
[2017-10-19 18:26:50,052-logger.py]-INFO:编号：8，接口名称：站长站点信息，测试点：请求参数正确，响应：{'data': null, 'msg': '接口正常', 'code': '0000'}
[2017-10-19 18:26:50,056-logger.py]-INFO:pass
[2017-10-19 18:26:50,059-logger.py]-INFO:--------
[2017-10-19 18:26:50,143-logger.py]-INFO:调用登录方法，获取结果：{"data":"登录成功","msg":"接口正常","code":"0000"}
[2017-10-19 18:26:50,160-logger.py]-INFO:编号：9，接口名称：站长站点信息，测试点：请求参数传入为空，响应：{'data': {}, 'msg': '参数不能为空', 'code': '0025'}
[2017-10-19 18:26:50,164-logger.py]-INFO:pass
[2017-10-19 18:26:50,168-logger.py]-INFO:--------
[2017-10-19 18:26:50,259-logger.py]-INFO:调用登录方法，获取结果：{"data":"登录成功","msg":"接口正常","code":"0000"}
[2017-10-19 18:26:50,337-logger.py]-INFO:编号：10，接口名称：获取站点运力数据，测试点：请求参数正确，响应：{'data': {'id': null, 'state': null, 'createTime': null, 'updateTime': null, 'createUid': null, 'updateUid': null, 'siteId': '336889', 'siteName': '黄浦站', 'siteDetailId': 2, 'siteDate': '2017-09-01', 'orderEfficiencyNum': 264, 'orderTotalNum': 274, 'orderCommonNum': 274, 'dxOrderNumOriginal': 0, 'dxOrderNumAdjust': 0, 'batchOrderNum': 10, 'tempOrderNum': 0, 'tempDeliveryNum': 0, 'workerNum': 8, 'siteEfficiency': 33.0, 'status': 1, 'startTime': null, 'endTime': null, 'statusStr': null, 'provinceId': null, 'cityId': null, 'keyWords': null, 'beginTime': null}, 'msg': '接口正常', 'code': '0000'}
[2017-10-19 18:26:50,344-logger.py]-INFO:pass
[2017-10-19 18:26:50,350-logger.py]-INFO:--------
[2017-10-19 18:26:50,435-logger.py]-INFO:调用登录方法，获取结果：{"data":"登录成功","msg":"接口正常","code":"0000"}
[2017-10-19 18:26:50,449-logger.py]-INFO:编号：11，接口名称：获取站点运力数据，测试点：siteDetailId传入为空，响应：{'data': {}, 'msg': '参数不能为空', 'code': '0025'}
[2017-10-19 18:26:50,451-logger.py]-INFO:pass
[2017-10-19 18:26:50,453-logger.py]-INFO:--------
[2017-10-19 18:26:50,528-logger.py]-INFO:调用登录方法，获取结果：{"data":"登录成功","msg":"接口正常","code":"0000"}
[2017-10-19 18:26:50,568-logger.py]-INFO:编号：12，接口名称：获取站点运力数据，测试点：siteDetailId不存在，响应：{'data': null, 'msg': '接口正常', 'code': '0000'}
[2017-10-19 18:26:50,571-logger.py]-INFO:pass
[2017-10-19 18:26:50,575-logger.py]-INFO:--------
[2017-10-19 18:26:50,596-logger.py]-INFO:总计13条用例，执行通过13条用例，失败1条用例
