[2017-10-23 17:36:04,750-logger.py]-INFO:调用登录方法，获取结果：{"data":"登录成功","msg":"接口正常","code":"0000"}
[2017-10-23 17:36:04,758-logger.py]-INFO:编号：1，接口名称：站点运力修改，测试点：请求参数正确，响应：{'data': {}, 'msg': '参数不能为空', 'code': '0025'}
[2017-10-23 17:36:04,759-logger.py]-INFO:fail
[2017-10-23 17:36:04,759-logger.py]-INFO:--------
[2017-10-23 17:36:04,808-logger.py]-INFO:调用登录方法，获取结果：{"data":"登录成功","msg":"接口正常","code":"0000"}
[2017-10-23 17:36:04,817-logger.py]-INFO:编号：2，接口名称：站点运力列表，测试点：请求参数正确，响应：{'data': {}, 'msg': '参数不能为空', 'code': '0025'}
[2017-10-23 17:36:04,818-logger.py]-INFO:fail
[2017-10-23 17:36:04,819-logger.py]-INFO:--------
[2017-10-23 17:36:04,869-logger.py]-INFO:调用登录方法，获取结果：{"data":"登录成功","msg":"接口正常","code":"0000"}
[2017-10-23 17:36:04,878-logger.py]-INFO:编号：3，接口名称：站点运力列表，测试点：beginTime传入为空，响应：{'data': {}, 'msg': '参数不能为空', 'code': '0025'}
[2017-10-23 17:36:04,879-logger.py]-INFO:fail
[2017-10-23 17:36:04,879-logger.py]-INFO:--------
[2017-10-23 17:36:04,921-logger.py]-INFO:调用登录方法，获取结果：{"data":"登录成功","msg":"接口正常","code":"0000"}
[2017-10-23 17:36:04,930-logger.py]-INFO:编号：4，接口名称：站点运力列表，测试点：endTime传入为空，响应：{'data': {}, 'msg': '参数不能为空', 'code': '0025'}
[2017-10-23 17:36:04,931-logger.py]-INFO:fail
[2017-10-23 17:36:04,932-logger.py]-INFO:--------
[2017-10-23 17:36:04,991-logger.py]-INFO:调用登录方法，获取结果：{"data":"登录成功","msg":"接口正常","code":"0000"}
[2017-10-23 17:36:05,001-logger.py]-INFO:编号：5，接口名称：站点运力列表，测试点：siteId传入为空，响应：{'data': {}, 'msg': '参数不能为空', 'code': '0025'}
[2017-10-23 17:36:05,002-logger.py]-INFO:fail
[2017-10-23 17:36:05,002-logger.py]-INFO:--------
[2017-10-23 17:36:05,059-logger.py]-INFO:调用登录方法，获取结果：{"data":"登录成功","msg":"接口正常","code":"0000"}
[2017-10-23 17:36:05,068-logger.py]-INFO:编号：6，接口名称：站点运力总详情，测试点：请求参数正确，响应：{'data': {}, 'msg': '参数错误', 'code': '0002'}
[2017-10-23 17:36:05,069-logger.py]-INFO:fail
[2017-10-23 17:36:05,069-logger.py]-INFO:--------
[2017-10-23 17:36:05,113-logger.py]-INFO:调用登录方法，获取结果：{"data":"登录成功","msg":"接口正常","code":"0000"}
[2017-10-23 17:36:05,121-logger.py]-INFO:编号：7，接口名称：站点运力总详情，测试点：请求参数传入为空，响应：{'data': {}, 'msg': '参数错误', 'code': '0002'}
[2017-10-23 17:36:05,122-logger.py]-INFO:fail
[2017-10-23 17:36:05,122-logger.py]-INFO:--------
[2017-10-23 17:36:05,168-logger.py]-INFO:调用登录方法，获取结果：{"data":"登录成功","msg":"接口正常","code":"0000"}
[2017-10-23 17:36:05,176-logger.py]-INFO:编号：8，接口名称：站长站点信息，测试点：请求参数正确，响应：{'data': {}, 'msg': '参数不能为空', 'code': '0025'}
[2017-10-23 17:36:05,177-logger.py]-INFO:fail
[2017-10-23 17:36:05,177-logger.py]-INFO:--------
[2017-10-23 17:36:05,218-logger.py]-INFO:调用登录方法，获取结果：{"data":"登录成功","msg":"接口正常","code":"0000"}
[2017-10-23 17:36:05,227-logger.py]-INFO:编号：9，接口名称：站长站点信息，测试点：请求参数传入为空，响应：{'data': {}, 'msg': '参数不能为空', 'code': '0025'}
[2017-10-23 17:36:05,228-logger.py]-INFO:fail
[2017-10-23 17:36:05,229-logger.py]-INFO:--------
[2017-10-23 17:36:05,279-logger.py]-INFO:调用登录方法，获取结果：{"data":"登录成功","msg":"接口正常","code":"0000"}
[2017-10-23 17:36:05,323-logger.py]-INFO:编号：10，接口名称：获取站点运力数据，测试点：请求参数正确，响应：{'data': null, 'msg': '接口正常', 'code': '0000'}
[2017-10-23 17:36:05,324-logger.py]-INFO:fail
[2017-10-23 17:36:05,324-logger.py]-INFO:--------
[2017-10-23 17:36:05,368-logger.py]-INFO:调用登录方法，获取结果：{"data":"登录成功","msg":"接口正常","code":"0000"}
[2017-10-23 17:36:05,376-logger.py]-INFO:编号：11，接口名称：获取站点运力数据，测试点：siteDetailId传入为空，响应：{'data': {}, 'msg': '参数不能为空', 'code': '0025'}
[2017-10-23 17:36:05,377-logger.py]-INFO:pass
[2017-10-23 17:36:05,378-logger.py]-INFO:--------
[2017-10-23 17:36:05,417-logger.py]-INFO:调用登录方法，获取结果：{"data":"登录成功","msg":"接口正常","code":"0000"}
[2017-10-23 17:36:05,451-logger.py]-INFO:编号：12，接口名称：获取站点运力数据，测试点：siteDetailId不存在，响应：{'data': null, 'msg': '接口正常', 'code': '0000'}
[2017-10-23 17:36:05,452-logger.py]-INFO:pass
[2017-10-23 17:36:05,453-logger.py]-INFO:--------
[2017-10-23 17:36:05,462-logger.py]-INFO:测试用例数：12  成功用例数：2  失败用例数：10
