[2017-10-19 11:29:38,299-logger.py]-INFO:调用登录方法，获取结果：{"data":"登录成功","msg":"接口正常","code":"0000"}
[2017-10-19 11:29:38,483-logger.py]-INFO:编号：1，接口名称：站点运力修改，测试点：请求参数正确，响应：{'data': [], 'msg': '接口正常', 'code': '0000'}
[2017-10-19 11:29:38,485-logger.py]-INFO:pass
[2017-10-19 11:29:38,487-logger.py]-INFO:--------
[2017-10-19 11:29:38,565-logger.py]-INFO:调用登录方法，获取结果：{"data":"登录成功","msg":"接口正常","code":"0000"}
[2017-10-19 11:29:38,601-logger.py]-INFO:编号：2，接口名称：站点运力列表，测试点：请求参数正确，响应：{'data': [], 'msg': '接口正常', 'code': '0000'}
[2017-10-19 11:29:38,602-logger.py]-INFO:pass
[2017-10-19 11:29:38,603-logger.py]-INFO:--------
[2017-10-19 11:29:38,654-logger.py]-INFO:调用登录方法，获取结果：{"data":"登录成功","msg":"接口正常","code":"0000"}
[2017-10-19 11:29:38,663-logger.py]-INFO:编号：3，接口名称：站点运力列表，测试点：beginTime传入为空，响应：{'data': {}, 'msg': '参数不能为空', 'code': '0025'}
[2017-10-19 11:29:38,664-logger.py]-INFO:pass
[2017-10-19 11:29:38,666-logger.py]-INFO:--------
[2017-10-19 11:29:38,716-logger.py]-INFO:调用登录方法，获取结果：{"data":"登录成功","msg":"接口正常","code":"0000"}
[2017-10-19 11:29:38,726-logger.py]-INFO:编号：4，接口名称：站点运力列表，测试点：endTime传入为空，响应：{'data': {}, 'msg': '参数不能为空', 'code': '0025'}
[2017-10-19 11:29:38,727-logger.py]-INFO:pass
[2017-10-19 11:29:38,728-logger.py]-INFO:--------
[2017-10-19 11:29:38,774-logger.py]-INFO:调用登录方法，获取结果：{"data":"登录成功","msg":"接口正常","code":"0000"}
[2017-10-19 11:29:38,784-logger.py]-INFO:编号：5，接口名称：站点运力列表，测试点：siteId传入为空，响应：{'data': {}, 'msg': '参数不能为空', 'code': '0025'}
[2017-10-19 11:29:38,785-logger.py]-INFO:pass
[2017-10-19 11:29:38,785-logger.py]-INFO:--------
[2017-10-19 11:29:38,848-logger.py]-INFO:调用登录方法，获取结果：{"data":"登录成功","msg":"接口正常","code":"0000"}
[2017-10-19 11:29:38,887-logger.py]-INFO:编号：6，接口名称：站点运力总详情，测试点：请求参数正确，响应：{'data': [{'id': 8099, 'state': null, 'createTime': null, 'updateTime': null, 'createUid': null, 'updateUid': null, 'provinceId': null, 'provinceName': null, 'cityId': null, 'cityName': null, 'siteId': '107555619', 'siteName': '天通苑站', 'siteDate': '2017-09-18', 'workerNum': 10, 'siteEfficiency': 49.7, 'orderEfficiencyNum': 497, 'orderTotalNum': 497, 'orderCommonNum': 497, 'dxOrderNumOriginal': 0, 'dxOrderNumAdjust': 0, 'batchOrderNum': 0, 'tempOrderNum': 0, 'tempDeliveryNum': 0, 'status': 2}], 'msg': '接口正常', 'code': '0000'}
[2017-10-19 11:29:38,889-logger.py]-INFO:false
[2017-10-19 11:29:38,891-logger.py]-INFO:--------
[2017-10-19 11:29:38,937-logger.py]-INFO:调用登录方法，获取结果：{"data":"登录成功","msg":"接口正常","code":"0000"}
[2017-10-19 11:29:38,946-logger.py]-INFO:编号：7，接口名称：站点运力总详情，测试点：请求参数传入为空，响应：{'data': {}, 'msg': '参数错误', 'code': '0002'}
[2017-10-19 11:29:38,946-logger.py]-INFO:pass
[2017-10-19 11:29:38,947-logger.py]-INFO:--------
[2017-10-19 11:29:38,997-logger.py]-INFO:调用登录方法，获取结果：{"data":"登录成功","msg":"接口正常","code":"0000"}
[2017-10-19 11:29:39,029-logger.py]-INFO:编号：8，接口名称：站长站点信息，测试点：请求参数正确，响应：{'data': null, 'msg': '接口正常', 'code': '0000'}
[2017-10-19 11:29:39,030-logger.py]-INFO:pass
[2017-10-19 11:29:39,030-logger.py]-INFO:--------
[2017-10-19 11:29:39,071-logger.py]-INFO:调用登录方法，获取结果：{"data":"登录成功","msg":"接口正常","code":"0000"}
[2017-10-19 11:29:39,079-logger.py]-INFO:编号：9，接口名称：站长站点信息，测试点：请求参数传入为空，响应：{'data': {}, 'msg': '参数不能为空', 'code': '0025'}
[2017-10-19 11:29:39,079-logger.py]-INFO:pass
[2017-10-19 11:29:39,080-logger.py]-INFO:--------
[2017-10-19 11:29:39,126-logger.py]-INFO:调用登录方法，获取结果：{"data":"登录成功","msg":"接口正常","code":"0000"}
[2017-10-19 11:29:39,166-logger.py]-INFO:编号：10，接口名称：获取站点运力数据，测试点：请求参数正确，响应：{'data': {'id': null, 'state': null, 'createTime': null, 'updateTime': null, 'createUid': null, 'updateUid': null, 'siteId': '336889', 'siteName': '黄浦站', 'siteDetailId': 2, 'siteDate': '2017-09-01', 'orderEfficiencyNum': 264, 'orderTotalNum': 274, 'orderCommonNum': 274, 'dxOrderNumOriginal': 0, 'dxOrderNumAdjust': 0, 'batchOrderNum': 10, 'tempOrderNum': 0, 'tempDeliveryNum': 0, 'workerNum': 8, 'siteEfficiency': 33.0, 'status': 1, 'startTime': null, 'endTime': null, 'statusStr': null, 'provinceId': null, 'cityId': null, 'keyWords': null, 'beginTime': null}, 'msg': '接口正常', 'code': '0000'}
[2017-10-19 11:29:39,167-logger.py]-INFO:false
[2017-10-19 11:29:39,169-logger.py]-INFO:--------
[2017-10-19 11:29:39,213-logger.py]-INFO:调用登录方法，获取结果：{"data":"登录成功","msg":"接口正常","code":"0000"}
[2017-10-19 11:29:39,221-logger.py]-INFO:编号：11，接口名称：获取站点运力数据，测试点：siteDetailId传入为空，响应：{'data': {}, 'msg': '参数不能为空', 'code': '0025'}
[2017-10-19 11:29:39,222-logger.py]-INFO:pass
[2017-10-19 11:29:39,223-logger.py]-INFO:--------
[2017-10-19 11:29:39,266-logger.py]-INFO:调用登录方法，获取结果：{"data":"登录成功","msg":"接口正常","code":"0000"}
[2017-10-19 11:29:39,301-logger.py]-INFO:编号：12，接口名称：获取站点运力数据，测试点：siteDetailId不存在，响应：{'data': null, 'msg': '接口正常', 'code': '0000'}
[2017-10-19 11:29:39,303-logger.py]-INFO:pass
[2017-10-19 11:29:39,304-logger.py]-INFO:--------
[2017-10-19 11:29:39,326-logger.py]-INFO:总计13条用例
