[2017-10-27 11:21:03,137-logger.py]-INFO:调用登录方法，获取结果：{"data":"登录成功","msg":"接口正常","code":"0000"}
[2017-10-27 11:21:03,165-logger.py]-INFO:编号：1，接口名称：站点运力修改，测试点：请求参数正确，响应：{'data': [{'id': 0, 'state': null, 'createTime': null, 'updateTime': null, 'createUid': null, 'updateUid': null, 'deliveryName': '6', 'errMsg': 'id为6数据不存在，请联系系统管理员'}], 'msg': '接口正常', 'code': '0000'}
[2017-10-27 11:21:03,168-logger.py]-INFO:fail
[2017-10-27 11:21:03,170-logger.py]-INFO:--------
[2017-10-27 11:21:03,238-logger.py]-INFO:调用登录方法，获取结果：{"data":"登录成功","msg":"接口正常","code":"0000"}
[2017-10-27 11:21:03,265-logger.py]-INFO:编号：2，接口名称：站点运力列表，测试点：请求参数正确，响应：{'data': [], 'msg': '接口正常', 'code': '0000'}
[2017-10-27 11:21:03,268-logger.py]-INFO:pass
[2017-10-27 11:21:03,271-logger.py]-INFO:--------
[2017-10-27 11:21:03,345-logger.py]-INFO:调用登录方法，获取结果：{"data":"登录成功","msg":"接口正常","code":"0000"}
[2017-10-27 11:21:03,361-logger.py]-INFO:编号：3，接口名称：站点运力列表，测试点：beginTime传入为空，响应：{'data': {}, 'msg': '参数不能为空', 'code': '0025'}
[2017-10-27 11:21:03,364-logger.py]-INFO:pass
[2017-10-27 11:21:03,367-logger.py]-INFO:--------
[2017-10-27 11:21:03,428-logger.py]-INFO:调用登录方法，获取结果：{"data":"登录成功","msg":"接口正常","code":"0000"}
[2017-10-27 11:21:03,440-logger.py]-INFO:编号：4，接口名称：站点运力列表，测试点：endTime传入为空，响应：{'data': {}, 'msg': '参数不能为空', 'code': '0025'}
[2017-10-27 11:21:03,443-logger.py]-INFO:pass
[2017-10-27 11:21:03,445-logger.py]-INFO:--------
[2017-10-27 11:21:03,500-logger.py]-INFO:调用登录方法，获取结果：{"data":"登录成功","msg":"接口正常","code":"0000"}
[2017-10-27 11:21:03,511-logger.py]-INFO:编号：5，接口名称：站点运力列表，测试点：siteId传入为空，响应：{'data': {}, 'msg': '参数不能为空', 'code': '0025'}
[2017-10-27 11:21:03,513-logger.py]-INFO:pass
[2017-10-27 11:21:03,516-logger.py]-INFO:--------
[2017-10-27 11:21:03,578-logger.py]-INFO:调用登录方法，获取结果：{"data":"登录成功","msg":"接口正常","code":"0000"}
[2017-10-27 11:21:03,610-logger.py]-INFO:编号：6，接口名称：站点运力总详情，测试点：请求参数正确，响应：{'data': [{'id': 33569, 'state': null, 'createTime': null, 'updateTime': null, 'createUid': null, 'updateUid': null, 'provinceId': null, 'provinceName': null, 'cityId': null, 'cityName': null, 'siteId': '107555619', 'siteName': '天通苑站', 'siteDate': '2017-09-18', 'workerNum': 10, 'siteEfficiency': 49.7, 'orderEfficiencyNum': 497, 'orderTotalNum': 497, 'orderCommonNum': 497, 'dxOrderNumOriginal': 0, 'dxOrderNumAdjust': 0, 'batchOrderNum': 0, 'tempOrderNum': 0, 'tempDeliveryNum': 0, 'status': 2}], 'msg': '接口正常', 'code': '0000'}
[2017-10-27 11:21:03,612-logger.py]-INFO:pass
[2017-10-27 11:21:03,614-logger.py]-INFO:--------
[2017-10-27 11:21:03,666-logger.py]-INFO:调用登录方法，获取结果：{"data":"登录成功","msg":"接口正常","code":"0000"}
[2017-10-27 11:21:03,678-logger.py]-INFO:编号：7，接口名称：站点运力总详情，测试点：请求参数都为空，响应：{'data': {}, 'msg': '参数错误', 'code': '0002'}
[2017-10-27 11:21:03,680-logger.py]-INFO:pass
[2017-10-27 11:21:03,682-logger.py]-INFO:--------
[2017-10-27 11:21:03,744-logger.py]-INFO:调用登录方法，获取结果：{"data":"登录成功","msg":"接口正常","code":"0000"}
[2017-10-27 11:21:03,765-logger.py]-INFO:编号：8，接口名称：站长站点信息，测试点：请求参数正确，响应：{'data': null, 'msg': '接口正常', 'code': '0000'}
[2017-10-27 11:21:03,769-logger.py]-INFO:pass
[2017-10-27 11:21:03,772-logger.py]-INFO:--------
[2017-10-27 11:21:03,829-logger.py]-INFO:调用登录方法，获取结果：{"data":"登录成功","msg":"接口正常","code":"0000"}
[2017-10-27 11:21:03,830-logger.py]-INFO:编号：9，接口名称：站长站点信息，测试点：请求参数传入为空，响应：{'data': {}, 'msg': '参数不能为空', 'code': '0025'}
[2017-10-27 11:21:03,830-logger.py]-INFO:pass
[2017-10-27 11:21:03,830-logger.py]-INFO:--------
[2017-10-27 11:21:03,904-logger.py]-INFO:调用登录方法，获取结果：{"data":"登录成功","msg":"接口正常","code":"0000"}
[2017-10-27 11:21:03,922-logger.py]-INFO:编号：10，接口名称：获取站点运力数据，测试点：请求参数正确，响应：{'data': null, 'msg': '接口正常', 'code': '0000'}
[2017-10-27 11:21:03,924-logger.py]-INFO:pass
[2017-10-27 11:21:03,926-logger.py]-INFO:--------
[2017-10-27 11:21:03,977-logger.py]-INFO:调用登录方法，获取结果：{"data":"登录成功","msg":"接口正常","code":"0000"}
[2017-10-27 11:21:03,991-logger.py]-INFO:编号：11，接口名称：获取站点运力数据，测试点：siteDetailId传入为空，响应：{'data': {}, 'msg': '参数不能为空', 'code': '0025'}
[2017-10-27 11:21:03,995-logger.py]-INFO:pass
[2017-10-27 11:21:03,999-logger.py]-INFO:--------
[2017-10-27 11:21:04,056-logger.py]-INFO:调用登录方法，获取结果：{"data":"登录成功","msg":"接口正常","code":"0000"}
[2017-10-27 11:21:04,075-logger.py]-INFO:编号：12，接口名称：获取站点运力数据，测试点：siteDetailId不存在，响应：{'data': null, 'msg': '接口正常', 'code': '0000'}
[2017-10-27 11:21:04,078-logger.py]-INFO:pass
[2017-10-27 11:21:04,080-logger.py]-INFO:--------
[2017-10-27 11:21:04,091-logger.py]-INFO:测试用例数：12  成功用例数：11  失败用例数：1  开始时间：2017-10-27 11:21:03  运行时长：0:00:01.015256
