[2017-10-24 15:56:23,219-logger.py]-INFO:调用登录方法，获取结果：{"data":"登录成功","msg":"接口正常","code":"0000"}
[2017-10-24 15:56:23,267-logger.py]-INFO:编号：1，接口名称：站点运力修改，测试点：请求参数正确，响应：{'data': [{'id': 0, 'state': null, 'createTime': null, 'updateTime': null, 'createUid': null, 'updateUid': null, 'deliveryName': '6', 'errMsg': 'id为6数据不存在，请联系系统管理员'}], 'msg': '接口正常', 'code': '0000'}
[2017-10-24 15:56:23,270-logger.py]-INFO:fail
[2017-10-24 15:56:23,274-logger.py]-INFO:--------
[2017-10-24 15:56:23,338-logger.py]-INFO:调用登录方法，获取结果：{"data":"登录成功","msg":"接口正常","code":"0000"}
[2017-10-24 15:56:23,374-logger.py]-INFO:编号：2，接口名称：站点运力列表，测试点：请求参数正确，响应：{'data': [], 'msg': '接口正常', 'code': '0000'}
[2017-10-24 15:56:23,376-logger.py]-INFO:pass
[2017-10-24 15:56:23,378-logger.py]-INFO:--------
[2017-10-24 15:56:23,419-logger.py]-INFO:调用登录方法，获取结果：{"data":"登录成功","msg":"接口正常","code":"0000"}
[2017-10-24 15:56:23,429-logger.py]-INFO:编号：3，接口名称：站点运力列表，测试点：beginTime传入为空，响应：{'data': {}, 'msg': '参数不能为空', 'code': '0025'}
[2017-10-24 15:56:23,432-logger.py]-INFO:pass
[2017-10-24 15:56:23,434-logger.py]-INFO:--------
[2017-10-24 15:56:23,475-logger.py]-INFO:调用登录方法，获取结果：{"data":"登录成功","msg":"接口正常","code":"0000"}
[2017-10-24 15:56:23,484-logger.py]-INFO:编号：4，接口名称：站点运力列表，测试点：endTime传入为空，响应：{'data': {}, 'msg': '参数不能为空', 'code': '0025'}
[2017-10-24 15:56:23,486-logger.py]-INFO:pass
[2017-10-24 15:56:23,487-logger.py]-INFO:--------
[2017-10-24 15:56:23,524-logger.py]-INFO:调用登录方法，获取结果：{"data":"登录成功","msg":"接口正常","code":"0000"}
[2017-10-24 15:56:23,534-logger.py]-INFO:编号：5，接口名称：站点运力列表，测试点：siteId传入为空，响应：{'data': {}, 'msg': '参数不能为空', 'code': '0025'}
[2017-10-24 15:56:23,536-logger.py]-INFO:pass
[2017-10-24 15:56:23,537-logger.py]-INFO:--------
[2017-10-24 15:56:23,583-logger.py]-INFO:调用登录方法，获取结果：{"data":"登录成功","msg":"接口正常","code":"0000"}
[2017-10-24 15:56:23,827-logger.py]-INFO:编号：6，接口名称：站点运力总详情，测试点：请求参数正确，响应：{'data': [{'id': 33569, 'state': null, 'createTime': null, 'updateTime': null, 'createUid': null, 'updateUid': null, 'provinceId': null, 'provinceName': null, 'cityId': null, 'cityName': null, 'siteId': '107555619', 'siteName': '天通苑站', 'siteDate': '2017-09-18', 'workerNum': 10, 'siteEfficiency': 49.7, 'orderEfficiencyNum': 497, 'orderTotalNum': 497, 'orderCommonNum': 497, 'dxOrderNumOriginal': 0, 'dxOrderNumAdjust': 0, 'batchOrderNum': 0, 'tempOrderNum': 0, 'tempDeliveryNum': 0, 'status': 2}], 'msg': '接口正常', 'code': '0000'}
[2017-10-24 15:56:23,834-logger.py]-INFO:pass
[2017-10-24 15:56:23,840-logger.py]-INFO:--------
[2017-10-24 15:56:23,895-logger.py]-INFO:调用登录方法，获取结果：{"data":"登录成功","msg":"接口正常","code":"0000"}
[2017-10-24 15:56:23,909-logger.py]-INFO:编号：7，接口名称：站点运力总详情，测试点：请求参数都为空，响应：{'data': {}, 'msg': '参数错误', 'code': '0002'}
[2017-10-24 15:56:23,913-logger.py]-INFO:pass
[2017-10-24 15:56:23,917-logger.py]-INFO:--------
[2017-10-24 15:56:23,989-logger.py]-INFO:调用登录方法，获取结果：{"data":"登录成功","msg":"接口正常","code":"0000"}
[2017-10-24 15:56:24,031-logger.py]-INFO:编号：8，接口名称：站长站点信息，测试点：请求参数正确，响应：{'data': null, 'msg': '接口正常', 'code': '0000'}
[2017-10-24 15:56:24,038-logger.py]-INFO:pass
[2017-10-24 15:56:24,045-logger.py]-INFO:--------
[2017-10-24 15:56:24,091-logger.py]-INFO:调用登录方法，获取结果：{"data":"登录成功","msg":"接口正常","code":"0000"}
[2017-10-24 15:56:24,101-logger.py]-INFO:编号：9，接口名称：站长站点信息，测试点：请求参数传入为空，响应：{'data': {}, 'msg': '参数不能为空', 'code': '0025'}
[2017-10-24 15:56:24,103-logger.py]-INFO:pass
[2017-10-24 15:56:24,104-logger.py]-INFO:--------
[2017-10-24 15:56:24,152-logger.py]-INFO:调用登录方法，获取结果：{"data":"登录成功","msg":"接口正常","code":"0000"}
[2017-10-24 15:56:24,189-logger.py]-INFO:编号：10，接口名称：获取站点运力数据，测试点：请求参数正确，响应：{'data': null, 'msg': '接口正常', 'code': '0000'}
[2017-10-24 15:56:24,194-logger.py]-INFO:pass
[2017-10-24 15:56:24,198-logger.py]-INFO:--------
[2017-10-24 15:56:24,241-logger.py]-INFO:调用登录方法，获取结果：{"data":"登录成功","msg":"接口正常","code":"0000"}
[2017-10-24 15:56:24,251-logger.py]-INFO:编号：11，接口名称：获取站点运力数据，测试点：siteDetailId传入为空，响应：{'data': {}, 'msg': '参数不能为空', 'code': '0025'}
[2017-10-24 15:56:24,254-logger.py]-INFO:pass
[2017-10-24 15:56:24,255-logger.py]-INFO:--------
[2017-10-24 15:56:24,297-logger.py]-INFO:调用登录方法，获取结果：{"data":"登录成功","msg":"接口正常","code":"0000"}
[2017-10-24 15:56:24,330-logger.py]-INFO:编号：12，接口名称：获取站点运力数据，测试点：siteDetailId不存在，响应：{'data': null, 'msg': '接口正常', 'code': '0000'}
[2017-10-24 15:56:24,332-logger.py]-INFO:pass
[2017-10-24 15:56:24,333-logger.py]-INFO:--------
[2017-10-24 15:56:24,344-logger.py]-INFO:测试用例数：12  成功用例数：11  失败用例数：1  执行时间：1秒
