[2017-10-27 11:25:30,605-logger.py]-INFO:调用登录方法，获取结果：{"data":"登录成功","msg":"接口正常","code":"0000"}
[2017-10-27 11:25:30,637-logger.py]-INFO:编号：1，接口名称：站点运力修改，测试点：请求参数正确，响应：{'data': [{'id': 0, 'state': null, 'createTime': null, 'updateTime': null, 'createUid': null, 'updateUid': null, 'deliveryName': '6', 'errMsg': 'id为6数据不存在，请联系系统管理员'}], 'msg': '接口正常', 'code': '0000'}
[2017-10-27 11:25:30,640-logger.py]-INFO:fail
[2017-10-27 11:25:30,644-logger.py]-INFO:--------
[2017-10-27 11:25:30,718-logger.py]-INFO:调用登录方法，获取结果：{"data":"登录成功","msg":"接口正常","code":"0000"}
[2017-10-27 11:25:30,743-logger.py]-INFO:编号：2，接口名称：站点运力列表，测试点：请求参数正确，响应：{'data': [], 'msg': '接口正常', 'code': '0000'}
[2017-10-27 11:25:30,747-logger.py]-INFO:pass
[2017-10-27 11:25:30,750-logger.py]-INFO:--------
[2017-10-27 11:25:30,809-logger.py]-INFO:调用登录方法，获取结果：{"data":"登录成功","msg":"接口正常","code":"0000"}
[2017-10-27 11:25:30,820-logger.py]-INFO:编号：3，接口名称：站点运力列表，测试点：beginTime传入为空，响应：{'data': {}, 'msg': '参数不能为空', 'code': '0025'}
[2017-10-27 11:25:30,822-logger.py]-INFO:pass
[2017-10-27 11:25:30,824-logger.py]-INFO:--------
[2017-10-27 11:25:30,875-logger.py]-INFO:调用登录方法，获取结果：{"data":"登录成功","msg":"接口正常","code":"0000"}
[2017-10-27 11:25:30,885-logger.py]-INFO:编号：4，接口名称：站点运力列表，测试点：endTime传入为空，响应：{'data': {}, 'msg': '参数不能为空', 'code': '0025'}
[2017-10-27 11:25:30,887-logger.py]-INFO:pass
[2017-10-27 11:25:30,889-logger.py]-INFO:--------
[2017-10-27 11:25:30,943-logger.py]-INFO:调用登录方法，获取结果：{"data":"登录成功","msg":"接口正常","code":"0000"}
[2017-10-27 11:25:30,954-logger.py]-INFO:编号：5，接口名称：站点运力列表，测试点：siteId传入为空，响应：{'data': {}, 'msg': '参数不能为空', 'code': '0025'}
[2017-10-27 11:25:30,957-logger.py]-INFO:pass
[2017-10-27 11:25:30,960-logger.py]-INFO:--------
[2017-10-27 11:25:31,017-logger.py]-INFO:调用登录方法，获取结果：{"data":"登录成功","msg":"接口正常","code":"0000"}
[2017-10-27 11:25:31,046-logger.py]-INFO:编号：6，接口名称：站点运力总详情，测试点：请求参数正确，响应：{'data': [{'id': 33569, 'state': null, 'createTime': null, 'updateTime': null, 'createUid': null, 'updateUid': null, 'provinceId': null, 'provinceName': null, 'cityId': null, 'cityName': null, 'siteId': '107555619', 'siteName': '天通苑站', 'siteDate': '2017-09-18', 'workerNum': 10, 'siteEfficiency': 49.7, 'orderEfficiencyNum': 497, 'orderTotalNum': 497, 'orderCommonNum': 497, 'dxOrderNumOriginal': 0, 'dxOrderNumAdjust': 0, 'batchOrderNum': 0, 'tempOrderNum': 0, 'tempDeliveryNum': 0, 'status': 2}], 'msg': '接口正常', 'code': '0000'}
[2017-10-27 11:25:31,049-logger.py]-INFO:pass
[2017-10-27 11:25:31,051-logger.py]-INFO:--------
[2017-10-27 11:25:31,106-logger.py]-INFO:调用登录方法，获取结果：{"data":"登录成功","msg":"接口正常","code":"0000"}
[2017-10-27 11:25:31,317-logger.py]-INFO:编号：7，接口名称：站点运力总详情，测试点：请求参数都为空，响应：{'data': {}, 'msg': '参数错误', 'code': '0002'}
[2017-10-27 11:25:31,323-logger.py]-INFO:pass
[2017-10-27 11:25:31,328-logger.py]-INFO:--------
[2017-10-27 11:25:31,394-logger.py]-INFO:调用登录方法，获取结果：{"data":"登录成功","msg":"接口正常","code":"0000"}
[2017-10-27 11:25:31,497-logger.py]-INFO:编号：8，接口名称：站长站点信息，测试点：请求参数正确，响应：{'data': null, 'msg': '接口正常', 'code': '0000'}
[2017-10-27 11:25:31,501-logger.py]-INFO:pass
[2017-10-27 11:25:31,506-logger.py]-INFO:--------
[2017-10-27 11:25:31,571-logger.py]-INFO:调用登录方法，获取结果：{"data":"登录成功","msg":"接口正常","code":"0000"}
[2017-10-27 11:25:31,582-logger.py]-INFO:编号：9，接口名称：站长站点信息，测试点：请求参数传入为空，响应：{'data': {}, 'msg': '参数不能为空', 'code': '0025'}
[2017-10-27 11:25:31,585-logger.py]-INFO:pass
[2017-10-27 11:25:31,588-logger.py]-INFO:--------
[2017-10-27 11:25:31,647-logger.py]-INFO:调用登录方法，获取结果：{"data":"登录成功","msg":"接口正常","code":"0000"}
[2017-10-27 11:25:31,677-logger.py]-INFO:编号：10，接口名称：获取站点运力数据，测试点：请求参数正确，响应：{'data': null, 'msg': '接口正常', 'code': '0000'}
[2017-10-27 11:25:31,680-logger.py]-INFO:pass
[2017-10-27 11:25:31,682-logger.py]-INFO:--------
[2017-10-27 11:25:31,729-logger.py]-INFO:调用登录方法，获取结果：{"data":"登录成功","msg":"接口正常","code":"0000"}
[2017-10-27 11:25:31,743-logger.py]-INFO:编号：11，接口名称：获取站点运力数据，测试点：siteDetailId传入为空，响应：{'data': {}, 'msg': '参数不能为空', 'code': '0025'}
[2017-10-27 11:25:31,748-logger.py]-INFO:pass
[2017-10-27 11:25:31,752-logger.py]-INFO:--------
[2017-10-27 11:25:31,807-logger.py]-INFO:调用登录方法，获取结果：{"data":"登录成功","msg":"接口正常","code":"0000"}
[2017-10-27 11:25:31,826-logger.py]-INFO:编号：12，接口名称：获取站点运力数据，测试点：siteDetailId不存在，响应：{'data': null, 'msg': '接口正常', 'code': '0000'}
[2017-10-27 11:25:31,829-logger.py]-INFO:pass
[2017-10-27 11:25:31,832-logger.py]-INFO:--------
[2017-10-27 11:25:31,848-logger.py]-INFO:测试用例数：12  成功用例数：11  失败用例数：1  开始时间：2017-10-27 11:25:30  运行时长：0:00:01.304075
