[2017-10-20 16:37:12,947-logger.py]-INFO:调用登录方法，获取结果：{"data":"登录成功","msg":"接口正常","code":"0000"}
[2017-10-20 16:37:13,007-logger.py]-INFO:编号：1，接口名称：站点运力修改，测试点：请求参数正确，响应：{'data': [{'id': 0, 'state': null, 'createTime': null, 'updateTime': null, 'createUid': null, 'updateUid': null, 'deliveryName': '6', 'errMsg': 'id为6数据不存在，请联系系统管理员'}], 'msg': '接口正常', 'code': '0000'}
[2017-10-20 16:37:13,013-logger.py]-INFO:fail
[2017-10-20 16:37:13,019-logger.py]-INFO:--------
[2017-10-20 16:37:13,101-logger.py]-INFO:调用登录方法，获取结果：{"data":"登录成功","msg":"接口正常","code":"0000"}
[2017-10-20 16:37:13,140-logger.py]-INFO:编号：2，接口名称：站点运力列表，测试点：请求参数正确，响应：{'data': [], 'msg': '接口正常', 'code': '0000'}
[2017-10-20 16:37:13,143-logger.py]-INFO:pass
[2017-10-20 16:37:13,148-logger.py]-INFO:--------
[2017-10-20 16:37:13,207-logger.py]-INFO:调用登录方法，获取结果：{"data":"登录成功","msg":"接口正常","code":"0000"}
[2017-10-20 16:37:13,227-logger.py]-INFO:编号：3，接口名称：站点运力列表，测试点：beginTime传入为空，响应：{'data': {}, 'msg': '参数不能为空', 'code': '0025'}
[2017-10-20 16:37:13,234-logger.py]-INFO:pass
[2017-10-20 16:37:13,239-logger.py]-INFO:--------
[2017-10-20 16:37:13,299-logger.py]-INFO:调用登录方法，获取结果：{"data":"登录成功","msg":"接口正常","code":"0000"}
[2017-10-20 16:37:13,309-logger.py]-INFO:编号：4，接口名称：站点运力列表，测试点：endTime传入为空，响应：{'data': {}, 'msg': '参数不能为空', 'code': '0025'}
[2017-10-20 16:37:13,312-logger.py]-INFO:pass
[2017-10-20 16:37:13,314-logger.py]-INFO:--------
[2017-10-20 16:37:13,362-logger.py]-INFO:调用登录方法，获取结果：{"data":"登录成功","msg":"接口正常","code":"0000"}
[2017-10-20 16:37:13,374-logger.py]-INFO:编号：5，接口名称：站点运力列表，测试点：siteId传入为空，响应：{'data': {}, 'msg': '参数不能为空', 'code': '0025'}
[2017-10-20 16:37:13,376-logger.py]-INFO:pass
[2017-10-20 16:37:13,378-logger.py]-INFO:--------
[2017-10-20 16:37:13,436-logger.py]-INFO:调用登录方法，获取结果：{"data":"登录成功","msg":"接口正常","code":"0000"}
[2017-10-20 16:37:13,473-logger.py]-INFO:编号：6，接口名称：站点运力总详情，测试点：请求参数正确，响应：{'data': {}, 'msg': '未查询到数据', 'code': '0026'}
[2017-10-20 16:37:13,475-logger.py]-INFO:fail
[2017-10-20 16:37:13,477-logger.py]-INFO:--------
[2017-10-20 16:37:13,526-logger.py]-INFO:调用登录方法，获取结果：{"data":"登录成功","msg":"接口正常","code":"0000"}
[2017-10-20 16:37:13,536-logger.py]-INFO:编号：7，接口名称：站点运力总详情，测试点：请求参数传入为空，响应：{'data': {}, 'msg': '参数错误', 'code': '0002'}
[2017-10-20 16:37:13,538-logger.py]-INFO:pass
[2017-10-20 16:37:13,539-logger.py]-INFO:--------
[2017-10-20 16:37:13,596-logger.py]-INFO:调用登录方法，获取结果：{"data":"登录成功","msg":"接口正常","code":"0000"}
[2017-10-20 16:37:13,635-logger.py]-INFO:编号：8，接口名称：站长站点信息，测试点：请求参数正确，响应：{'data': null, 'msg': '接口正常', 'code': '0000'}
[2017-10-20 16:37:13,643-logger.py]-INFO:pass
[2017-10-20 16:37:13,651-logger.py]-INFO:--------
[2017-10-20 16:37:13,712-logger.py]-INFO:调用登录方法，获取结果：{"data":"登录成功","msg":"接口正常","code":"0000"}
[2017-10-20 16:37:13,724-logger.py]-INFO:编号：9，接口名称：站长站点信息，测试点：请求参数传入为空，响应：{'data': {}, 'msg': '参数不能为空', 'code': '0025'}
[2017-10-20 16:37:13,727-logger.py]-INFO:pass
[2017-10-20 16:37:13,729-logger.py]-INFO:--------
[2017-10-20 16:37:13,793-logger.py]-INFO:调用登录方法，获取结果：{"data":"登录成功","msg":"接口正常","code":"0000"}
[2017-10-20 16:37:13,830-logger.py]-INFO:编号：10，接口名称：获取站点运力数据，测试点：请求参数正确，响应：{'data': null, 'msg': '接口正常', 'code': '0000'}
[2017-10-20 16:37:13,832-logger.py]-INFO:fail
[2017-10-20 16:37:13,834-logger.py]-INFO:--------
[2017-10-20 16:37:13,886-logger.py]-INFO:调用登录方法，获取结果：{"data":"登录成功","msg":"接口正常","code":"0000"}
[2017-10-20 16:37:13,897-logger.py]-INFO:编号：11，接口名称：获取站点运力数据，测试点：siteDetailId传入为空，响应：{'data': {}, 'msg': '参数不能为空', 'code': '0025'}
[2017-10-20 16:37:13,900-logger.py]-INFO:pass
[2017-10-20 16:37:13,902-logger.py]-INFO:--------
[2017-10-20 16:37:13,952-logger.py]-INFO:调用登录方法，获取结果：{"data":"登录成功","msg":"接口正常","code":"0000"}
[2017-10-20 16:37:13,990-logger.py]-INFO:编号：12，接口名称：获取站点运力数据，测试点：siteDetailId不存在，响应：{'data': null, 'msg': '接口正常', 'code': '0000'}
[2017-10-20 16:37:13,997-logger.py]-INFO:pass
[2017-10-20 16:37:14,004-logger.py]-INFO:--------
[2017-10-20 16:37:14,025-logger.py]-INFO:测试用例数：12  成功用例数：9 失败用例数：3
