[2017-10-19 18:29:38,775-logger.py]-INFO:调用登录方法，获取结果：{"data":"登录成功","msg":"接口正常","code":"0000"}
[2017-10-19 18:29:38,944-logger.py]-INFO:编号：0，接口名称：站点运力修改，测试点：请求参数正确，响应：{'data': [], 'msg': '接口正常', 'code': '0000'}
[2017-10-19 18:29:38,951-logger.py]-INFO:pass
[2017-10-19 18:29:38,957-logger.py]-INFO:--------
[2017-10-19 18:29:39,039-logger.py]-INFO:调用登录方法，获取结果：{"data":"登录成功","msg":"接口正常","code":"0000"}
[2017-10-19 18:29:39,078-logger.py]-INFO:编号：1，接口名称：站点运力列表，测试点：请求参数正确，响应：{'data': [], 'msg': '接口正常', 'code': '0000'}
[2017-10-19 18:29:39,087-logger.py]-INFO:pass
[2017-10-19 18:29:39,093-logger.py]-INFO:--------
[2017-10-19 18:29:39,167-logger.py]-INFO:调用登录方法，获取结果：{"data":"登录成功","msg":"接口正常","code":"0000"}
[2017-10-19 18:29:39,178-logger.py]-INFO:编号：2，接口名称：站点运力列表，测试点：beginTime传入为空，响应：{'data': {}, 'msg': '参数不能为空', 'code': '0025'}
[2017-10-19 18:29:39,180-logger.py]-INFO:pass
[2017-10-19 18:29:39,182-logger.py]-INFO:--------
[2017-10-19 18:29:39,245-logger.py]-INFO:调用登录方法，获取结果：{"data":"登录成功","msg":"接口正常","code":"0000"}
[2017-10-19 18:29:39,261-logger.py]-INFO:编号：3，接口名称：站点运力列表，测试点：endTime传入为空，响应：{'data': {}, 'msg': '参数不能为空', 'code': '0025'}
[2017-10-19 18:29:39,263-logger.py]-INFO:pass
[2017-10-19 18:29:39,265-logger.py]-INFO:--------
[2017-10-19 18:29:39,330-logger.py]-INFO:调用登录方法，获取结果：{"data":"登录成功","msg":"接口正常","code":"0000"}
[2017-10-19 18:29:39,347-logger.py]-INFO:编号：4，接口名称：站点运力列表，测试点：siteId传入为空，响应：{'data': {}, 'msg': '参数不能为空', 'code': '0025'}
[2017-10-19 18:29:39,351-logger.py]-INFO:pass
[2017-10-19 18:29:39,354-logger.py]-INFO:--------
[2017-10-19 18:29:39,432-logger.py]-INFO:调用登录方法，获取结果：{"data":"登录成功","msg":"接口正常","code":"0000"}
[2017-10-19 18:29:39,474-logger.py]-INFO:编号：5，接口名称：站点运力总详情，测试点：请求参数正确，响应：{'data': [{'id': 8099, 'state': null, 'createTime': null, 'updateTime': null, 'createUid': null, 'updateUid': null, 'provinceId': null, 'provinceName': null, 'cityId': null, 'cityName': null, 'siteId': '107555619', 'siteName': '天通苑站', 'siteDate': '2017-09-18', 'workerNum': 10, 'siteEfficiency': 49.7, 'orderEfficiencyNum': 497, 'orderTotalNum': 497, 'orderCommonNum': 497, 'dxOrderNumOriginal': 0, 'dxOrderNumAdjust': 0, 'batchOrderNum': 0, 'tempOrderNum': 0, 'tempDeliveryNum': 0, 'status': 2}], 'msg': '接口正常', 'code': '0000'}
[2017-10-19 18:29:39,477-logger.py]-INFO:pass
[2017-10-19 18:29:39,480-logger.py]-INFO:--------
[2017-10-19 18:29:39,565-logger.py]-INFO:调用登录方法，获取结果：{"data":"登录成功","msg":"接口正常","code":"0000"}
[2017-10-19 18:29:39,581-logger.py]-INFO:编号：6，接口名称：站点运力总详情，测试点：请求参数传入为空，响应：{'data': {}, 'msg': '参数错误', 'code': '0002'}
[2017-10-19 18:29:39,586-logger.py]-INFO:pass
[2017-10-19 18:29:39,590-logger.py]-INFO:--------
[2017-10-19 18:29:39,662-logger.py]-INFO:调用登录方法，获取结果：{"data":"登录成功","msg":"接口正常","code":"0000"}
[2017-10-19 18:29:39,698-logger.py]-INFO:编号：7，接口名称：站长站点信息，测试点：请求参数正确，响应：{'data': null, 'msg': '接口正常', 'code': '0000'}
[2017-10-19 18:29:39,704-logger.py]-INFO:pass
[2017-10-19 18:29:39,709-logger.py]-INFO:--------
[2017-10-19 18:29:39,777-logger.py]-INFO:调用登录方法，获取结果：{"data":"登录成功","msg":"接口正常","code":"0000"}
[2017-10-19 18:29:39,789-logger.py]-INFO:编号：8，接口名称：站长站点信息，测试点：请求参数传入为空，响应：{'data': {}, 'msg': '参数不能为空', 'code': '0025'}
[2017-10-19 18:29:39,792-logger.py]-INFO:pass
[2017-10-19 18:29:39,795-logger.py]-INFO:--------
[2017-10-19 18:29:39,869-logger.py]-INFO:调用登录方法，获取结果：{"data":"登录成功","msg":"接口正常","code":"0000"}
[2017-10-19 18:29:39,912-logger.py]-INFO:编号：9，接口名称：获取站点运力数据，测试点：请求参数正确，响应：{'data': {'id': null, 'state': null, 'createTime': null, 'updateTime': null, 'createUid': null, 'updateUid': null, 'siteId': '336889', 'siteName': '黄浦站', 'siteDetailId': 2, 'siteDate': '2017-09-01', 'orderEfficiencyNum': 264, 'orderTotalNum': 274, 'orderCommonNum': 274, 'dxOrderNumOriginal': 0, 'dxOrderNumAdjust': 0, 'batchOrderNum': 10, 'tempOrderNum': 0, 'tempDeliveryNum': 0, 'workerNum': 8, 'siteEfficiency': 33.0, 'status': 1, 'startTime': null, 'endTime': null, 'statusStr': null, 'provinceId': null, 'cityId': null, 'keyWords': null, 'beginTime': null}, 'msg': '接口正常', 'code': '0000'}
[2017-10-19 18:29:39,918-logger.py]-INFO:pass
[2017-10-19 18:29:39,921-logger.py]-INFO:--------
[2017-10-19 18:29:39,982-logger.py]-INFO:调用登录方法，获取结果：{"data":"登录成功","msg":"接口正常","code":"0000"}
[2017-10-19 18:29:40,001-logger.py]-INFO:编号：10，接口名称：获取站点运力数据，测试点：siteDetailId传入为空，响应：{'data': {}, 'msg': '参数不能为空', 'code': '0025'}
[2017-10-19 18:29:40,007-logger.py]-INFO:false
[2017-10-19 18:29:40,011-logger.py]-INFO:--------
[2017-10-19 18:29:40,087-logger.py]-INFO:调用登录方法，获取结果：{"data":"登录成功","msg":"接口正常","code":"0000"}
[2017-10-19 18:29:40,130-logger.py]-INFO:编号：11，接口名称：获取站点运力数据，测试点：siteDetailId不存在，响应：{'data': null, 'msg': '接口正常', 'code': '0000'}
[2017-10-19 18:29:40,136-logger.py]-INFO:pass
[2017-10-19 18:29:40,141-logger.py]-INFO:--------
[2017-10-19 18:29:40,164-logger.py]-INFO:总计12条用例，执行通过11条用例，失败1条用例
