[2017-10-19 15:31:42,258-logger.py]-INFO:调用登录方法，获取结果：{"data":"登录成功","msg":"接口正常","code":"0000"}
[2017-10-19 15:31:42,445-logger.py]-INFO:编号：1，接口名称：站点运力修改，测试点：请求参数正确，响应：{'data': [], 'msg': '接口正常', 'code': '0000'}
[2017-10-19 15:31:42,452-logger.py]-INFO:pass
[2017-10-19 15:31:42,458-logger.py]-INFO:--------
[2017-10-19 15:31:42,541-logger.py]-INFO:调用登录方法，获取结果：{"data":"登录成功","msg":"接口正常","code":"0000"}
[2017-10-19 15:31:42,586-logger.py]-INFO:编号：2，接口名称：站点运力列表，测试点：请求参数正确，响应：{'data': [], 'msg': '接口正常', 'code': '0000'}
[2017-10-19 15:31:42,592-logger.py]-INFO:pass
[2017-10-19 15:31:42,597-logger.py]-INFO:--------
[2017-10-19 15:31:42,659-logger.py]-INFO:调用登录方法，获取结果：{"data":"登录成功","msg":"接口正常","code":"0000"}
[2017-10-19 15:31:42,671-logger.py]-INFO:编号：3，接口名称：站点运力列表，测试点：beginTime传入为空，响应：{'data': {}, 'msg': '参数不能为空', 'code': '0025'}
[2017-10-19 15:31:42,673-logger.py]-INFO:pass
[2017-10-19 15:31:42,675-logger.py]-INFO:--------
[2017-10-19 15:31:42,720-logger.py]-INFO:调用登录方法，获取结果：{"data":"登录成功","msg":"接口正常","code":"0000"}
[2017-10-19 15:31:42,731-logger.py]-INFO:编号：4，接口名称：站点运力列表，测试点：endTime传入为空，响应：{'data': {}, 'msg': '参数不能为空', 'code': '0025'}
[2017-10-19 15:31:42,733-logger.py]-INFO:pass
[2017-10-19 15:31:42,735-logger.py]-INFO:--------
[2017-10-19 15:31:42,779-logger.py]-INFO:调用登录方法，获取结果：{"data":"登录成功","msg":"接口正常","code":"0000"}
[2017-10-19 15:31:42,790-logger.py]-INFO:编号：5，接口名称：站点运力列表，测试点：siteId传入为空，响应：{'data': {}, 'msg': '参数不能为空', 'code': '0025'}
[2017-10-19 15:31:42,792-logger.py]-INFO:pass
[2017-10-19 15:31:42,795-logger.py]-INFO:--------
[2017-10-19 15:31:42,849-logger.py]-INFO:调用登录方法，获取结果：{"data":"登录成功","msg":"接口正常","code":"0000"}
[2017-10-19 15:31:42,891-logger.py]-INFO:编号：6，接口名称：站点运力总详情，测试点：请求参数正确，响应：{'data': [{'id': 8099, 'state': null, 'createTime': null, 'updateTime': null, 'createUid': null, 'updateUid': null, 'provinceId': null, 'provinceName': null, 'cityId': null, 'cityName': null, 'siteId': '107555619', 'siteName': '天通苑站', 'siteDate': '2017-09-18', 'workerNum': 10, 'siteEfficiency': 49.7, 'orderEfficiencyNum': 497, 'orderTotalNum': 497, 'orderCommonNum': 497, 'dxOrderNumOriginal': 0, 'dxOrderNumAdjust': 0, 'batchOrderNum': 0, 'tempOrderNum': 0, 'tempDeliveryNum': 0, 'status': 2}], 'msg': '接口正常', 'code': '0000'}
[2017-10-19 15:31:42,893-logger.py]-INFO:pass
[2017-10-19 15:31:42,896-logger.py]-INFO:--------
[2017-10-19 15:31:42,944-logger.py]-INFO:调用登录方法，获取结果：{"data":"登录成功","msg":"接口正常","code":"0000"}
[2017-10-19 15:31:42,957-logger.py]-INFO:编号：7，接口名称：站点运力总详情，测试点：请求参数传入为空，响应：{'data': {}, 'msg': '参数错误', 'code': '0002'}
[2017-10-19 15:31:42,960-logger.py]-INFO:pass
[2017-10-19 15:31:42,962-logger.py]-INFO:--------
[2017-10-19 15:31:43,031-logger.py]-INFO:调用登录方法，获取结果：{"data":"登录成功","msg":"接口正常","code":"0000"}
[2017-10-19 15:31:43,069-logger.py]-INFO:编号：8，接口名称：站长站点信息，测试点：请求参数正确，响应：{'data': null, 'msg': '接口正常', 'code': '0000'}
[2017-10-19 15:31:43,076-logger.py]-INFO:pass
[2017-10-19 15:31:43,082-logger.py]-INFO:--------
[2017-10-19 15:31:43,138-logger.py]-INFO:调用登录方法，获取结果：{"data":"登录成功","msg":"接口正常","code":"0000"}
[2017-10-19 15:31:43,147-logger.py]-INFO:编号：9，接口名称：站长站点信息，测试点：请求参数传入为空，响应：{'data': {}, 'msg': '参数不能为空', 'code': '0025'}
[2017-10-19 15:31:43,149-logger.py]-INFO:pass
[2017-10-19 15:31:43,151-logger.py]-INFO:--------
[2017-10-19 15:31:43,202-logger.py]-INFO:调用登录方法，获取结果：{"data":"登录成功","msg":"接口正常","code":"0000"}
[2017-10-19 15:31:43,242-logger.py]-INFO:编号：10，接口名称：获取站点运力数据，测试点：请求参数正确，响应：{'data': {'id': null, 'state': null, 'createTime': null, 'updateTime': null, 'createUid': null, 'updateUid': null, 'siteId': '336889', 'siteName': '黄浦站', 'siteDetailId': 2, 'siteDate': '2017-09-01', 'orderEfficiencyNum': 264, 'orderTotalNum': 274, 'orderCommonNum': 274, 'dxOrderNumOriginal': 0, 'dxOrderNumAdjust': 0, 'batchOrderNum': 10, 'tempOrderNum': 0, 'tempDeliveryNum': 0, 'workerNum': 8, 'siteEfficiency': 33.0, 'status': 1, 'startTime': null, 'endTime': null, 'statusStr': null, 'provinceId': null, 'cityId': null, 'keyWords': null, 'beginTime': null}, 'msg': '接口正常', 'code': '0000'}
[2017-10-19 15:31:43,246-logger.py]-INFO:pass
[2017-10-19 15:31:43,249-logger.py]-INFO:--------
[2017-10-19 15:31:43,295-logger.py]-INFO:调用登录方法，获取结果：{"data":"登录成功","msg":"接口正常","code":"0000"}
[2017-10-19 15:31:43,305-logger.py]-INFO:编号：11，接口名称：获取站点运力数据，测试点：siteDetailId传入为空，响应：{'data': {}, 'msg': '参数不能为空', 'code': '0025'}
[2017-10-19 15:31:43,308-logger.py]-INFO:false
[2017-10-19 15:31:43,310-logger.py]-INFO:--------
[2017-10-19 15:31:43,355-logger.py]-INFO:调用登录方法，获取结果：{"data":"登录成功","msg":"接口正常","code":"0000"}
[2017-10-19 15:31:43,391-logger.py]-INFO:编号：12，接口名称：获取站点运力数据，测试点：siteDetailId不存在，响应：{'data': null, 'msg': '接口正常', 'code': '0000'}
[2017-10-19 15:31:43,393-logger.py]-INFO:pass
[2017-10-19 15:31:43,396-logger.py]-INFO:--------
[2017-10-19 15:31:43,411-logger.py]-INFO:总计13条用例
