[2017-10-23 17:42:15,066-logger.py]-INFO:调用登录方法，获取结果：{"data":"登录成功","msg":"接口正常","code":"0000"}
[2017-10-23 17:42:15,076-logger.py]-INFO:编号：1，接口名称：站点运力修改，测试点：请求参数正确，响应：{'data': {}, 'msg': '参数不能为空', 'code': '0025'}
[2017-10-23 17:42:15,079-logger.py]-INFO:fail
[2017-10-23 17:42:15,081-logger.py]-INFO:--------
[2017-10-23 17:42:15,142-logger.py]-INFO:调用登录方法，获取结果：{"data":"登录成功","msg":"接口正常","code":"0000"}
[2017-10-23 17:42:15,151-logger.py]-INFO:编号：2，接口名称：站点运力列表，测试点：请求参数正确，响应：{'data': {}, 'msg': '参数不能为空', 'code': '0025'}
[2017-10-23 17:42:15,152-logger.py]-INFO:fail
[2017-10-23 17:42:15,153-logger.py]-INFO:--------
[2017-10-23 17:42:15,193-logger.py]-INFO:调用登录方法，获取结果：{"data":"登录成功","msg":"接口正常","code":"0000"}
[2017-10-23 17:42:15,202-logger.py]-INFO:编号：3，接口名称：站点运力列表，测试点：beginTime传入为空，响应：{'data': {}, 'msg': '参数不能为空', 'code': '0025'}
[2017-10-23 17:42:15,203-logger.py]-INFO:fail
[2017-10-23 17:42:15,204-logger.py]-INFO:--------
[2017-10-23 17:42:15,245-logger.py]-INFO:调用登录方法，获取结果：{"data":"登录成功","msg":"接口正常","code":"0000"}
[2017-10-23 17:42:15,254-logger.py]-INFO:编号：4，接口名称：站点运力列表，测试点：endTime传入为空，响应：{'data': {}, 'msg': '参数不能为空', 'code': '0025'}
[2017-10-23 17:42:15,255-logger.py]-INFO:fail
[2017-10-23 17:42:15,256-logger.py]-INFO:--------
[2017-10-23 17:42:15,297-logger.py]-INFO:调用登录方法，获取结果：{"data":"登录成功","msg":"接口正常","code":"0000"}
[2017-10-23 17:42:15,307-logger.py]-INFO:编号：5，接口名称：站点运力列表，测试点：siteId传入为空，响应：{'data': {}, 'msg': '参数不能为空', 'code': '0025'}
[2017-10-23 17:42:15,308-logger.py]-INFO:fail
[2017-10-23 17:42:15,309-logger.py]-INFO:--------
[2017-10-23 17:42:15,357-logger.py]-INFO:调用登录方法，获取结果：{"data":"登录成功","msg":"接口正常","code":"0000"}
[2017-10-23 17:42:15,366-logger.py]-INFO:编号：6，接口名称：站点运力总详情，测试点：请求参数正确，响应：{'data': {}, 'msg': '参数错误', 'code': '0002'}
[2017-10-23 17:42:15,367-logger.py]-INFO:fail
[2017-10-23 17:42:15,368-logger.py]-INFO:--------
[2017-10-23 17:42:15,408-logger.py]-INFO:调用登录方法，获取结果：{"data":"登录成功","msg":"接口正常","code":"0000"}
[2017-10-23 17:42:15,417-logger.py]-INFO:编号：7，接口名称：站点运力总详情，测试点：请求参数传入为空，响应：{'data': {}, 'msg': '参数错误', 'code': '0002'}
[2017-10-23 17:42:15,418-logger.py]-INFO:fail
[2017-10-23 17:42:15,419-logger.py]-INFO:--------
[2017-10-23 17:42:15,467-logger.py]-INFO:调用登录方法，获取结果：{"data":"登录成功","msg":"接口正常","code":"0000"}
[2017-10-23 17:42:15,476-logger.py]-INFO:编号：8，接口名称：站长站点信息，测试点：请求参数正确，响应：{'data': {}, 'msg': '参数不能为空', 'code': '0025'}
[2017-10-23 17:42:15,477-logger.py]-INFO:fail
[2017-10-23 17:42:15,478-logger.py]-INFO:--------
[2017-10-23 17:42:15,520-logger.py]-INFO:调用登录方法，获取结果：{"data":"登录成功","msg":"接口正常","code":"0000"}
[2017-10-23 17:42:15,532-logger.py]-INFO:编号：9，接口名称：站长站点信息，测试点：请求参数传入为空，响应：{'data': {}, 'msg': '参数不能为空', 'code': '0025'}
[2017-10-23 17:42:15,535-logger.py]-INFO:fail
[2017-10-23 17:42:15,537-logger.py]-INFO:--------
[2017-10-23 17:42:15,598-logger.py]-INFO:调用登录方法，获取结果：{"data":"登录成功","msg":"接口正常","code":"0000"}
[2017-10-23 17:42:15,845-logger.py]-INFO:编号：10，接口名称：获取站点运力数据，测试点：请求参数正确，响应：{'data': null, 'msg': '接口正常', 'code': '0000'}
[2017-10-23 17:42:15,846-logger.py]-INFO:fail
[2017-10-23 17:42:15,847-logger.py]-INFO:--------
[2017-10-23 17:42:15,889-logger.py]-INFO:调用登录方法，获取结果：{"data":"登录成功","msg":"接口正常","code":"0000"}
[2017-10-23 17:42:15,898-logger.py]-INFO:编号：11，接口名称：获取站点运力数据，测试点：siteDetailId传入为空，响应：{'data': {}, 'msg': '参数不能为空', 'code': '0025'}
[2017-10-23 17:42:15,899-logger.py]-INFO:pass
[2017-10-23 17:42:15,900-logger.py]-INFO:--------
[2017-10-23 17:42:15,941-logger.py]-INFO:调用登录方法，获取结果：{"data":"登录成功","msg":"接口正常","code":"0000"}
[2017-10-23 17:42:15,975-logger.py]-INFO:编号：12，接口名称：获取站点运力数据，测试点：siteDetailId不存在，响应：{'data': null, 'msg': '接口正常', 'code': '0000'}
[2017-10-23 17:42:15,976-logger.py]-INFO:pass
[2017-10-23 17:42:15,977-logger.py]-INFO:--------
[2017-10-23 17:42:15,985-logger.py]-INFO:测试用例数：12  成功用例数：2  失败用例数：10
