[2017-10-24 15:57:20,390-logger.py]-INFO:调用登录方法，获取结果：{"data":"登录成功","msg":"接口正常","code":"0000"}
[2017-10-24 15:57:20,431-logger.py]-INFO:编号：1，接口名称：站点运力修改，测试点：请求参数正确，响应：{'data': [{'id': 0, 'state': null, 'createTime': null, 'updateTime': null, 'createUid': null, 'updateUid': null, 'deliveryName': '6', 'errMsg': 'id为6数据不存在，请联系系统管理员'}], 'msg': '接口正常', 'code': '0000'}
[2017-10-24 15:57:20,435-logger.py]-INFO:fail
[2017-10-24 15:57:20,440-logger.py]-INFO:--------
[2017-10-24 15:57:20,506-logger.py]-INFO:调用登录方法，获取结果：{"data":"登录成功","msg":"接口正常","code":"0000"}
[2017-10-24 15:57:20,542-logger.py]-INFO:编号：2，接口名称：站点运力列表，测试点：请求参数正确，响应：{'data': [], 'msg': '接口正常', 'code': '0000'}
[2017-10-24 15:57:20,544-logger.py]-INFO:pass
[2017-10-24 15:57:20,546-logger.py]-INFO:--------
[2017-10-24 15:57:20,584-logger.py]-INFO:调用登录方法，获取结果：{"data":"登录成功","msg":"接口正常","code":"0000"}
[2017-10-24 15:57:20,593-logger.py]-INFO:编号：3，接口名称：站点运力列表，测试点：beginTime传入为空，响应：{'data': {}, 'msg': '参数不能为空', 'code': '0025'}
[2017-10-24 15:57:20,595-logger.py]-INFO:pass
[2017-10-24 15:57:20,597-logger.py]-INFO:--------
[2017-10-24 15:57:20,636-logger.py]-INFO:调用登录方法，获取结果：{"data":"登录成功","msg":"接口正常","code":"0000"}
[2017-10-24 15:57:20,645-logger.py]-INFO:编号：4，接口名称：站点运力列表，测试点：endTime传入为空，响应：{'data': {}, 'msg': '参数不能为空', 'code': '0025'}
[2017-10-24 15:57:20,647-logger.py]-INFO:pass
[2017-10-24 15:57:20,649-logger.py]-INFO:--------
[2017-10-24 15:57:20,690-logger.py]-INFO:调用登录方法，获取结果：{"data":"登录成功","msg":"接口正常","code":"0000"}
[2017-10-24 15:57:20,700-logger.py]-INFO:编号：5，接口名称：站点运力列表，测试点：siteId传入为空，响应：{'data': {}, 'msg': '参数不能为空', 'code': '0025'}
[2017-10-24 15:57:20,702-logger.py]-INFO:pass
[2017-10-24 15:57:20,703-logger.py]-INFO:--------
[2017-10-24 15:57:20,749-logger.py]-INFO:调用登录方法，获取结果：{"data":"登录成功","msg":"接口正常","code":"0000"}
[2017-10-24 15:57:20,790-logger.py]-INFO:编号：6，接口名称：站点运力总详情，测试点：请求参数正确，响应：{'data': [{'id': 33569, 'state': null, 'createTime': null, 'updateTime': null, 'createUid': null, 'updateUid': null, 'provinceId': null, 'provinceName': null, 'cityId': null, 'cityName': null, 'siteId': '107555619', 'siteName': '天通苑站', 'siteDate': '2017-09-18', 'workerNum': 10, 'siteEfficiency': 49.7, 'orderEfficiencyNum': 497, 'orderTotalNum': 497, 'orderCommonNum': 497, 'dxOrderNumOriginal': 0, 'dxOrderNumAdjust': 0, 'batchOrderNum': 0, 'tempOrderNum': 0, 'tempDeliveryNum': 0, 'status': 2}], 'msg': '接口正常', 'code': '0000'}
[2017-10-24 15:57:20,794-logger.py]-INFO:pass
[2017-10-24 15:57:20,797-logger.py]-INFO:--------
[2017-10-24 15:57:20,851-logger.py]-INFO:调用登录方法，获取结果：{"data":"登录成功","msg":"接口正常","code":"0000"}
[2017-10-24 15:57:20,864-logger.py]-INFO:编号：7，接口名称：站点运力总详情，测试点：请求参数都为空，响应：{'data': {}, 'msg': '参数错误', 'code': '0002'}
[2017-10-24 15:57:20,868-logger.py]-INFO:pass
[2017-10-24 15:57:20,871-logger.py]-INFO:--------
[2017-10-24 15:57:20,940-logger.py]-INFO:调用登录方法，获取结果：{"data":"登录成功","msg":"接口正常","code":"0000"}
[2017-10-24 15:57:20,977-logger.py]-INFO:编号：8，接口名称：站长站点信息，测试点：请求参数正确，响应：{'data': null, 'msg': '接口正常', 'code': '0000'}
[2017-10-24 15:57:20,980-logger.py]-INFO:pass
[2017-10-24 15:57:20,984-logger.py]-INFO:--------
[2017-10-24 15:57:21,030-logger.py]-INFO:调用登录方法，获取结果：{"data":"登录成功","msg":"接口正常","code":"0000"}
[2017-10-24 15:57:21,040-logger.py]-INFO:编号：9，接口名称：站长站点信息，测试点：请求参数传入为空，响应：{'data': {}, 'msg': '参数不能为空', 'code': '0025'}
[2017-10-24 15:57:21,042-logger.py]-INFO:pass
[2017-10-24 15:57:21,043-logger.py]-INFO:--------
[2017-10-24 15:57:21,093-logger.py]-INFO:调用登录方法，获取结果：{"data":"登录成功","msg":"接口正常","code":"0000"}
[2017-10-24 15:57:21,129-logger.py]-INFO:编号：10，接口名称：获取站点运力数据，测试点：请求参数正确，响应：{'data': null, 'msg': '接口正常', 'code': '0000'}
[2017-10-24 15:57:21,131-logger.py]-INFO:pass
[2017-10-24 15:57:21,133-logger.py]-INFO:--------
[2017-10-24 15:57:21,172-logger.py]-INFO:调用登录方法，获取结果：{"data":"登录成功","msg":"接口正常","code":"0000"}
[2017-10-24 15:57:21,182-logger.py]-INFO:编号：11，接口名称：获取站点运力数据，测试点：siteDetailId传入为空，响应：{'data': {}, 'msg': '参数不能为空', 'code': '0025'}
[2017-10-24 15:57:21,183-logger.py]-INFO:pass
[2017-10-24 15:57:21,184-logger.py]-INFO:--------
[2017-10-24 15:57:21,221-logger.py]-INFO:调用登录方法，获取结果：{"data":"登录成功","msg":"接口正常","code":"0000"}
[2017-10-24 15:57:21,258-logger.py]-INFO:编号：12，接口名称：获取站点运力数据，测试点：siteDetailId不存在，响应：{'data': null, 'msg': '接口正常', 'code': '0000'}
[2017-10-24 15:57:21,263-logger.py]-INFO:pass
[2017-10-24 15:57:21,266-logger.py]-INFO:--------
[2017-10-24 15:57:21,290-logger.py]-INFO:测试用例数：12  成功用例数：11  失败用例数：1  运行时长：0:00:00.937053
