[2017-10-25 17:09:44,151-logger.py]-INFO:编号：1，接口名称：站点运力修改，测试点：请求参数正确，响应：{'data': [{'id': 0, 'state': null, 'createTime': null, 'updateTime': null, 'createUid': null, 'updateUid': null, 'deliveryName': '6', 'errMsg': 'id为6数据不存在，请联系系统管理员'}], 'msg': '接口正常', 'code': '0000'}
[2017-10-25 17:09:44,152-logger.py]-INFO:fail
[2017-10-25 17:09:44,153-logger.py]-INFO:--------
[2017-10-25 17:09:44,249-logger.py]-INFO:编号：2，接口名称：站点运力列表，测试点：请求参数正确，响应：{'data': [], 'msg': '接口正常', 'code': '0000'}
[2017-10-25 17:09:44,250-logger.py]-INFO:pass
[2017-10-25 17:09:44,251-logger.py]-INFO:--------
[2017-10-25 17:09:44,303-logger.py]-INFO:编号：3，接口名称：站点运力列表，测试点：beginTime传入为空，响应：{'data': {}, 'msg': '参数不能为空', 'code': '0025'}
[2017-10-25 17:09:44,304-logger.py]-INFO:pass
[2017-10-25 17:09:44,305-logger.py]-INFO:--------
[2017-10-25 17:09:44,357-logger.py]-INFO:编号：4，接口名称：站点运力列表，测试点：endTime传入为空，响应：{'data': {}, 'msg': '参数不能为空', 'code': '0025'}
[2017-10-25 17:09:44,357-logger.py]-INFO:pass
[2017-10-25 17:09:44,358-logger.py]-INFO:--------
[2017-10-25 17:09:44,412-logger.py]-INFO:编号：5，接口名称：站点运力列表，测试点：siteId传入为空，响应：{'data': {}, 'msg': '参数不能为空', 'code': '0025'}
[2017-10-25 17:09:44,413-logger.py]-INFO:pass
[2017-10-25 17:09:44,414-logger.py]-INFO:--------
[2017-10-25 17:09:44,507-logger.py]-INFO:编号：6，接口名称：站点运力总详情，测试点：请求参数正确，响应：{'data': [{'id': 33569, 'state': null, 'createTime': null, 'updateTime': null, 'createUid': null, 'updateUid': null, 'provinceId': null, 'provinceName': null, 'cityId': null, 'cityName': null, 'siteId': '107555619', 'siteName': '天通苑站', 'siteDate': '2017-09-18', 'workerNum': 10, 'siteEfficiency': 49.7, 'orderEfficiencyNum': 497, 'orderTotalNum': 497, 'orderCommonNum': 497, 'dxOrderNumOriginal': 0, 'dxOrderNumAdjust': 0, 'batchOrderNum': 0, 'tempOrderNum': 0, 'tempDeliveryNum': 0, 'status': 2}], 'msg': '接口正常', 'code': '0000'}
[2017-10-25 17:09:44,508-logger.py]-INFO:pass
[2017-10-25 17:09:44,509-logger.py]-INFO:--------
[2017-10-25 17:09:44,562-logger.py]-INFO:编号：7，接口名称：站点运力总详情，测试点：请求参数都为空，响应：{'data': {}, 'msg': '参数错误', 'code': '0002'}
[2017-10-25 17:09:44,563-logger.py]-INFO:pass
[2017-10-25 17:09:44,564-logger.py]-INFO:--------
[2017-10-25 17:09:44,658-logger.py]-INFO:编号：8，接口名称：站长站点信息，测试点：请求参数正确，响应：{'data': null, 'msg': '接口正常', 'code': '0000'}
[2017-10-25 17:09:44,659-logger.py]-INFO:pass
[2017-10-25 17:09:44,660-logger.py]-INFO:--------
[2017-10-25 17:09:44,913-logger.py]-INFO:编号：9，接口名称：站长站点信息，测试点：请求参数传入为空，响应：{'data': {}, 'msg': '参数不能为空', 'code': '0025'}
[2017-10-25 17:09:44,914-logger.py]-INFO:pass
[2017-10-25 17:09:44,915-logger.py]-INFO:--------
[2017-10-25 17:09:44,997-logger.py]-INFO:编号：10，接口名称：获取站点运力数据，测试点：请求参数正确，响应：{'data': null, 'msg': '接口正常', 'code': '0000'}
[2017-10-25 17:09:44,998-logger.py]-INFO:pass
[2017-10-25 17:09:44,998-logger.py]-INFO:--------
[2017-10-25 17:09:45,048-logger.py]-INFO:编号：11，接口名称：获取站点运力数据，测试点：siteDetailId传入为空，响应：{'data': {}, 'msg': '参数不能为空', 'code': '0025'}
[2017-10-25 17:09:45,048-logger.py]-INFO:pass
[2017-10-25 17:09:45,049-logger.py]-INFO:--------
[2017-10-25 17:09:45,106-logger.py]-INFO:编号：12，接口名称：获取站点运力数据，测试点：siteDetailId不存在，响应：{'data': null, 'msg': '接口正常', 'code': '0000'}
[2017-10-25 17:09:45,108-logger.py]-INFO:pass
[2017-10-25 17:09:45,109-logger.py]-INFO:--------
[2017-10-25 17:09:45,120-logger.py]-INFO:测试用例数：12  成功用例数：11  失败用例数：1  开始时间：2017-10-25 17:09:44.005221  运行时长：0:00:01.115064
