[2017-09-20 15:47:30,057-logger.py]-INFO:---站点列表接口测试---
[2017-09-20 15:47:30,060-logger.py]-INFO:---1.请求参数正确：start!---
[2017-09-20 15:47:30,099-logger.py]-INFO:---获取响应结果：{'data': [{'id': None, 'state': None, 'createTime': None, 'updateTime': None, 'createUid': None, 'updateUid': None, 'orgCode': '22', 'cooperationType': None, 'orgType': None, 'orgName': '米兰站', 'provinceName': None, 'cityName': None, 'countyName': None, 'address': None, 'leader': None, 'tel': None, 'parentCode': None, 'level': None}, {'id': None, 'state': None, 'createTime': None, 'updateTime': None, 'createUid': None, 'updateUid': None, 'orgCode': '23', 'cooperationType': None, 'orgType': None, 'orgName': '哈哈站', 'provinceName': None, 'cityName': None, 'countyName': None, 'address': None, 'leader': None, 'tel': None, 'parentCode': None, 'level': None}], 'msg': '接口正常', 'code': '0000'}
[2017-09-20 15:47:30,099-logger.py]-INFO:---校验code字段---
[2017-09-20 15:47:30,100-logger.py]-INFO:---校验msg字段---
[2017-09-20 15:47:30,101-logger.py]-INFO:---校验data中的查询结果数量---
[2017-09-20 15:47:30,101-logger.py]-INFO:---pass---
[2017-09-20 15:47:30,102-logger.py]-INFO:
[2017-09-20 15:47:30,103-logger.py]-INFO:---2.cityCompanyCode传入为空：start!---
[2017-09-20 15:47:30,126-logger.py]-INFO:---获取响应结果：{'data': [], 'msg': '接口正常', 'code': '0000'}
[2017-09-20 15:47:30,127-logger.py]-INFO:---校验code字段---
[2017-09-20 15:47:30,127-logger.py]-INFO:---校验msg字段---
[2017-09-20 15:47:30,128-logger.py]-INFO:---校验data中的查询结果数量---
[2017-09-20 15:47:30,129-logger.py]-INFO:---pass---
[2017-09-20 15:47:30,130-logger.py]-INFO:
[2017-09-20 15:47:30,131-logger.py]-INFO:---3.cityCompanyCode传入不存在的市公司编码：start!---
[2017-09-20 15:47:30,153-logger.py]-INFO:---获取响应结果：{'data': [], 'msg': '接口正常', 'code': '0000'}
[2017-09-20 15:47:30,153-logger.py]-INFO:---校验code字段---
[2017-09-20 15:47:30,154-logger.py]-INFO:---校验msg字段---
[2017-09-20 15:47:30,155-logger.py]-INFO:---校验data中的查询结果数量---
[2017-09-20 15:47:30,155-logger.py]-INFO:---pass---
[2017-09-20 15:47:30,156-logger.py]-INFO:
[2017-09-20 18:21:19,010-logger.py]-INFO:---站点列表接口测试---
[2017-09-20 18:21:19,027-logger.py]-INFO:---1.请求参数正确：start!---
[2017-09-20 18:21:19,057-logger.py]-INFO:---获取响应结果：{'data': [{'id': None, 'state': None, 'createTime': None, 'updateTime': None, 'createUid': None, 'updateUid': None, 'orgCode': '22', 'cooperationType': None, 'orgType': None, 'orgName': '米兰站', 'provinceName': None, 'cityName': None, 'countyName': None, 'address': None, 'leader': None, 'tel': None, 'parentCode': None, 'level': None}, {'id': None, 'state': None, 'createTime': None, 'updateTime': None, 'createUid': None, 'updateUid': None, 'orgCode': '23', 'cooperationType': None, 'orgType': None, 'orgName': '哈哈站', 'provinceName': None, 'cityName': None, 'countyName': None, 'address': None, 'leader': None, 'tel': None, 'parentCode': None, 'level': None}], 'msg': '接口正常', 'code': '0000'}
[2017-09-20 18:21:19,057-logger.py]-INFO:---校验code字段---
[2017-09-20 18:21:19,058-logger.py]-INFO:---校验msg字段---
[2017-09-20 18:21:19,059-logger.py]-INFO:---校验data中的查询结果数量---
[2017-09-20 18:21:19,106-logger.py]-INFO:---2.cityCompanyCode传入为空：start!---
[2017-09-20 18:21:19,126-logger.py]-INFO:---获取响应结果：{'data': [], 'msg': '接口正常', 'code': '0000'}
[2017-09-20 18:21:19,126-logger.py]-INFO:---校验code字段---
[2017-09-20 18:21:19,127-logger.py]-INFO:---校验msg字段---
[2017-09-20 18:21:19,127-logger.py]-INFO:---校验data中的查询结果数量---
[2017-09-20 18:21:19,131-logger.py]-INFO:---pass---
[2017-09-20 18:21:19,132-logger.py]-INFO:
[2017-09-20 18:21:19,134-logger.py]-INFO:---3.cityCompanyCode传入不存在的市公司编码：start!---
[2017-09-20 18:21:19,155-logger.py]-INFO:---获取响应结果：{'data': [], 'msg': '接口正常', 'code': '0000'}
[2017-09-20 18:21:19,155-logger.py]-INFO:---校验code字段---
[2017-09-20 18:21:19,172-logger.py]-INFO:---校验msg字段---
[2017-09-20 18:21:19,173-logger.py]-INFO:---校验data中的查询结果数量---
[2017-09-20 18:21:19,174-logger.py]-INFO:---pass---
[2017-09-20 18:21:19,176-logger.py]-INFO:
[2017-09-20 18:24:17,736-logger.py]-INFO:---站点列表接口测试---
[2017-09-20 18:24:17,740-logger.py]-INFO:---1.请求参数正确：start!---
[2017-09-20 18:24:17,768-logger.py]-INFO:---获取响应结果：{'data': [{'id': None, 'state': None, 'createTime': None, 'updateTime': None, 'createUid': None, 'updateUid': None, 'orgCode': '22', 'cooperationType': None, 'orgType': None, 'orgName': '米兰站', 'provinceName': None, 'cityName': None, 'countyName': None, 'address': None, 'leader': None, 'tel': None, 'parentCode': None, 'level': None}, {'id': None, 'state': None, 'createTime': None, 'updateTime': None, 'createUid': None, 'updateUid': None, 'orgCode': '23', 'cooperationType': None, 'orgType': None, 'orgName': '哈哈站', 'provinceName': None, 'cityName': None, 'countyName': None, 'address': None, 'leader': None, 'tel': None, 'parentCode': None, 'level': None}], 'msg': '接口正常', 'code': '0000'}
[2017-09-20 18:24:17,769-logger.py]-INFO:---校验code字段---
[2017-09-20 18:24:17,769-logger.py]-INFO:---校验msg字段---
[2017-09-20 18:24:17,770-logger.py]-INFO:---校验data中的查询结果数量---
[2017-09-20 18:24:17,820-logger.py]-INFO:---2.cityCompanyCode传入为空：start!---
[2017-09-20 18:24:17,839-logger.py]-INFO:---获取响应结果：{'data': [], 'msg': '接口正常', 'code': '0000'}
[2017-09-20 18:24:17,840-logger.py]-INFO:---校验code字段---
[2017-09-20 18:24:17,840-logger.py]-INFO:---校验msg字段---
[2017-09-20 18:24:17,841-logger.py]-INFO:---校验data中的查询结果数量---
[2017-09-20 18:24:17,841-logger.py]-INFO:---pass---
[2017-09-20 18:24:17,842-logger.py]-INFO:
[2017-09-20 18:24:17,844-logger.py]-INFO:---3.cityCompanyCode传入不存在的市公司编码：start!---
[2017-09-20 18:24:17,864-logger.py]-INFO:---获取响应结果：{'data': [], 'msg': '接口正常', 'code': '0000'}
[2017-09-20 18:24:17,865-logger.py]-INFO:---校验code字段---
[2017-09-20 18:24:17,866-logger.py]-INFO:---校验msg字段---
[2017-09-20 18:24:17,866-logger.py]-INFO:---校验data中的查询结果数量---
[2017-09-20 18:24:17,867-logger.py]-INFO:---pass---
[2017-09-20 18:24:17,867-logger.py]-INFO:
[2017-09-20 18:25:29,009-logger.py]-INFO:---站点列表接口测试---
[2017-09-20 18:25:29,013-logger.py]-INFO:---1.请求参数正确：start!---
[2017-09-20 18:25:29,041-logger.py]-INFO:---获取响应结果：{'data': [{'id': None, 'state': None, 'createTime': None, 'updateTime': None, 'createUid': None, 'updateUid': None, 'orgCode': '22', 'cooperationType': None, 'orgType': None, 'orgName': '米兰站', 'provinceName': None, 'cityName': None, 'countyName': None, 'address': None, 'leader': None, 'tel': None, 'parentCode': None, 'level': None}, {'id': None, 'state': None, 'createTime': None, 'updateTime': None, 'createUid': None, 'updateUid': None, 'orgCode': '23', 'cooperationType': None, 'orgType': None, 'orgName': '哈哈站', 'provinceName': None, 'cityName': None, 'countyName': None, 'address': None, 'leader': None, 'tel': None, 'parentCode': None, 'level': None}], 'msg': '接口正常', 'code': '0000'}
[2017-09-20 18:25:29,042-logger.py]-INFO:---校验code字段---
[2017-09-20 18:25:29,043-logger.py]-INFO:---校验msg字段---
[2017-09-20 18:25:29,043-logger.py]-INFO:---校验data中的查询结果数量---
[2017-09-20 18:25:29,051-logger.py]-INFO:---pass---
[2017-09-20 18:25:29,051-logger.py]-INFO:
[2017-09-20 18:25:29,053-logger.py]-INFO:---2.cityCompanyCode传入为空：start!---
[2017-09-20 18:25:29,073-logger.py]-INFO:---获取响应结果：{'data': [], 'msg': '接口正常', 'code': '0000'}
[2017-09-20 18:25:29,073-logger.py]-INFO:---校验code字段---
[2017-09-20 18:25:29,074-logger.py]-INFO:---校验msg字段---
[2017-09-20 18:25:29,075-logger.py]-INFO:---校验data中的查询结果数量---
[2017-09-20 18:25:29,075-logger.py]-INFO:---pass---
[2017-09-20 18:25:29,076-logger.py]-INFO:
[2017-09-20 18:25:29,077-logger.py]-INFO:---3.cityCompanyCode传入不存在的市公司编码：start!---
[2017-09-20 18:25:29,096-logger.py]-INFO:---获取响应结果：{'data': [], 'msg': '接口正常', 'code': '0000'}
[2017-09-20 18:25:29,097-logger.py]-INFO:---校验code字段---
[2017-09-20 18:25:29,098-logger.py]-INFO:---校验msg字段---
[2017-09-20 18:25:29,098-logger.py]-INFO:---校验data中的查询结果数量---
[2017-09-20 18:25:29,099-logger.py]-INFO:---pass---
[2017-09-20 18:25:29,100-logger.py]-INFO:
