[2017-10-23 17:52:16,228-logger.py]-INFO:调用登录方法，获取结果：{"data":"登录成功","msg":"接口正常","code":"0000"}
[2017-10-23 17:52:16,274-logger.py]-INFO:编号：1，接口名称：站点运力修改，测试点：请求参数正确，响应：{'data': [{'id': 0, 'state': null, 'createTime': null, 'updateTime': null, 'createUid': null, 'updateUid': null, 'deliveryName': '6', 'errMsg': 'id为6数据不存在，请联系系统管理员'}], 'msg': '接口正常', 'code': '0000'}
[2017-10-23 17:52:16,278-logger.py]-INFO:fail
[2017-10-23 17:52:16,281-logger.py]-INFO:--------
[2017-10-23 17:52:16,364-logger.py]-INFO:调用登录方法，获取结果：{"data":"登录成功","msg":"接口正常","code":"0000"}
[2017-10-23 17:52:16,404-logger.py]-INFO:编号：2，接口名称：站点运力列表，测试点：请求参数正确，响应：{'data': [], 'msg': '接口正常', 'code': '0000'}
[2017-10-23 17:52:16,407-logger.py]-INFO:fail
[2017-10-23 17:52:16,410-logger.py]-INFO:--------
[2017-10-23 17:52:16,467-logger.py]-INFO:调用登录方法，获取结果：{"data":"登录成功","msg":"接口正常","code":"0000"}
[2017-10-23 17:52:16,476-logger.py]-INFO:编号：3，接口名称：站点运力列表，测试点：beginTime传入为空，响应：{'data': {}, 'msg': '参数不能为空', 'code': '0025'}
[2017-10-23 17:52:16,477-logger.py]-INFO:fail
[2017-10-23 17:52:16,479-logger.py]-INFO:--------
[2017-10-23 17:52:16,521-logger.py]-INFO:调用登录方法，获取结果：{"data":"登录成功","msg":"接口正常","code":"0000"}
[2017-10-23 17:52:16,530-logger.py]-INFO:编号：4，接口名称：站点运力列表，测试点：endTime传入为空，响应：{'data': {}, 'msg': '参数不能为空', 'code': '0025'}
[2017-10-23 17:52:16,531-logger.py]-INFO:fail
[2017-10-23 17:52:16,532-logger.py]-INFO:--------
[2017-10-23 17:52:16,575-logger.py]-INFO:调用登录方法，获取结果：{"data":"登录成功","msg":"接口正常","code":"0000"}
[2017-10-23 17:52:16,589-logger.py]-INFO:编号：5，接口名称：站点运力列表，测试点：siteId传入为空，响应：{'data': {}, 'msg': '参数不能为空', 'code': '0025'}
[2017-10-23 17:52:16,591-logger.py]-INFO:fail
[2017-10-23 17:52:16,594-logger.py]-INFO:--------
[2017-10-23 17:52:16,664-logger.py]-INFO:调用登录方法，获取结果：{"data":"登录成功","msg":"接口正常","code":"0000"}
[2017-10-23 17:52:16,705-logger.py]-INFO:编号：6，接口名称：站点运力总详情，测试点：请求参数正确，响应：{'data': [{'id': 33569, 'state': null, 'createTime': null, 'updateTime': null, 'createUid': null, 'updateUid': null, 'provinceId': null, 'provinceName': null, 'cityId': null, 'cityName': null, 'siteId': '107555619', 'siteName': '天通苑站', 'siteDate': '2017-09-18', 'workerNum': 10, 'siteEfficiency': 49.7, 'orderEfficiencyNum': 497, 'orderTotalNum': 497, 'orderCommonNum': 497, 'dxOrderNumOriginal': 0, 'dxOrderNumAdjust': 0, 'batchOrderNum': 0, 'tempOrderNum': 0, 'tempDeliveryNum': 0, 'status': 2}], 'msg': '接口正常', 'code': '0000'}
[2017-10-23 17:52:16,707-logger.py]-INFO:fail
[2017-10-23 17:52:16,710-logger.py]-INFO:--------
[2017-10-23 17:52:16,766-logger.py]-INFO:调用登录方法，获取结果：{"data":"登录成功","msg":"接口正常","code":"0000"}
[2017-10-23 17:52:16,777-logger.py]-INFO:编号：7，接口名称：站点运力总详情，测试点：请求参数传入为空，响应：{'data': {}, 'msg': '参数错误', 'code': '0002'}
[2017-10-23 17:52:16,779-logger.py]-INFO:fail
[2017-10-23 17:52:16,780-logger.py]-INFO:--------
[2017-10-23 17:52:16,844-logger.py]-INFO:调用登录方法，获取结果：{"data":"登录成功","msg":"接口正常","code":"0000"}
[2017-10-23 17:52:16,878-logger.py]-INFO:编号：8，接口名称：站长站点信息，测试点：请求参数正确，响应：{'data': null, 'msg': '接口正常', 'code': '0000'}
[2017-10-23 17:52:16,879-logger.py]-INFO:fail
[2017-10-23 17:52:16,880-logger.py]-INFO:--------
[2017-10-23 17:52:16,923-logger.py]-INFO:调用登录方法，获取结果：{"data":"登录成功","msg":"接口正常","code":"0000"}
[2017-10-23 17:52:16,931-logger.py]-INFO:编号：9，接口名称：站长站点信息，测试点：请求参数传入为空，响应：{'data': {}, 'msg': '参数不能为空', 'code': '0025'}
[2017-10-23 17:52:16,932-logger.py]-INFO:fail
[2017-10-23 17:52:16,933-logger.py]-INFO:--------
[2017-10-23 17:52:16,982-logger.py]-INFO:调用登录方法，获取结果：{"data":"登录成功","msg":"接口正常","code":"0000"}
[2017-10-23 17:52:17,017-logger.py]-INFO:编号：10，接口名称：获取站点运力数据，测试点：请求参数正确，响应：{'data': null, 'msg': '接口正常', 'code': '0000'}
[2017-10-23 17:52:17,018-logger.py]-INFO:fail
[2017-10-23 17:52:17,019-logger.py]-INFO:--------
[2017-10-23 17:52:17,068-logger.py]-INFO:调用登录方法，获取结果：{"data":"登录成功","msg":"接口正常","code":"0000"}
[2017-10-23 17:52:17,077-logger.py]-INFO:编号：11，接口名称：获取站点运力数据，测试点：siteDetailId传入为空，响应：{'data': {}, 'msg': '参数不能为空', 'code': '0025'}
[2017-10-23 17:52:17,078-logger.py]-INFO:pass
[2017-10-23 17:52:17,079-logger.py]-INFO:--------
[2017-10-23 17:52:17,121-logger.py]-INFO:调用登录方法，获取结果：{"data":"登录成功","msg":"接口正常","code":"0000"}
[2017-10-23 17:52:17,155-logger.py]-INFO:编号：12，接口名称：获取站点运力数据，测试点：siteDetailId不存在，响应：{'data': null, 'msg': '接口正常', 'code': '0000'}
[2017-10-23 17:52:17,157-logger.py]-INFO:pass
[2017-10-23 17:52:17,158-logger.py]-INFO:--------
[2017-10-23 17:52:17,168-logger.py]-INFO:测试用例数：12  成功用例数：2  失败用例数：10
