[2017-10-25 17:12:45,459-logger.py]-INFO:调用登录方法，获取结果：{"data":"登录成功","msg":"接口正常","code":"0000"}
[2017-10-25 17:12:45,483-logger.py]-INFO:编号：1，接口名称：站点运力修改，测试点：请求参数正确，响应：{'data': [{'id': 0, 'state': null, 'createTime': null, 'updateTime': null, 'createUid': null, 'updateUid': null, 'deliveryName': '6', 'errMsg': 'id为6数据不存在，请联系系统管理员'}], 'msg': '接口正常', 'code': '0000'}
[2017-10-25 17:12:45,485-logger.py]-INFO:fail
[2017-10-25 17:12:45,486-logger.py]-INFO:--------
[2017-10-25 17:12:45,550-logger.py]-INFO:调用登录方法，获取结果：{"data":"登录成功","msg":"接口正常","code":"0000"}
[2017-10-25 17:12:45,568-logger.py]-INFO:编号：2，接口名称：站点运力列表，测试点：请求参数正确，响应：{'data': [], 'msg': '接口正常', 'code': '0000'}
[2017-10-25 17:12:45,570-logger.py]-INFO:pass
[2017-10-25 17:12:45,571-logger.py]-INFO:--------
[2017-10-25 17:12:45,623-logger.py]-INFO:调用登录方法，获取结果：{"data":"登录成功","msg":"接口正常","code":"0000"}
[2017-10-25 17:12:45,633-logger.py]-INFO:编号：3，接口名称：站点运力列表，测试点：beginTime传入为空，响应：{'data': {}, 'msg': '参数不能为空', 'code': '0025'}
[2017-10-25 17:12:45,634-logger.py]-INFO:pass
[2017-10-25 17:12:45,635-logger.py]-INFO:--------
[2017-10-25 17:12:45,689-logger.py]-INFO:调用登录方法，获取结果：{"data":"登录成功","msg":"接口正常","code":"0000"}
[2017-10-25 17:12:45,699-logger.py]-INFO:编号：4，接口名称：站点运力列表，测试点：endTime传入为空，响应：{'data': {}, 'msg': '参数不能为空', 'code': '0025'}
[2017-10-25 17:12:45,700-logger.py]-INFO:pass
[2017-10-25 17:12:45,700-logger.py]-INFO:--------
[2017-10-25 17:12:45,742-logger.py]-INFO:调用登录方法，获取结果：{"data":"登录成功","msg":"接口正常","code":"0000"}
[2017-10-25 17:12:45,750-logger.py]-INFO:编号：5，接口名称：站点运力列表，测试点：siteId传入为空，响应：{'data': {}, 'msg': '参数不能为空', 'code': '0025'}
[2017-10-25 17:12:45,750-logger.py]-INFO:pass
[2017-10-25 17:12:45,751-logger.py]-INFO:--------
[2017-10-25 17:12:45,800-logger.py]-INFO:调用登录方法，获取结果：{"data":"登录成功","msg":"接口正常","code":"0000"}
[2017-10-25 17:12:45,830-logger.py]-INFO:编号：6，接口名称：站点运力总详情，测试点：请求参数正确，响应：{'data': [{'id': 33569, 'state': null, 'createTime': null, 'updateTime': null, 'createUid': null, 'updateUid': null, 'provinceId': null, 'provinceName': null, 'cityId': null, 'cityName': null, 'siteId': '107555619', 'siteName': '天通苑站', 'siteDate': '2017-09-18', 'workerNum': 10, 'siteEfficiency': 49.7, 'orderEfficiencyNum': 497, 'orderTotalNum': 497, 'orderCommonNum': 497, 'dxOrderNumOriginal': 0, 'dxOrderNumAdjust': 0, 'batchOrderNum': 0, 'tempOrderNum': 0, 'tempDeliveryNum': 0, 'status': 2}], 'msg': '接口正常', 'code': '0000'}
[2017-10-25 17:12:45,831-logger.py]-INFO:pass
[2017-10-25 17:12:45,831-logger.py]-INFO:--------
[2017-10-25 17:12:45,875-logger.py]-INFO:调用登录方法，获取结果：{"data":"登录成功","msg":"接口正常","code":"0000"}
[2017-10-25 17:12:45,887-logger.py]-INFO:编号：7，接口名称：站点运力总详情，测试点：请求参数都为空，响应：{'data': {}, 'msg': '参数错误', 'code': '0002'}
[2017-10-25 17:12:45,889-logger.py]-INFO:pass
[2017-10-25 17:12:45,890-logger.py]-INFO:--------
[2017-10-25 17:12:45,952-logger.py]-INFO:调用登录方法，获取结果：{"data":"登录成功","msg":"接口正常","code":"0000"}
[2017-10-25 17:12:45,967-logger.py]-INFO:编号：8，接口名称：站长站点信息，测试点：请求参数正确，响应：{'data': null, 'msg': '接口正常', 'code': '0000'}
[2017-10-25 17:12:45,968-logger.py]-INFO:pass
[2017-10-25 17:12:45,968-logger.py]-INFO:--------
[2017-10-25 17:12:46,012-logger.py]-INFO:调用登录方法，获取结果：{"data":"登录成功","msg":"接口正常","code":"0000"}
[2017-10-25 17:12:46,021-logger.py]-INFO:编号：9，接口名称：站长站点信息，测试点：请求参数传入为空，响应：{'data': {}, 'msg': '参数不能为空', 'code': '0025'}
[2017-10-25 17:12:46,023-logger.py]-INFO:pass
[2017-10-25 17:12:46,024-logger.py]-INFO:--------
[2017-10-25 17:12:46,090-logger.py]-INFO:调用登录方法，获取结果：{"data":"登录成功","msg":"接口正常","code":"0000"}
[2017-10-25 17:12:46,106-logger.py]-INFO:编号：10，接口名称：获取站点运力数据，测试点：请求参数正确，响应：{'data': null, 'msg': '接口正常', 'code': '0000'}
[2017-10-25 17:12:46,107-logger.py]-INFO:pass
[2017-10-25 17:12:46,108-logger.py]-INFO:--------
[2017-10-25 17:12:46,156-logger.py]-INFO:调用登录方法，获取结果：{"data":"登录成功","msg":"接口正常","code":"0000"}
[2017-10-25 17:12:46,165-logger.py]-INFO:编号：11，接口名称：获取站点运力数据，测试点：siteDetailId传入为空，响应：{'data': {}, 'msg': '参数不能为空', 'code': '0025'}
[2017-10-25 17:12:46,166-logger.py]-INFO:pass
[2017-10-25 17:12:46,166-logger.py]-INFO:--------
[2017-10-25 17:12:46,211-logger.py]-INFO:调用登录方法，获取结果：{"data":"登录成功","msg":"接口正常","code":"0000"}
[2017-10-25 17:12:46,228-logger.py]-INFO:编号：12，接口名称：获取站点运力数据，测试点：siteDetailId不存在，响应：{'data': null, 'msg': '接口正常', 'code': '0000'}
[2017-10-25 17:12:46,229-logger.py]-INFO:pass
[2017-10-25 17:12:46,230-logger.py]-INFO:--------
[2017-10-25 17:12:46,241-logger.py]-INFO:测试用例数：12  成功用例数：11  失败用例数：1  开始时间：2017-10-25 17:12:45  运行时长：0:00:00.832047
