[2017-10-20 16:18:28,095-logger.py]-INFO:调用登录方法，获取结果：{"data":"登录成功","msg":"接口正常","code":"0000"}
[2017-10-20 16:18:28,151-logger.py]-INFO:编号：1，接口名称：站点运力修改，测试点：请求参数正确，响应：{'data': [{'id': 0, 'state': null, 'createTime': null, 'updateTime': null, 'createUid': null, 'updateUid': null, 'deliveryName': '6', 'errMsg': 'id为6数据不存在，请联系系统管理员'}], 'msg': '接口正常', 'code': '0000'}
[2017-10-20 16:18:28,158-logger.py]-INFO:false
[2017-10-20 16:18:28,164-logger.py]-INFO:--------
[2017-10-20 16:18:28,248-logger.py]-INFO:调用登录方法，获取结果：{"data":"登录成功","msg":"接口正常","code":"0000"}
[2017-10-20 16:18:28,292-logger.py]-INFO:编号：2，接口名称：站点运力列表，测试点：请求参数正确，响应：{'data': [], 'msg': '接口正常', 'code': '0000'}
[2017-10-20 16:18:28,299-logger.py]-INFO:pass
[2017-10-20 16:18:28,302-logger.py]-INFO:--------
[2017-10-20 16:18:28,368-logger.py]-INFO:调用登录方法，获取结果：{"data":"登录成功","msg":"接口正常","code":"0000"}
[2017-10-20 16:18:28,379-logger.py]-INFO:编号：3，接口名称：站点运力列表，测试点：beginTime传入为空，响应：{'data': {}, 'msg': '参数不能为空', 'code': '0025'}
[2017-10-20 16:18:28,381-logger.py]-INFO:pass
[2017-10-20 16:18:28,383-logger.py]-INFO:--------
[2017-10-20 16:18:28,433-logger.py]-INFO:调用登录方法，获取结果：{"data":"登录成功","msg":"接口正常","code":"0000"}
[2017-10-20 16:18:28,449-logger.py]-INFO:编号：4，接口名称：站点运力列表，测试点：endTime传入为空，响应：{'data': {}, 'msg': '参数不能为空', 'code': '0025'}
[2017-10-20 16:18:28,454-logger.py]-INFO:pass
[2017-10-20 16:18:28,458-logger.py]-INFO:--------
[2017-10-20 16:18:28,519-logger.py]-INFO:调用登录方法，获取结果：{"data":"登录成功","msg":"接口正常","code":"0000"}
[2017-10-20 16:18:28,530-logger.py]-INFO:编号：5，接口名称：站点运力列表，测试点：siteId传入为空，响应：{'data': {}, 'msg': '参数不能为空', 'code': '0025'}
[2017-10-20 16:18:28,533-logger.py]-INFO:pass
[2017-10-20 16:18:28,534-logger.py]-INFO:--------
[2017-10-20 16:18:28,590-logger.py]-INFO:调用登录方法，获取结果：{"data":"登录成功","msg":"接口正常","code":"0000"}
[2017-10-20 16:18:28,630-logger.py]-INFO:编号：6，接口名称：站点运力总详情，测试点：请求参数正确，响应：{'data': {}, 'msg': '未查询到数据', 'code': '0026'}
[2017-10-20 16:18:28,635-logger.py]-INFO:false
[2017-10-20 16:18:28,641-logger.py]-INFO:--------
[2017-10-20 16:18:28,705-logger.py]-INFO:调用登录方法，获取结果：{"data":"登录成功","msg":"接口正常","code":"0000"}
[2017-10-20 16:18:28,718-logger.py]-INFO:编号：7，接口名称：站点运力总详情，测试点：请求参数传入为空，响应：{'data': {}, 'msg': '参数错误', 'code': '0002'}
[2017-10-20 16:18:28,725-logger.py]-INFO:pass
[2017-10-20 16:18:28,732-logger.py]-INFO:--------
[2017-10-20 16:18:28,803-logger.py]-INFO:调用登录方法，获取结果：{"data":"登录成功","msg":"接口正常","code":"0000"}
[2017-10-20 16:18:28,838-logger.py]-INFO:编号：8，接口名称：站长站点信息，测试点：请求参数正确，响应：{'data': null, 'msg': '接口正常', 'code': '0000'}
[2017-10-20 16:18:28,840-logger.py]-INFO:pass
[2017-10-20 16:18:28,843-logger.py]-INFO:--------
[2017-10-20 16:18:28,891-logger.py]-INFO:调用登录方法，获取结果：{"data":"登录成功","msg":"接口正常","code":"0000"}
[2017-10-20 16:18:28,904-logger.py]-INFO:编号：9，接口名称：站长站点信息，测试点：请求参数传入为空，响应：{'data': {}, 'msg': '参数不能为空', 'code': '0025'}
[2017-10-20 16:18:28,908-logger.py]-INFO:pass
[2017-10-20 16:18:28,912-logger.py]-INFO:--------
[2017-10-20 16:18:28,983-logger.py]-INFO:调用登录方法，获取结果：{"data":"登录成功","msg":"接口正常","code":"0000"}
[2017-10-20 16:18:29,018-logger.py]-INFO:编号：10，接口名称：获取站点运力数据，测试点：请求参数正确，响应：{'data': null, 'msg': '接口正常', 'code': '0000'}
[2017-10-20 16:18:29,022-logger.py]-INFO:false
[2017-10-20 16:18:29,027-logger.py]-INFO:--------
[2017-10-20 16:18:29,088-logger.py]-INFO:调用登录方法，获取结果：{"data":"登录成功","msg":"接口正常","code":"0000"}
[2017-10-20 16:18:29,100-logger.py]-INFO:编号：11，接口名称：获取站点运力数据，测试点：siteDetailId传入为空，响应：{'data': {}, 'msg': '参数不能为空', 'code': '0025'}
[2017-10-20 16:18:29,102-logger.py]-INFO:pass
[2017-10-20 16:18:29,104-logger.py]-INFO:--------
[2017-10-20 16:18:29,156-logger.py]-INFO:调用登录方法，获取结果：{"data":"登录成功","msg":"接口正常","code":"0000"}
[2017-10-20 16:18:29,193-logger.py]-INFO:编号：12，接口名称：获取站点运力数据，测试点：siteDetailId不存在，响应：{'data': null, 'msg': '接口正常', 'code': '0000'}
[2017-10-20 16:18:29,195-logger.py]-INFO:pass
[2017-10-20 16:18:29,197-logger.py]-INFO:--------
[2017-10-20 16:18:29,207-logger.py]-INFO:总计12条用例，执行通过9条用例，失败3条用例
