[2017-09-22 09:40:25,767-logger.py]-INFO:调用登录方法，获取结果：b'{"data":"\xe7\x99\xbb\xe5\xbd\x95\xe6\x88\x90\xe5\x8a\x9f","msg":"\xe6\x8e\xa5\xe5\x8f\xa3\xe6\xad\xa3\xe5\xb8\xb8","code":"0000"}'
[2017-09-22 09:49:03,836-logger.py]-INFO:调用登录方法，获取结果：{"data":"登录成功","msg":"接口正常","code":"0000"}
[2017-09-22 10:23:51,442-logger.py]-INFO:---站点运力修改接口测试---
[2017-09-22 10:23:51,509-logger.py]-INFO:调用登录方法，获取结果：{"data":"登录成功","msg":"接口正常","code":"0000"}
[2017-09-22 10:23:57,218-logger.py]-INFO:---站点运力修改接口测试---
[2017-09-22 10:23:57,275-logger.py]-INFO:调用登录方法，获取结果：{"data":"登录成功","msg":"接口正常","code":"0000"}
[2017-09-22 10:51:04,169-logger.py]-INFO:---站点运力修改接口测试---
[2017-09-22 10:51:04,233-logger.py]-INFO:调用登录方法，获取结果：{"data":"登录成功","msg":"接口正常","code":"0000"}
[2017-09-22 10:51:19,184-logger.py]-INFO:---站点运力修改接口测试---
[2017-09-22 10:51:19,244-logger.py]-INFO:调用登录方法，获取结果：{"data":"登录成功","msg":"接口正常","code":"0000"}
[2017-09-22 10:58:27,884-logger.py]-INFO:---站点运力修改接口测试---
[2017-09-22 10:58:27,943-logger.py]-INFO:调用登录方法，获取结果：{"data":"登录成功","msg":"接口正常","code":"0000"}
[2017-09-22 11:54:12,922-logger.py]-INFO:---站点运力修改接口测试---
[2017-09-22 11:54:12,975-logger.py]-INFO:调用登录方法，获取结果：{"data":"登录成功","msg":"接口正常","code":"0000"}
[2017-09-22 11:55:41,757-logger.py]-INFO:---站点运力修改接口测试---
[2017-09-22 11:55:41,813-logger.py]-INFO:调用登录方法，获取结果：{"data":"登录成功","msg":"接口正常","code":"0000"}
[2017-09-22 11:56:10,744-logger.py]-INFO:---站点运力修改接口测试---
[2017-09-22 11:56:10,798-logger.py]-INFO:调用登录方法，获取结果：{"data":"登录成功","msg":"接口正常","code":"0000"}
[2017-09-22 11:59:42,947-logger.py]-INFO:---站点运力修改接口测试---
[2017-09-22 11:59:43,005-logger.py]-INFO:调用登录方法，获取结果：{"data":"登录成功","msg":"接口正常","code":"0000"}
[2017-09-22 15:12:13,989-logger.py]-INFO:---站点运力修改接口测试---
[2017-09-22 15:12:14,070-logger.py]-INFO:调用登录方法，获取结果：{"data":"登录成功","msg":"接口正常","code":"0000"}
[2017-09-22 15:12:26,351-logger.py]-INFO:---站点运力修改接口测试---
[2017-09-22 15:12:54,887-logger.py]-INFO:调用登录方法，获取结果：{"data":"登录成功","msg":"接口正常","code":"0000"}
[2017-09-22 15:13:41,893-logger.py]-INFO:---站点运力修改接口测试---
[2017-09-22 15:13:51,329-logger.py]-INFO:调用登录方法，获取结果：{"data":"登录成功","msg":"接口正常","code":"0000"}
[2017-09-22 15:22:16,990-logger.py]-INFO:---站点运力修改接口测试---
[2017-09-22 15:22:16,996-logger.py]-INFO:---1.修改一条记录：start!---
[2017-09-22 15:22:17,071-logger.py]-INFO:调用登录方法，获取结果：{"data":"登录成功","msg":"接口正常","code":"0000"}
[2017-09-22 15:22:17,265-logger.py]-INFO:---pass---
[2017-09-22 15:22:17,267-logger.py]-INFO:
[2017-09-22 15:22:17,277-logger.py]-INFO:---2.批量修改多条记录：start!---
[2017-09-22 15:22:17,350-logger.py]-INFO:调用登录方法，获取结果：{"data":"登录成功","msg":"接口正常","code":"0000"}
[2017-09-22 15:22:17,697-logger.py]-INFO:---pass---
[2017-09-22 15:22:17,698-logger.py]-INFO:
[2017-09-22 15:22:17,699-logger.py]-INFO:---3.批量修改多条记录：start!---
[2017-09-22 15:22:17,765-logger.py]-INFO:调用登录方法，获取结果：{"data":"登录成功","msg":"接口正常","code":"0000"}
[2017-09-22 15:36:23,892-logger.py]-INFO:---站点运力修改接口测试---
[2017-09-22 15:36:23,899-logger.py]-INFO:---1.修改一条记录：start!---
[2017-09-22 15:36:23,965-logger.py]-INFO:调用登录方法，获取结果：{"data":"登录成功","msg":"接口正常","code":"0000"}
[2017-09-22 15:36:24,144-logger.py]-INFO:---pass---
[2017-09-22 15:36:24,145-logger.py]-INFO:
[2017-09-22 15:36:24,146-logger.py]-INFO:---2.批量修改多条记录：start!---
[2017-09-22 15:36:24,219-logger.py]-INFO:调用登录方法，获取结果：{"data":"登录成功","msg":"接口正常","code":"0000"}
[2017-09-22 15:36:24,541-logger.py]-INFO:---pass---
[2017-09-22 15:36:24,541-logger.py]-INFO:
[2017-09-22 15:36:24,542-logger.py]-INFO:---3.datas传入为空：start!---
[2017-09-22 15:36:24,603-logger.py]-INFO:调用登录方法，获取结果：{"data":"登录成功","msg":"接口正常","code":"0000"}
[2017-09-22 15:36:24,689-logger.py]-INFO:---pass---
[2017-09-22 15:36:24,690-logger.py]-INFO:
[2017-09-22 15:52:34,137-logger.py]-INFO:---站点运力修改接口测试---
[2017-09-22 15:52:34,174-logger.py]-INFO:---站点列表接口测试---
[2017-09-22 15:52:34,227-logger.py]-INFO:---站点运力列表接口测试---
[2017-09-22 15:52:34,251-logger.py]-INFO:---站长站点信息接口测试---
[2017-09-22 15:52:34,254-logger.py]-INFO:---1.修改一条记录：start!---
[2017-09-22 15:52:35,379-logger.py]-INFO:调用登录方法，获取结果：{"data":"登录成功","msg":"接口正常","code":"0000"}
[2017-09-22 15:52:36,736-logger.py]-INFO:---pass---
[2017-09-22 15:52:36,737-logger.py]-INFO:
[2017-09-22 15:52:36,738-logger.py]-INFO:---2.批量修改多条记录：start!---
[2017-09-22 15:52:36,866-logger.py]-INFO:调用登录方法，获取结果：{"data":"登录成功","msg":"接口正常","code":"0000"}
[2017-09-22 15:52:37,199-logger.py]-INFO:---pass---
[2017-09-22 15:52:37,200-logger.py]-INFO:
[2017-09-22 15:52:37,201-logger.py]-INFO:---3.datas传入为空：start!---
[2017-09-22 15:52:37,303-logger.py]-INFO:调用登录方法，获取结果：{"data":"登录成功","msg":"接口正常","code":"0000"}
[2017-09-22 15:52:37,400-logger.py]-INFO:---pass---
[2017-09-22 15:52:37,401-logger.py]-INFO:
[2017-09-22 15:52:37,402-logger.py]-INFO:---1.请求参数正确：start!---
[2017-09-22 15:52:37,484-logger.py]-INFO:---获取响应结果：{'data': [{'id': None, 'state': None, 'createTime': None, 'updateTime': None, 'createUid': None, 'updateUid': None, 'orgCode': '3504942', 'cooperationType': None, 'orgType': None, 'orgName': '广东', 'provinceName': None, 'cityName': None, 'countyName': None, 'address': None, 'leader': None, 'tel': None, 'parentCode': None, 'level': None}], 'msg': '接口正常', 'code': '0000'}
[2017-09-22 15:52:37,496-logger.py]-INFO:---pass---
[2017-09-22 15:52:37,498-logger.py]-INFO:
[2017-09-22 15:52:37,500-logger.py]-INFO:---2.cityCompanyCode传入为空：start!---
[2017-09-22 15:52:37,525-logger.py]-INFO:---获取响应结果：{'data': [], 'msg': '接口正常', 'code': '0000'}
[2017-09-22 15:52:37,536-logger.py]-INFO:---pass---
[2017-09-22 15:52:37,537-logger.py]-INFO:
[2017-09-22 15:52:37,539-logger.py]-INFO:---3.cityCompanyCode传入不存在的市公司编码：start!---
[2017-09-22 15:52:37,763-logger.py]-INFO:---获取响应结果：{'data': [], 'msg': '接口正常', 'code': '0000'}
[2017-09-22 15:52:37,767-logger.py]-INFO:---pass---
[2017-09-22 15:52:37,768-logger.py]-INFO:
[2017-09-22 15:52:37,770-logger.py]-INFO:---1.请求参数正确：start!---
[2017-09-22 15:52:37,891-logger.py]-INFO:---站点运力列表接口响应：{'data': [{'id': None, 'state': None, 'createTime': None, 'updateTime': None, 'createUid': None, 'updateUid': None, 'siteId': '22', 'siteName': '米兰站', 'siteDetailId': 1, 'siteDate': '2017-08-31', 'orderEfficiencyNum': 143, 'orderTotalNum': 1000, 'orderCommonNum': 810, 'dxOrderNumOriginal': 100, 'dxOrderNumAdjust': 80, 'batchOrderNum': 23, 'tempOrderNum': 110, 'tempDeliveryNum': 2, 'workerNum': 20, 'siteEfficiency': 7.15, 'status': 2, 'startTime': None, 'endTime': None, 'statusStr': None, 'provinceId': None, 'cityId': None, 'keyWords': None, 'beginTime': None}, {'id': None, 'state': None, 'createTime': None, 'updateTime': None, 'createUid': None, 'updateUid': None, 'siteId': '22', 'siteName': '米兰站', 'siteDetailId': 2, 'siteDate': '2017-08-30', 'orderEfficiencyNum': 801, 'orderTotalNum': 1001, 'orderCommonNum': 811, 'dxOrderNumOriginal': 100, 'dxOrderNumAdjust': 80, 'batchOrderNum': 120, 'tempOrderNum': 110, 'tempDeliveryNum': 1, 'workerNum': 20, 'siteEfficiency': 36.37, 'status': 0, 'startTime': None, 'endTime': None, 'statusStr': None, 'provinceId': None, 'cityId': None, 'keyWords': None, 'beginTime': None}], 'msg': '接口正常', 'code': '0000'}
[2017-09-22 15:52:37,944-logger.py]-INFO:---pass---
[2017-09-22 15:52:37,945-logger.py]-INFO:
[2017-09-22 15:52:37,947-logger.py]-INFO:---2.beginTime大于endTime：start!---
[2017-09-22 15:52:37,977-logger.py]-INFO:---站点运力列表接口响应：{'data': [], 'msg': '接口正常', 'code': '0000'}
[2017-09-22 15:52:37,997-logger.py]-INFO:---pass---
[2017-09-22 15:52:38,000-logger.py]-INFO:
[2017-09-22 15:52:38,002-logger.py]-INFO:---3.beginTime传入为空：start!---
[2017-09-22 15:52:38,019-logger.py]-INFO:---站点运力列表接口响应：{'data': {}, 'msg': '参数不能为空', 'code': '0025'}
[2017-09-22 15:52:38,029-logger.py]-INFO:---pass---
[2017-09-22 15:52:38,030-logger.py]-INFO:
[2017-09-22 15:52:38,031-logger.py]-INFO:---4.endTime传入为空：start!---
[2017-09-22 15:52:38,246-logger.py]-INFO:---站点运力列表接口响应：{'data': {}, 'msg': '参数不能为空', 'code': '0025'}
[2017-09-22 15:52:38,257-logger.py]-INFO:---pass---
[2017-09-22 15:52:38,258-logger.py]-INFO:
[2017-09-22 15:52:38,260-logger.py]-INFO:---5.siteId传入为空：start!---
[2017-09-22 15:52:38,277-logger.py]-INFO:---站点运力列表接口响应：{'data': {}, 'msg': '参数不能为空', 'code': '0025'}
[2017-09-22 15:52:38,289-logger.py]-INFO:---pass---
[2017-09-22 15:52:38,290-logger.py]-INFO:
[2017-09-22 15:52:38,291-logger.py]-INFO:---6.beginTime,endTime和siteId传入为空：start!---
[2017-09-22 15:52:38,336-logger.py]-INFO:---站点运力列表接口响应：{'data': {}, 'msg': '参数不能为空', 'code': '0025'}
[2017-09-22 15:52:38,347-logger.py]-INFO:---pass---
[2017-09-22 15:52:38,349-logger.py]-INFO:
[2017-09-22 15:52:38,350-logger.py]-INFO:---1.请求参数正确：start!---
[2017-09-22 15:52:38,383-logger.py]-INFO:---站长站点信息接口响应：{'data': {'id': None, 'state': None, 'createTime': None, 'updateTime': None, 'createUid': None, 'updateUid': None, 'orgCode': '22', 'cooperationType': None, 'orgType': None, 'orgName': '米兰站', 'provinceName': None, 'cityName': None, 'countyName': None, 'address': None, 'leader': None, 'tel': None, 'parentCode': None, 'level': None}, 'msg': '接口正常', 'code': '0000'}
[2017-09-22 15:52:38,390-logger.py]-INFO:---pass---
[2017-09-22 15:52:38,391-logger.py]-INFO:
[2017-09-22 15:52:38,393-logger.py]-INFO:---2.userCode传入不存在：start!---
[2017-09-22 15:52:38,422-logger.py]-INFO:---站长站点信息接口响应：{'data': None, 'msg': '接口正常', 'code': '0000'}
[2017-09-22 15:52:38,427-logger.py]-INFO:---pass---
[2017-09-22 15:52:38,428-logger.py]-INFO:
[2017-09-22 15:52:38,429-logger.py]-INFO:---3.userCode传入为空：start!---
[2017-09-22 15:52:38,446-logger.py]-INFO:---站长站点信息接口响应：{'data': {}, 'msg': '参数不能为空', 'code': '0025'}
[2017-09-22 15:52:38,451-logger.py]-INFO:---pass---
[2017-09-22 15:52:38,453-logger.py]-INFO:
