[2017-10-20 16:18:59,724-logger.py]-INFO:调用登录方法，获取结果：{"data":"登录成功","msg":"接口正常","code":"0000"}
[2017-10-20 16:18:59,965-logger.py]-INFO:编号：1，接口名称：站点运力修改，测试点：请求参数正确，响应：{'data': [{'id': 0, 'state': null, 'createTime': null, 'updateTime': null, 'createUid': null, 'updateUid': null, 'deliveryName': '6', 'errMsg': 'id为6数据不存在，请联系系统管理员'}], 'msg': '接口正常', 'code': '0000'}
[2017-10-20 16:18:59,971-logger.py]-INFO:false
[2017-10-20 16:18:59,978-logger.py]-INFO:--------
[2017-10-20 16:19:00,061-logger.py]-INFO:调用登录方法，获取结果：{"data":"登录成功","msg":"接口正常","code":"0000"}
[2017-10-20 16:19:00,102-logger.py]-INFO:编号：2，接口名称：站点运力列表，测试点：请求参数正确，响应：{'data': [], 'msg': '接口正常', 'code': '0000'}
[2017-10-20 16:19:00,109-logger.py]-INFO:pass
[2017-10-20 16:19:00,115-logger.py]-INFO:--------
[2017-10-20 16:19:00,198-logger.py]-INFO:调用登录方法，获取结果：{"data":"登录成功","msg":"接口正常","code":"0000"}
[2017-10-20 16:19:00,218-logger.py]-INFO:编号：3，接口名称：站点运力列表，测试点：beginTime传入为空，响应：{'data': {}, 'msg': '参数不能为空', 'code': '0025'}
[2017-10-20 16:19:00,225-logger.py]-INFO:pass
[2017-10-20 16:19:00,231-logger.py]-INFO:--------
[2017-10-20 16:19:00,313-logger.py]-INFO:调用登录方法，获取结果：{"data":"登录成功","msg":"接口正常","code":"0000"}
[2017-10-20 16:19:00,334-logger.py]-INFO:编号：4，接口名称：站点运力列表，测试点：endTime传入为空，响应：{'data': {}, 'msg': '参数不能为空', 'code': '0025'}
[2017-10-20 16:19:00,340-logger.py]-INFO:pass
[2017-10-20 16:19:00,343-logger.py]-INFO:--------
[2017-10-20 16:19:00,408-logger.py]-INFO:调用登录方法，获取结果：{"data":"登录成功","msg":"接口正常","code":"0000"}
[2017-10-20 16:19:00,429-logger.py]-INFO:编号：5，接口名称：站点运力列表，测试点：siteId传入为空，响应：{'data': {}, 'msg': '参数不能为空', 'code': '0025'}
[2017-10-20 16:19:00,433-logger.py]-INFO:pass
[2017-10-20 16:19:00,436-logger.py]-INFO:--------
[2017-10-20 16:19:00,504-logger.py]-INFO:调用登录方法，获取结果：{"data":"登录成功","msg":"接口正常","code":"0000"}
[2017-10-20 16:19:00,544-logger.py]-INFO:编号：6，接口名称：站点运力总详情，测试点：请求参数正确，响应：{'data': {}, 'msg': '未查询到数据', 'code': '0026'}
[2017-10-20 16:19:00,550-logger.py]-INFO:false
[2017-10-20 16:19:00,555-logger.py]-INFO:--------
[2017-10-20 16:19:00,619-logger.py]-INFO:调用登录方法，获取结果：{"data":"登录成功","msg":"接口正常","code":"0000"}
[2017-10-20 16:19:00,629-logger.py]-INFO:编号：7，接口名称：站点运力总详情，测试点：请求参数传入为空，响应：{'data': {}, 'msg': '参数错误', 'code': '0002'}
[2017-10-20 16:19:00,632-logger.py]-INFO:pass
[2017-10-20 16:19:00,633-logger.py]-INFO:--------
[2017-10-20 16:19:00,686-logger.py]-INFO:调用登录方法，获取结果：{"data":"登录成功","msg":"接口正常","code":"0000"}
[2017-10-20 16:19:00,718-logger.py]-INFO:编号：8，接口名称：站长站点信息，测试点：请求参数正确，响应：{'data': null, 'msg': '接口正常', 'code': '0000'}
[2017-10-20 16:19:00,720-logger.py]-INFO:pass
[2017-10-20 16:19:00,721-logger.py]-INFO:--------
[2017-10-20 16:19:00,765-logger.py]-INFO:调用登录方法，获取结果：{"data":"登录成功","msg":"接口正常","code":"0000"}
[2017-10-20 16:19:00,774-logger.py]-INFO:编号：9，接口名称：站长站点信息，测试点：请求参数传入为空，响应：{'data': {}, 'msg': '参数不能为空', 'code': '0025'}
[2017-10-20 16:19:00,776-logger.py]-INFO:pass
[2017-10-20 16:19:00,777-logger.py]-INFO:--------
[2017-10-20 16:19:00,833-logger.py]-INFO:调用登录方法，获取结果：{"data":"登录成功","msg":"接口正常","code":"0000"}
[2017-10-20 16:19:00,869-logger.py]-INFO:编号：10，接口名称：获取站点运力数据，测试点：请求参数正确，响应：{'data': null, 'msg': '接口正常', 'code': '0000'}
[2017-10-20 16:19:00,873-logger.py]-INFO:false
[2017-10-20 16:19:00,876-logger.py]-INFO:--------
[2017-10-20 16:19:00,930-logger.py]-INFO:调用登录方法，获取结果：{"data":"登录成功","msg":"接口正常","code":"0000"}
[2017-10-20 16:19:00,943-logger.py]-INFO:编号：11，接口名称：获取站点运力数据，测试点：siteDetailId传入为空，响应：{'data': {}, 'msg': '参数不能为空', 'code': '0025'}
[2017-10-20 16:19:00,946-logger.py]-INFO:pass
[2017-10-20 16:19:00,949-logger.py]-INFO:--------
[2017-10-20 16:19:01,000-logger.py]-INFO:调用登录方法，获取结果：{"data":"登录成功","msg":"接口正常","code":"0000"}
[2017-10-20 16:19:01,039-logger.py]-INFO:编号：12，接口名称：获取站点运力数据，测试点：siteDetailId不存在，响应：{'data': null, 'msg': '接口正常', 'code': '0000'}
[2017-10-20 16:19:01,046-logger.py]-INFO:pass
[2017-10-20 16:19:01,053-logger.py]-INFO:--------
[2017-10-20 16:19:01,088-logger.py]-INFO:总计12条用例，执行通过9条用例，失败3条用例
