[2017-10-27 11:21:29,055-logger.py]-INFO:调用登录方法，获取结果：{"data":"登录成功","msg":"接口正常","code":"0000"}
[2017-10-27 11:21:29,082-logger.py]-INFO:编号：1，接口名称：站点运力修改，测试点：请求参数正确，响应：{'data': [{'id': 0, 'state': null, 'createTime': null, 'updateTime': null, 'createUid': null, 'updateUid': null, 'deliveryName': '6', 'errMsg': 'id为6数据不存在，请联系系统管理员'}], 'msg': '接口正常', 'code': '0000'}
[2017-10-27 11:21:29,084-logger.py]-INFO:fail
[2017-10-27 11:21:29,085-logger.py]-INFO:--------
[2017-10-27 11:21:29,144-logger.py]-INFO:调用登录方法，获取结果：{"data":"登录成功","msg":"接口正常","code":"0000"}
[2017-10-27 11:21:29,168-logger.py]-INFO:编号：2，接口名称：站点运力列表，测试点：请求参数正确，响应：{'data': [], 'msg': '接口正常', 'code': '0000'}
[2017-10-27 11:21:29,173-logger.py]-INFO:pass
[2017-10-27 11:21:29,178-logger.py]-INFO:--------
[2017-10-27 11:21:29,246-logger.py]-INFO:调用登录方法，获取结果：{"data":"登录成功","msg":"接口正常","code":"0000"}
[2017-10-27 11:21:29,260-logger.py]-INFO:编号：3，接口名称：站点运力列表，测试点：beginTime传入为空，响应：{'data': {}, 'msg': '参数不能为空', 'code': '0025'}
[2017-10-27 11:21:29,265-logger.py]-INFO:pass
[2017-10-27 11:21:29,269-logger.py]-INFO:--------
[2017-10-27 11:21:29,327-logger.py]-INFO:调用登录方法，获取结果：{"data":"登录成功","msg":"接口正常","code":"0000"}
[2017-10-27 11:21:29,338-logger.py]-INFO:编号：4，接口名称：站点运力列表，测试点：endTime传入为空，响应：{'data': {}, 'msg': '参数不能为空', 'code': '0025'}
[2017-10-27 11:21:29,340-logger.py]-INFO:pass
[2017-10-27 11:21:29,341-logger.py]-INFO:--------
[2017-10-27 11:21:29,399-logger.py]-INFO:调用登录方法，获取结果：{"data":"登录成功","msg":"接口正常","code":"0000"}
[2017-10-27 11:21:29,425-logger.py]-INFO:编号：5，接口名称：站点运力列表，测试点：siteId传入为空，响应：{'data': {}, 'msg': '参数不能为空', 'code': '0025'}
[2017-10-27 11:21:29,434-logger.py]-INFO:pass
[2017-10-27 11:21:29,442-logger.py]-INFO:--------
[2017-10-27 11:21:29,533-logger.py]-INFO:调用登录方法，获取结果：{"data":"登录成功","msg":"接口正常","code":"0000"}
[2017-10-27 11:21:29,577-logger.py]-INFO:编号：6，接口名称：站点运力总详情，测试点：请求参数正确，响应：{'data': [{'id': 33569, 'state': null, 'createTime': null, 'updateTime': null, 'createUid': null, 'updateUid': null, 'provinceId': null, 'provinceName': null, 'cityId': null, 'cityName': null, 'siteId': '107555619', 'siteName': '天通苑站', 'siteDate': '2017-09-18', 'workerNum': 10, 'siteEfficiency': 49.7, 'orderEfficiencyNum': 497, 'orderTotalNum': 497, 'orderCommonNum': 497, 'dxOrderNumOriginal': 0, 'dxOrderNumAdjust': 0, 'batchOrderNum': 0, 'tempOrderNum': 0, 'tempDeliveryNum': 0, 'status': 2}], 'msg': '接口正常', 'code': '0000'}
[2017-10-27 11:21:29,580-logger.py]-INFO:pass
[2017-10-27 11:21:29,583-logger.py]-INFO:--------
[2017-10-27 11:21:29,639-logger.py]-INFO:调用登录方法，获取结果：{"data":"登录成功","msg":"接口正常","code":"0000"}
[2017-10-27 11:21:29,649-logger.py]-INFO:编号：7，接口名称：站点运力总详情，测试点：请求参数都为空，响应：{'data': {}, 'msg': '参数错误', 'code': '0002'}
[2017-10-27 11:21:29,651-logger.py]-INFO:pass
[2017-10-27 11:21:29,653-logger.py]-INFO:--------
[2017-10-27 11:21:29,711-logger.py]-INFO:调用登录方法，获取结果：{"data":"登录成功","msg":"接口正常","code":"0000"}
[2017-10-27 11:21:29,729-logger.py]-INFO:编号：8，接口名称：站长站点信息，测试点：请求参数正确，响应：{'data': null, 'msg': '接口正常', 'code': '0000'}
[2017-10-27 11:21:29,732-logger.py]-INFO:pass
[2017-10-27 11:21:29,734-logger.py]-INFO:--------
[2017-10-27 11:21:29,788-logger.py]-INFO:调用登录方法，获取结果：{"data":"登录成功","msg":"接口正常","code":"0000"}
[2017-10-27 11:21:29,805-logger.py]-INFO:编号：9，接口名称：站长站点信息，测试点：请求参数传入为空，响应：{'data': {}, 'msg': '参数不能为空', 'code': '0025'}
[2017-10-27 11:21:29,806-logger.py]-INFO:pass
[2017-10-27 11:21:29,809-logger.py]-INFO:--------
[2017-10-27 11:21:29,866-logger.py]-INFO:调用登录方法，获取结果：{"data":"登录成功","msg":"接口正常","code":"0000"}
[2017-10-27 11:21:29,886-logger.py]-INFO:编号：10，接口名称：获取站点运力数据，测试点：请求参数正确，响应：{'data': null, 'msg': '接口正常', 'code': '0000'}
[2017-10-27 11:21:29,890-logger.py]-INFO:pass
[2017-10-27 11:21:29,894-logger.py]-INFO:--------
[2017-10-27 11:21:29,948-logger.py]-INFO:调用登录方法，获取结果：{"data":"登录成功","msg":"接口正常","code":"0000"}
[2017-10-27 11:21:29,958-logger.py]-INFO:编号：11，接口名称：获取站点运力数据，测试点：siteDetailId传入为空，响应：{'data': {}, 'msg': '参数不能为空', 'code': '0025'}
[2017-10-27 11:21:29,960-logger.py]-INFO:pass
[2017-10-27 11:21:29,962-logger.py]-INFO:--------
[2017-10-27 11:21:30,011-logger.py]-INFO:调用登录方法，获取结果：{"data":"登录成功","msg":"接口正常","code":"0000"}
[2017-10-27 11:21:30,030-logger.py]-INFO:编号：12，接口名称：获取站点运力数据，测试点：siteDetailId不存在，响应：{'data': null, 'msg': '接口正常', 'code': '0000'}
[2017-10-27 11:21:30,032-logger.py]-INFO:pass
[2017-10-27 11:21:30,035-logger.py]-INFO:--------
[2017-10-27 11:21:30,048-logger.py]-INFO:测试用例数：12  成功用例数：11  失败用例数：1  开始时间：2017-10-27 11:21:28  运行时长：0:00:01.046060
