[2017-10-24 15:43:32,222-logger.py]-INFO:调用登录方法，获取结果：{"data":"登录成功","msg":"接口正常","code":"0000"}
[2017-10-24 15:43:32,282-logger.py]-INFO:编号：1，接口名称：站点运力修改，测试点：请求参数正确，响应：{'data': [{'id': 0, 'state': null, 'createTime': null, 'updateTime': null, 'createUid': null, 'updateUid': null, 'deliveryName': '6', 'errMsg': 'id为6数据不存在，请联系系统管理员'}], 'msg': '接口正常', 'code': '0000'}
[2017-10-24 15:43:32,290-logger.py]-INFO:fail
[2017-10-24 15:43:32,297-logger.py]-INFO:--------
[2017-10-24 15:43:32,384-logger.py]-INFO:调用登录方法，获取结果：{"data":"登录成功","msg":"接口正常","code":"0000"}
[2017-10-24 15:43:32,432-logger.py]-INFO:编号：2，接口名称：站点运力列表，测试点：请求参数正确，响应：{'data': [], 'msg': '接口正常', 'code': '0000'}
[2017-10-24 15:43:32,435-logger.py]-INFO:pass
[2017-10-24 15:43:32,438-logger.py]-INFO:--------
[2017-10-24 15:43:32,495-logger.py]-INFO:调用登录方法，获取结果：{"data":"登录成功","msg":"接口正常","code":"0000"}
[2017-10-24 15:43:32,508-logger.py]-INFO:编号：3，接口名称：站点运力列表，测试点：beginTime传入为空，响应：{'data': {}, 'msg': '参数不能为空', 'code': '0025'}
[2017-10-24 15:43:32,511-logger.py]-INFO:pass
[2017-10-24 15:43:32,514-logger.py]-INFO:--------
[2017-10-24 15:43:32,567-logger.py]-INFO:调用登录方法，获取结果：{"data":"登录成功","msg":"接口正常","code":"0000"}
[2017-10-24 15:43:32,581-logger.py]-INFO:编号：4，接口名称：站点运力列表，测试点：endTime传入为空，响应：{'data': {}, 'msg': '参数不能为空', 'code': '0025'}
[2017-10-24 15:43:32,585-logger.py]-INFO:pass
[2017-10-24 15:43:32,589-logger.py]-INFO:--------
[2017-10-24 15:43:32,635-logger.py]-INFO:调用登录方法，获取结果：{"data":"登录成功","msg":"接口正常","code":"0000"}
[2017-10-24 15:43:32,647-logger.py]-INFO:编号：5，接口名称：站点运力列表，测试点：siteId传入为空，响应：{'data': {}, 'msg': '参数不能为空', 'code': '0025'}
[2017-10-24 15:43:32,649-logger.py]-INFO:pass
[2017-10-24 15:43:32,652-logger.py]-INFO:--------
[2017-10-24 15:43:32,706-logger.py]-INFO:调用登录方法，获取结果：{"data":"登录成功","msg":"接口正常","code":"0000"}
[2017-10-24 15:43:32,745-logger.py]-INFO:编号：6，接口名称：站点运力总详情，测试点：请求参数正确，响应：{'data': [{'id': 33569, 'state': null, 'createTime': null, 'updateTime': null, 'createUid': null, 'updateUid': null, 'provinceId': null, 'provinceName': null, 'cityId': null, 'cityName': null, 'siteId': '107555619', 'siteName': '天通苑站', 'siteDate': '2017-09-18', 'workerNum': 10, 'siteEfficiency': 49.7, 'orderEfficiencyNum': 497, 'orderTotalNum': 497, 'orderCommonNum': 497, 'dxOrderNumOriginal': 0, 'dxOrderNumAdjust': 0, 'batchOrderNum': 0, 'tempOrderNum': 0, 'tempDeliveryNum': 0, 'status': 2}], 'msg': '接口正常', 'code': '0000'}
[2017-10-24 15:43:32,747-logger.py]-INFO:pass
[2017-10-24 15:43:32,749-logger.py]-INFO:--------
[2017-10-24 15:43:32,812-logger.py]-INFO:调用登录方法，获取结果：{"data":"登录成功","msg":"接口正常","code":"0000"}
[2017-10-24 15:43:33,023-logger.py]-INFO:编号：7，接口名称：站点运力总详情，测试点：请求参数都为空，响应：{'data': {}, 'msg': '参数错误', 'code': '0002'}
[2017-10-24 15:43:33,025-logger.py]-INFO:pass
[2017-10-24 15:43:33,026-logger.py]-INFO:--------
[2017-10-24 15:43:33,096-logger.py]-INFO:调用登录方法，获取结果：{"data":"登录成功","msg":"接口正常","code":"0000"}
[2017-10-24 15:43:33,136-logger.py]-INFO:编号：8，接口名称：站长站点信息，测试点：请求参数正确，响应：{'data': null, 'msg': '接口正常', 'code': '0000'}
[2017-10-24 15:43:33,140-logger.py]-INFO:pass
[2017-10-24 15:43:33,143-logger.py]-INFO:--------
[2017-10-24 15:43:33,192-logger.py]-INFO:调用登录方法，获取结果：{"data":"登录成功","msg":"接口正常","code":"0000"}
[2017-10-24 15:43:33,202-logger.py]-INFO:编号：9，接口名称：站长站点信息，测试点：请求参数传入为空，响应：{'data': {}, 'msg': '参数不能为空', 'code': '0025'}
[2017-10-24 15:43:33,204-logger.py]-INFO:pass
[2017-10-24 15:43:33,206-logger.py]-INFO:--------
[2017-10-24 15:43:33,255-logger.py]-INFO:调用登录方法，获取结果：{"data":"登录成功","msg":"接口正常","code":"0000"}
[2017-10-24 15:43:33,291-logger.py]-INFO:编号：10，接口名称：获取站点运力数据，测试点：请求参数正确，响应：{'data': null, 'msg': '接口正常', 'code': '0000'}
[2017-10-24 15:43:33,293-logger.py]-INFO:pass
[2017-10-24 15:43:33,295-logger.py]-INFO:--------
[2017-10-24 15:43:33,334-logger.py]-INFO:调用登录方法，获取结果：{"data":"登录成功","msg":"接口正常","code":"0000"}
[2017-10-24 15:43:33,344-logger.py]-INFO:编号：11，接口名称：获取站点运力数据，测试点：siteDetailId传入为空，响应：{'data': {}, 'msg': '参数不能为空', 'code': '0025'}
[2017-10-24 15:43:33,346-logger.py]-INFO:pass
[2017-10-24 15:43:33,347-logger.py]-INFO:--------
[2017-10-24 15:43:33,386-logger.py]-INFO:调用登录方法，获取结果：{"data":"登录成功","msg":"接口正常","code":"0000"}
[2017-10-24 15:43:33,422-logger.py]-INFO:编号：12，接口名称：获取站点运力数据，测试点：siteDetailId不存在，响应：{'data': null, 'msg': '接口正常', 'code': '0000'}
[2017-10-24 15:43:33,423-logger.py]-INFO:pass
[2017-10-24 15:43:33,425-logger.py]-INFO:--------
[2017-10-24 15:43:33,437-logger.py]-INFO:测试用例数：12  成功用例数：11  失败用例数：1
