[2017-10-19 13:56:17,757-logger.py]-INFO:调用登录方法，获取结果：{"data":"登录成功","msg":"接口正常","code":"0000"}
[2017-10-19 13:56:17,947-logger.py]-INFO:编号：1，接口名称：站点运力修改，测试点：请求参数正确，响应：{'data': [], 'msg': '接口正常', 'code': '0000'}
[2017-10-19 13:56:17,949-logger.py]-INFO:pass
[2017-10-19 13:56:17,950-logger.py]-INFO:--------
[2017-10-19 13:56:18,027-logger.py]-INFO:调用登录方法，获取结果：{"data":"登录成功","msg":"接口正常","code":"0000"}
[2017-10-19 13:56:18,061-logger.py]-INFO:编号：2，接口名称：站点运力列表，测试点：请求参数正确，响应：{'data': [], 'msg': '接口正常', 'code': '0000'}
[2017-10-19 13:56:18,062-logger.py]-INFO:pass
[2017-10-19 13:56:18,063-logger.py]-INFO:--------
[2017-10-19 13:56:18,102-logger.py]-INFO:调用登录方法，获取结果：{"data":"登录成功","msg":"接口正常","code":"0000"}
[2017-10-19 13:56:18,109-logger.py]-INFO:编号：3，接口名称：站点运力列表，测试点：beginTime传入为空，响应：{'data': {}, 'msg': '参数不能为空', 'code': '0025'}
[2017-10-19 13:56:18,110-logger.py]-INFO:pass
[2017-10-19 13:56:18,110-logger.py]-INFO:--------
[2017-10-19 13:56:18,148-logger.py]-INFO:调用登录方法，获取结果：{"data":"登录成功","msg":"接口正常","code":"0000"}
[2017-10-19 13:56:18,158-logger.py]-INFO:编号：4，接口名称：站点运力列表，测试点：endTime传入为空，响应：{'data': {}, 'msg': '参数不能为空', 'code': '0025'}
[2017-10-19 13:56:18,159-logger.py]-INFO:pass
[2017-10-19 13:56:18,159-logger.py]-INFO:--------
[2017-10-19 13:56:18,198-logger.py]-INFO:调用登录方法，获取结果：{"data":"登录成功","msg":"接口正常","code":"0000"}
[2017-10-19 13:56:18,206-logger.py]-INFO:编号：5，接口名称：站点运力列表，测试点：siteId传入为空，响应：{'data': {}, 'msg': '参数不能为空', 'code': '0025'}
[2017-10-19 13:56:18,206-logger.py]-INFO:pass
[2017-10-19 13:56:18,207-logger.py]-INFO:--------
[2017-10-19 13:56:18,254-logger.py]-INFO:调用登录方法，获取结果：{"data":"登录成功","msg":"接口正常","code":"0000"}
[2017-10-19 13:56:18,293-logger.py]-INFO:编号：6，接口名称：站点运力总详情，测试点：请求参数正确，响应：{'data': [{'id': 8099, 'state': null, 'createTime': null, 'updateTime': null, 'createUid': null, 'updateUid': null, 'provinceId': null, 'provinceName': null, 'cityId': null, 'cityName': null, 'siteId': '107555619', 'siteName': '天通苑站', 'siteDate': '2017-09-18', 'workerNum': 10, 'siteEfficiency': 49.7, 'orderEfficiencyNum': 497, 'orderTotalNum': 497, 'orderCommonNum': 497, 'dxOrderNumOriginal': 0, 'dxOrderNumAdjust': 0, 'batchOrderNum': 0, 'tempOrderNum': 0, 'tempDeliveryNum': 0, 'status': 2}], 'msg': '接口正常', 'code': '0000'}
[2017-10-19 13:56:18,294-logger.py]-INFO:pass
[2017-10-19 13:56:18,294-logger.py]-INFO:--------
[2017-10-19 13:56:18,337-logger.py]-INFO:调用登录方法，获取结果：{"data":"登录成功","msg":"接口正常","code":"0000"}
[2017-10-19 13:56:18,345-logger.py]-INFO:编号：7，接口名称：站点运力总详情，测试点：请求参数传入为空，响应：{'data': {}, 'msg': '参数错误', 'code': '0002'}
[2017-10-19 13:56:18,345-logger.py]-INFO:pass
[2017-10-19 13:56:18,346-logger.py]-INFO:--------
[2017-10-19 13:56:18,394-logger.py]-INFO:调用登录方法，获取结果：{"data":"登录成功","msg":"接口正常","code":"0000"}
[2017-10-19 13:56:18,427-logger.py]-INFO:编号：8，接口名称：站长站点信息，测试点：请求参数正确，响应：{'data': null, 'msg': '接口正常', 'code': '0000'}
[2017-10-19 13:56:18,428-logger.py]-INFO:pass
[2017-10-19 13:56:18,429-logger.py]-INFO:--------
[2017-10-19 13:56:18,475-logger.py]-INFO:调用登录方法，获取结果：{"data":"登录成功","msg":"接口正常","code":"0000"}
[2017-10-19 13:56:18,485-logger.py]-INFO:编号：9，接口名称：站长站点信息，测试点：请求参数传入为空，响应：{'data': {}, 'msg': '参数不能为空', 'code': '0025'}
[2017-10-19 13:56:18,485-logger.py]-INFO:pass
[2017-10-19 13:56:18,486-logger.py]-INFO:--------
[2017-10-19 13:56:18,536-logger.py]-INFO:调用登录方法，获取结果：{"data":"登录成功","msg":"接口正常","code":"0000"}
[2017-10-19 13:56:18,574-logger.py]-INFO:编号：10，接口名称：获取站点运力数据，测试点：请求参数正确，响应：{'data': {'id': null, 'state': null, 'createTime': null, 'updateTime': null, 'createUid': null, 'updateUid': null, 'siteId': '336889', 'siteName': '黄浦站', 'siteDetailId': 2, 'siteDate': '2017-09-01', 'orderEfficiencyNum': 264, 'orderTotalNum': 274, 'orderCommonNum': 274, 'dxOrderNumOriginal': 0, 'dxOrderNumAdjust': 0, 'batchOrderNum': 10, 'tempOrderNum': 0, 'tempDeliveryNum': 0, 'workerNum': 8, 'siteEfficiency': 33.0, 'status': 1, 'startTime': null, 'endTime': null, 'statusStr': null, 'provinceId': null, 'cityId': null, 'keyWords': null, 'beginTime': null}, 'msg': '接口正常', 'code': '0000'}
[2017-10-19 13:56:18,575-logger.py]-INFO:pass
[2017-10-19 13:56:18,576-logger.py]-INFO:--------
[2017-10-19 13:56:18,620-logger.py]-INFO:调用登录方法，获取结果：{"data":"登录成功","msg":"接口正常","code":"0000"}
[2017-10-19 13:56:18,628-logger.py]-INFO:编号：11，接口名称：获取站点运力数据，测试点：siteDetailId传入为空，响应：{'data': {}, 'msg': '参数不能为空', 'code': '0025'}
[2017-10-19 13:56:18,629-logger.py]-INFO:pass
[2017-10-19 13:56:18,630-logger.py]-INFO:--------
[2017-10-19 13:56:18,668-logger.py]-INFO:调用登录方法，获取结果：{"data":"登录成功","msg":"接口正常","code":"0000"}
[2017-10-19 13:56:18,701-logger.py]-INFO:编号：12，接口名称：获取站点运力数据，测试点：siteDetailId不存在，响应：{'data': null, 'msg': '接口正常', 'code': '0000'}
[2017-10-19 13:56:18,701-logger.py]-INFO:pass
[2017-10-19 13:56:18,702-logger.py]-INFO:--------
[2017-10-19 13:56:18,710-logger.py]-INFO:总计13条用例
