[2017-10-23 17:45:53,598-logger.py]-INFO:调用登录方法，获取结果：{"data":"登录成功","msg":"接口正常","code":"0000"}
[2017-10-23 17:45:53,639-logger.py]-INFO:编号：1，接口名称：站点运力修改，测试点：请求参数正确，响应：{'data': [{'id': 0, 'state': null, 'createTime': null, 'updateTime': null, 'createUid': null, 'updateUid': null, 'deliveryName': '6', 'errMsg': 'id为6数据不存在，请联系系统管理员'}], 'msg': '接口正常', 'code': '0000'}
[2017-10-23 17:45:53,642-logger.py]-INFO:fail
[2017-10-23 17:45:53,644-logger.py]-INFO:--------
[2017-10-23 17:45:53,704-logger.py]-INFO:调用登录方法，获取结果：{"data":"登录成功","msg":"接口正常","code":"0000"}
[2017-10-23 17:45:53,740-logger.py]-INFO:编号：2，接口名称：站点运力列表，测试点：请求参数正确，响应：{'data': [], 'msg': '接口正常', 'code': '0000'}
[2017-10-23 17:45:53,741-logger.py]-INFO:fail
[2017-10-23 17:45:53,742-logger.py]-INFO:--------
[2017-10-23 17:45:53,786-logger.py]-INFO:调用登录方法，获取结果：{"data":"登录成功","msg":"接口正常","code":"0000"}
[2017-10-23 17:45:53,796-logger.py]-INFO:编号：3，接口名称：站点运力列表，测试点：beginTime传入为空，响应：{'data': {}, 'msg': '参数不能为空', 'code': '0025'}
[2017-10-23 17:45:53,798-logger.py]-INFO:fail
[2017-10-23 17:45:53,799-logger.py]-INFO:--------
[2017-10-23 17:45:53,853-logger.py]-INFO:调用登录方法，获取结果：{"data":"登录成功","msg":"接口正常","code":"0000"}
[2017-10-23 17:45:53,863-logger.py]-INFO:编号：4，接口名称：站点运力列表，测试点：endTime传入为空，响应：{'data': {}, 'msg': '参数不能为空', 'code': '0025'}
[2017-10-23 17:45:53,864-logger.py]-INFO:fail
[2017-10-23 17:45:53,865-logger.py]-INFO:--------
[2017-10-23 17:45:53,907-logger.py]-INFO:调用登录方法，获取结果：{"data":"登录成功","msg":"接口正常","code":"0000"}
[2017-10-23 17:45:53,917-logger.py]-INFO:编号：5，接口名称：站点运力列表，测试点：siteId传入为空，响应：{'data': {}, 'msg': '参数不能为空', 'code': '0025'}
[2017-10-23 17:45:53,918-logger.py]-INFO:fail
[2017-10-23 17:45:53,919-logger.py]-INFO:--------
[2017-10-23 17:45:53,969-logger.py]-INFO:调用登录方法，获取结果：{"data":"登录成功","msg":"接口正常","code":"0000"}
[2017-10-23 17:45:54,008-logger.py]-INFO:编号：6，接口名称：站点运力总详情，测试点：请求参数正确，响应：{'data': [{'id': 33569, 'state': null, 'createTime': null, 'updateTime': null, 'createUid': null, 'updateUid': null, 'provinceId': null, 'provinceName': null, 'cityId': null, 'cityName': null, 'siteId': '107555619', 'siteName': '天通苑站', 'siteDate': '2017-09-18', 'workerNum': 10, 'siteEfficiency': 49.7, 'orderEfficiencyNum': 497, 'orderTotalNum': 497, 'orderCommonNum': 497, 'dxOrderNumOriginal': 0, 'dxOrderNumAdjust': 0, 'batchOrderNum': 0, 'tempOrderNum': 0, 'tempDeliveryNum': 0, 'status': 2}], 'msg': '接口正常', 'code': '0000'}
[2017-10-23 17:45:54,010-logger.py]-INFO:fail
[2017-10-23 17:45:54,011-logger.py]-INFO:--------
[2017-10-23 17:45:54,060-logger.py]-INFO:调用登录方法，获取结果：{"data":"登录成功","msg":"接口正常","code":"0000"}
[2017-10-23 17:45:54,070-logger.py]-INFO:编号：7，接口名称：站点运力总详情，测试点：请求参数传入为空，响应：{'data': {}, 'msg': '参数错误', 'code': '0002'}
[2017-10-23 17:45:54,072-logger.py]-INFO:fail
[2017-10-23 17:45:54,073-logger.py]-INFO:--------
[2017-10-23 17:45:54,125-logger.py]-INFO:调用登录方法，获取结果：{"data":"登录成功","msg":"接口正常","code":"0000"}
[2017-10-23 17:45:54,160-logger.py]-INFO:编号：8，接口名称：站长站点信息，测试点：请求参数正确，响应：{'data': null, 'msg': '接口正常', 'code': '0000'}
[2017-10-23 17:45:54,161-logger.py]-INFO:fail
[2017-10-23 17:45:54,162-logger.py]-INFO:--------
[2017-10-23 17:45:54,208-logger.py]-INFO:调用登录方法，获取结果：{"data":"登录成功","msg":"接口正常","code":"0000"}
[2017-10-23 17:45:54,216-logger.py]-INFO:编号：9，接口名称：站长站点信息，测试点：请求参数传入为空，响应：{'data': {}, 'msg': '参数不能为空', 'code': '0025'}
[2017-10-23 17:45:54,220-logger.py]-INFO:fail
[2017-10-23 17:45:54,221-logger.py]-INFO:--------
[2017-10-23 17:45:54,276-logger.py]-INFO:调用登录方法，获取结果：{"data":"登录成功","msg":"接口正常","code":"0000"}
[2017-10-23 17:45:54,310-logger.py]-INFO:编号：10，接口名称：获取站点运力数据，测试点：请求参数正确，响应：{'data': null, 'msg': '接口正常', 'code': '0000'}
[2017-10-23 17:45:54,311-logger.py]-INFO:fail
[2017-10-23 17:45:54,312-logger.py]-INFO:--------
[2017-10-23 17:45:54,360-logger.py]-INFO:调用登录方法，获取结果：{"data":"登录成功","msg":"接口正常","code":"0000"}
[2017-10-23 17:45:54,370-logger.py]-INFO:编号：11，接口名称：获取站点运力数据，测试点：siteDetailId传入为空，响应：{'data': {}, 'msg': '参数不能为空', 'code': '0025'}
[2017-10-23 17:45:54,371-logger.py]-INFO:pass
[2017-10-23 17:45:54,372-logger.py]-INFO:--------
[2017-10-23 17:45:54,413-logger.py]-INFO:调用登录方法，获取结果：{"data":"登录成功","msg":"接口正常","code":"0000"}
[2017-10-23 17:45:54,447-logger.py]-INFO:编号：12，接口名称：获取站点运力数据，测试点：siteDetailId不存在，响应：{'data': null, 'msg': '接口正常', 'code': '0000'}
[2017-10-23 17:45:54,448-logger.py]-INFO:pass
[2017-10-23 17:45:54,449-logger.py]-INFO:--------
[2017-10-23 17:45:54,460-logger.py]-INFO:测试用例数：12  成功用例数：2  失败用例数：10
