[2017-10-23 17:51:56,446-logger.py]-INFO:调用登录方法，获取结果：{"data":"登录成功","msg":"接口正常","code":"0000"}
[2017-10-23 17:51:56,494-logger.py]-INFO:编号：1，接口名称：站点运力修改，测试点：请求参数正确，响应：{'data': [{'id': 0, 'state': null, 'createTime': null, 'updateTime': null, 'createUid': null, 'updateUid': null, 'deliveryName': '6', 'errMsg': 'id为6数据不存在，请联系系统管理员'}], 'msg': '接口正常', 'code': '0000'}
[2017-10-23 17:51:56,495-logger.py]-INFO:fail
[2017-10-23 17:51:56,496-logger.py]-INFO:--------
[2017-10-23 17:51:56,565-logger.py]-INFO:调用登录方法，获取结果：{"data":"登录成功","msg":"接口正常","code":"0000"}
[2017-10-23 17:51:56,602-logger.py]-INFO:编号：2，接口名称：站点运力列表，测试点：请求参数正确，响应：{'data': [], 'msg': '接口正常', 'code': '0000'}
[2017-10-23 17:51:56,603-logger.py]-INFO:fail
[2017-10-23 17:51:56,605-logger.py]-INFO:--------
[2017-10-23 17:51:56,652-logger.py]-INFO:调用登录方法，获取结果：{"data":"登录成功","msg":"接口正常","code":"0000"}
[2017-10-23 17:51:56,666-logger.py]-INFO:编号：3，接口名称：站点运力列表，测试点：beginTime传入为空，响应：{'data': {}, 'msg': '参数不能为空', 'code': '0025'}
[2017-10-23 17:51:56,668-logger.py]-INFO:fail
[2017-10-23 17:51:56,671-logger.py]-INFO:--------
[2017-10-23 17:51:56,718-logger.py]-INFO:调用登录方法，获取结果：{"data":"登录成功","msg":"接口正常","code":"0000"}
[2017-10-23 17:51:56,727-logger.py]-INFO:编号：4，接口名称：站点运力列表，测试点：endTime传入为空，响应：{'data': {}, 'msg': '参数不能为空', 'code': '0025'}
[2017-10-23 17:51:56,728-logger.py]-INFO:fail
[2017-10-23 17:51:56,728-logger.py]-INFO:--------
[2017-10-23 17:51:56,793-logger.py]-INFO:调用登录方法，获取结果：{"data":"登录成功","msg":"接口正常","code":"0000"}
[2017-10-23 17:51:56,809-logger.py]-INFO:编号：5，接口名称：站点运力列表，测试点：siteId传入为空，响应：{'data': {}, 'msg': '参数不能为空', 'code': '0025'}
[2017-10-23 17:51:56,810-logger.py]-INFO:fail
[2017-10-23 17:51:56,811-logger.py]-INFO:--------
[2017-10-23 17:51:56,869-logger.py]-INFO:调用登录方法，获取结果：{"data":"登录成功","msg":"接口正常","code":"0000"}
[2017-10-23 17:51:56,908-logger.py]-INFO:编号：6，接口名称：站点运力总详情，测试点：请求参数正确，响应：{'data': [{'id': 33569, 'state': null, 'createTime': null, 'updateTime': null, 'createUid': null, 'updateUid': null, 'provinceId': null, 'provinceName': null, 'cityId': null, 'cityName': null, 'siteId': '107555619', 'siteName': '天通苑站', 'siteDate': '2017-09-18', 'workerNum': 10, 'siteEfficiency': 49.7, 'orderEfficiencyNum': 497, 'orderTotalNum': 497, 'orderCommonNum': 497, 'dxOrderNumOriginal': 0, 'dxOrderNumAdjust': 0, 'batchOrderNum': 0, 'tempOrderNum': 0, 'tempDeliveryNum': 0, 'status': 2}], 'msg': '接口正常', 'code': '0000'}
[2017-10-23 17:51:56,909-logger.py]-INFO:fail
[2017-10-23 17:51:56,911-logger.py]-INFO:--------
[2017-10-23 17:51:56,954-logger.py]-INFO:调用登录方法，获取结果：{"data":"登录成功","msg":"接口正常","code":"0000"}
[2017-10-23 17:51:56,965-logger.py]-INFO:编号：7，接口名称：站点运力总详情，测试点：请求参数传入为空，响应：{'data': {}, 'msg': '参数错误', 'code': '0002'}
[2017-10-23 17:51:56,967-logger.py]-INFO:fail
[2017-10-23 17:51:56,968-logger.py]-INFO:--------
[2017-10-23 17:51:57,024-logger.py]-INFO:调用登录方法，获取结果：{"data":"登录成功","msg":"接口正常","code":"0000"}
[2017-10-23 17:51:57,057-logger.py]-INFO:编号：8，接口名称：站长站点信息，测试点：请求参数正确，响应：{'data': null, 'msg': '接口正常', 'code': '0000'}
[2017-10-23 17:51:57,058-logger.py]-INFO:fail
[2017-10-23 17:51:57,060-logger.py]-INFO:--------
[2017-10-23 17:51:57,103-logger.py]-INFO:调用登录方法，获取结果：{"data":"登录成功","msg":"接口正常","code":"0000"}
[2017-10-23 17:51:57,112-logger.py]-INFO:编号：9，接口名称：站长站点信息，测试点：请求参数传入为空，响应：{'data': {}, 'msg': '参数不能为空', 'code': '0025'}
[2017-10-23 17:51:57,113-logger.py]-INFO:fail
[2017-10-23 17:51:57,114-logger.py]-INFO:--------
[2017-10-23 17:51:57,169-logger.py]-INFO:调用登录方法，获取结果：{"data":"登录成功","msg":"接口正常","code":"0000"}
[2017-10-23 17:51:57,203-logger.py]-INFO:编号：10，接口名称：获取站点运力数据，测试点：请求参数正确，响应：{'data': null, 'msg': '接口正常', 'code': '0000'}
[2017-10-23 17:51:57,204-logger.py]-INFO:fail
[2017-10-23 17:51:57,205-logger.py]-INFO:--------
[2017-10-23 17:51:57,244-logger.py]-INFO:调用登录方法，获取结果：{"data":"登录成功","msg":"接口正常","code":"0000"}
[2017-10-23 17:51:57,255-logger.py]-INFO:编号：11，接口名称：获取站点运力数据，测试点：siteDetailId传入为空，响应：{'data': {}, 'msg': '参数不能为空', 'code': '0025'}
[2017-10-23 17:51:57,256-logger.py]-INFO:pass
[2017-10-23 17:51:57,257-logger.py]-INFO:--------
[2017-10-23 17:51:57,299-logger.py]-INFO:调用登录方法，获取结果：{"data":"登录成功","msg":"接口正常","code":"0000"}
[2017-10-23 17:51:57,333-logger.py]-INFO:编号：12，接口名称：获取站点运力数据，测试点：siteDetailId不存在，响应：{'data': null, 'msg': '接口正常', 'code': '0000'}
[2017-10-23 17:51:57,334-logger.py]-INFO:pass
[2017-10-23 17:51:57,335-logger.py]-INFO:--------
[2017-10-23 17:51:57,346-logger.py]-INFO:测试用例数：12  成功用例数：2  失败用例数：10
