[2017-10-20 15:48:03,041-logger.py]-INFO:调用登录方法，获取结果：{"data":"登录成功","msg":"接口正常","code":"0000"}
[2017-10-20 15:48:03,113-logger.py]-INFO:编号：1，接口名称：站点运力修改，测试点：请求参数正确，响应：{'data': [{'id': 0, 'state': null, 'createTime': null, 'updateTime': null, 'createUid': null, 'updateUid': null, 'deliveryName': '6', 'errMsg': 'id为6数据不存在，请联系系统管理员'}], 'msg': '接口正常', 'code': '0000'}
[2017-10-20 15:48:03,117-logger.py]-INFO:false
[2017-10-20 15:48:03,118-logger.py]-INFO:--------
[2017-10-20 15:48:03,207-logger.py]-INFO:调用登录方法，获取结果：{"data":"登录成功","msg":"接口正常","code":"0000"}
[2017-10-20 15:48:03,251-logger.py]-INFO:编号：2，接口名称：站点运力列表，测试点：请求参数正确，响应：{'data': [], 'msg': '接口正常', 'code': '0000'}
[2017-10-20 15:48:03,254-logger.py]-INFO:pass
[2017-10-20 15:48:03,257-logger.py]-INFO:--------
[2017-10-20 15:48:03,317-logger.py]-INFO:调用登录方法，获取结果：{"data":"登录成功","msg":"接口正常","code":"0000"}
[2017-10-20 15:48:03,327-logger.py]-INFO:编号：3，接口名称：站点运力列表，测试点：beginTime传入为空，响应：{'data': {}, 'msg': '参数不能为空', 'code': '0025'}
[2017-10-20 15:48:03,329-logger.py]-INFO:pass
[2017-10-20 15:48:03,331-logger.py]-INFO:--------
[2017-10-20 15:48:03,395-logger.py]-INFO:调用登录方法，获取结果：{"data":"登录成功","msg":"接口正常","code":"0000"}
[2017-10-20 15:48:03,408-logger.py]-INFO:编号：4，接口名称：站点运力列表，测试点：endTime传入为空，响应：{'data': {}, 'msg': '参数不能为空', 'code': '0025'}
[2017-10-20 15:48:03,412-logger.py]-INFO:pass
[2017-10-20 15:48:03,415-logger.py]-INFO:--------
[2017-10-20 15:48:03,489-logger.py]-INFO:调用登录方法，获取结果：{"data":"登录成功","msg":"接口正常","code":"0000"}
[2017-10-20 15:48:03,502-logger.py]-INFO:编号：5，接口名称：站点运力列表，测试点：siteId传入为空，响应：{'data': {}, 'msg': '参数不能为空', 'code': '0025'}
[2017-10-20 15:48:03,503-logger.py]-INFO:pass
[2017-10-20 15:48:03,505-logger.py]-INFO:--------
[2017-10-20 15:48:03,587-logger.py]-INFO:调用登录方法，获取结果：{"data":"登录成功","msg":"接口正常","code":"0000"}
[2017-10-20 15:48:03,625-logger.py]-INFO:编号：6，接口名称：站点运力总详情，测试点：请求参数正确，响应：{'data': {}, 'msg': '未查询到数据', 'code': '0026'}
[2017-10-20 15:48:03,629-logger.py]-INFO:false
[2017-10-20 15:48:03,632-logger.py]-INFO:--------
[2017-10-20 15:48:03,687-logger.py]-INFO:调用登录方法，获取结果：{"data":"登录成功","msg":"接口正常","code":"0000"}
[2017-10-20 15:48:03,698-logger.py]-INFO:编号：7，接口名称：站点运力总详情，测试点：请求参数传入为空，响应：{'data': {}, 'msg': '参数错误', 'code': '0002'}
[2017-10-20 15:48:03,701-logger.py]-INFO:pass
[2017-10-20 15:48:03,704-logger.py]-INFO:--------
[2017-10-20 15:48:03,781-logger.py]-INFO:调用登录方法，获取结果：{"data":"登录成功","msg":"接口正常","code":"0000"}
[2017-10-20 15:48:03,815-logger.py]-INFO:编号：8，接口名称：站长站点信息，测试点：请求参数正确，响应：{'data': null, 'msg': '接口正常', 'code': '0000'}
[2017-10-20 15:48:03,816-logger.py]-INFO:pass
[2017-10-20 15:48:03,820-logger.py]-INFO:--------
[2017-10-20 15:48:03,880-logger.py]-INFO:调用登录方法，获取结果：{"data":"登录成功","msg":"接口正常","code":"0000"}
[2017-10-20 15:48:03,891-logger.py]-INFO:编号：9，接口名称：站长站点信息，测试点：请求参数传入为空，响应：{'data': {}, 'msg': '参数不能为空', 'code': '0025'}
[2017-10-20 15:48:03,893-logger.py]-INFO:pass
[2017-10-20 15:48:03,895-logger.py]-INFO:--------
[2017-10-20 15:48:03,973-logger.py]-INFO:调用登录方法，获取结果：{"data":"登录成功","msg":"接口正常","code":"0000"}
[2017-10-20 15:48:04,012-logger.py]-INFO:编号：10，接口名称：获取站点运力数据，测试点：请求参数正确，响应：{'data': null, 'msg': '接口正常', 'code': '0000'}
[2017-10-20 15:48:04,017-logger.py]-INFO:false
[2017-10-20 15:48:04,022-logger.py]-INFO:--------
[2017-10-20 15:48:04,075-logger.py]-INFO:调用登录方法，获取结果：{"data":"登录成功","msg":"接口正常","code":"0000"}
[2017-10-20 15:48:04,084-logger.py]-INFO:编号：11，接口名称：获取站点运力数据，测试点：siteDetailId传入为空，响应：{'data': {}, 'msg': '参数不能为空', 'code': '0025'}
[2017-10-20 15:48:04,086-logger.py]-INFO:pass
[2017-10-20 15:48:04,088-logger.py]-INFO:--------
[2017-10-20 15:48:04,134-logger.py]-INFO:调用登录方法，获取结果：{"data":"登录成功","msg":"接口正常","code":"0000"}
[2017-10-20 15:48:04,169-logger.py]-INFO:编号：12，接口名称：获取站点运力数据，测试点：siteDetailId不存在，响应：{'data': null, 'msg': '接口正常', 'code': '0000'}
[2017-10-20 15:48:04,171-logger.py]-INFO:pass
[2017-10-20 15:48:04,172-logger.py]-INFO:--------
[2017-10-20 15:48:04,184-logger.py]-INFO:总计12条用例，执行通过9条用例，失败3条用例
