[2017-10-19 18:37:21,450-logger.py]-INFO:调用登录方法，获取结果：{"data":"登录成功","msg":"接口正常","code":"0000"}
[2017-10-19 18:37:21,630-logger.py]-INFO:编号：1，接口名称：站点运力修改，测试点：请求参数正确，响应：{'data': [], 'msg': '接口正常', 'code': '0000'}
[2017-10-19 18:37:21,636-logger.py]-INFO:pass
[2017-10-19 18:37:21,643-logger.py]-INFO:--------
[2017-10-19 18:37:21,749-logger.py]-INFO:调用登录方法，获取结果：{"data":"登录成功","msg":"接口正常","code":"0000"}
[2017-10-19 18:37:21,794-logger.py]-INFO:编号：2，接口名称：站点运力列表，测试点：请求参数正确，响应：{'data': [], 'msg': '接口正常', 'code': '0000'}
[2017-10-19 18:37:21,800-logger.py]-INFO:pass
[2017-10-19 18:37:21,806-logger.py]-INFO:--------
[2017-10-19 18:37:21,877-logger.py]-INFO:调用登录方法，获取结果：{"data":"登录成功","msg":"接口正常","code":"0000"}
[2017-10-19 18:37:21,893-logger.py]-INFO:编号：3，接口名称：站点运力列表，测试点：beginTime传入为空，响应：{'data': {}, 'msg': '参数不能为空', 'code': '0025'}
[2017-10-19 18:37:21,897-logger.py]-INFO:pass
[2017-10-19 18:37:21,900-logger.py]-INFO:--------
[2017-10-19 18:37:21,966-logger.py]-INFO:调用登录方法，获取结果：{"data":"登录成功","msg":"接口正常","code":"0000"}
[2017-10-19 18:37:21,987-logger.py]-INFO:编号：4，接口名称：站点运力列表，测试点：endTime传入为空，响应：{'data': {}, 'msg': '参数不能为空', 'code': '0025'}
[2017-10-19 18:37:21,993-logger.py]-INFO:pass
[2017-10-19 18:37:22,000-logger.py]-INFO:--------
[2017-10-19 18:37:22,066-logger.py]-INFO:调用登录方法，获取结果：{"data":"登录成功","msg":"接口正常","code":"0000"}
[2017-10-19 18:37:22,078-logger.py]-INFO:编号：5，接口名称：站点运力列表，测试点：siteId传入为空，响应：{'data': {}, 'msg': '参数不能为空', 'code': '0025'}
[2017-10-19 18:37:22,081-logger.py]-INFO:pass
[2017-10-19 18:37:22,083-logger.py]-INFO:--------
[2017-10-19 18:37:22,150-logger.py]-INFO:调用登录方法，获取结果：{"data":"登录成功","msg":"接口正常","code":"0000"}
[2017-10-19 18:37:22,193-logger.py]-INFO:编号：6，接口名称：站点运力总详情，测试点：请求参数正确，响应：{'data': [{'id': 8099, 'state': null, 'createTime': null, 'updateTime': null, 'createUid': null, 'updateUid': null, 'provinceId': null, 'provinceName': null, 'cityId': null, 'cityName': null, 'siteId': '107555619', 'siteName': '天通苑站', 'siteDate': '2017-09-18', 'workerNum': 10, 'siteEfficiency': 49.7, 'orderEfficiencyNum': 497, 'orderTotalNum': 497, 'orderCommonNum': 497, 'dxOrderNumOriginal': 0, 'dxOrderNumAdjust': 0, 'batchOrderNum': 0, 'tempOrderNum': 0, 'tempDeliveryNum': 0, 'status': 2}], 'msg': '接口正常', 'code': '0000'}
[2017-10-19 18:37:22,195-logger.py]-INFO:pass
[2017-10-19 18:37:22,198-logger.py]-INFO:--------
[2017-10-19 18:37:22,249-logger.py]-INFO:调用登录方法，获取结果：{"data":"登录成功","msg":"接口正常","code":"0000"}
[2017-10-19 18:37:22,262-logger.py]-INFO:编号：7，接口名称：站点运力总详情，测试点：请求参数传入为空，响应：{'data': {}, 'msg': '参数错误', 'code': '0002'}
[2017-10-19 18:37:22,265-logger.py]-INFO:pass
[2017-10-19 18:37:22,267-logger.py]-INFO:--------
[2017-10-19 18:37:22,333-logger.py]-INFO:调用登录方法，获取结果：{"data":"登录成功","msg":"接口正常","code":"0000"}
[2017-10-19 18:37:22,367-logger.py]-INFO:编号：8，接口名称：站长站点信息，测试点：请求参数正确，响应：{'data': null, 'msg': '接口正常', 'code': '0000'}
[2017-10-19 18:37:22,370-logger.py]-INFO:pass
[2017-10-19 18:37:22,372-logger.py]-INFO:--------
[2017-10-19 18:37:22,427-logger.py]-INFO:调用登录方法，获取结果：{"data":"登录成功","msg":"接口正常","code":"0000"}
[2017-10-19 18:37:22,439-logger.py]-INFO:编号：9，接口名称：站长站点信息，测试点：请求参数传入为空，响应：{'data': {}, 'msg': '参数不能为空', 'code': '0025'}
[2017-10-19 18:37:22,442-logger.py]-INFO:pass
[2017-10-19 18:37:22,445-logger.py]-INFO:--------
[2017-10-19 18:37:22,510-logger.py]-INFO:调用登录方法，获取结果：{"data":"登录成功","msg":"接口正常","code":"0000"}
[2017-10-19 18:37:22,551-logger.py]-INFO:编号：10，接口名称：获取站点运力数据，测试点：请求参数正确，响应：{'data': {'id': null, 'state': null, 'createTime': null, 'updateTime': null, 'createUid': null, 'updateUid': null, 'siteId': '336889', 'siteName': '黄浦站', 'siteDetailId': 2, 'siteDate': '2017-09-01', 'orderEfficiencyNum': 264, 'orderTotalNum': 274, 'orderCommonNum': 274, 'dxOrderNumOriginal': 0, 'dxOrderNumAdjust': 0, 'batchOrderNum': 10, 'tempOrderNum': 0, 'tempDeliveryNum': 0, 'workerNum': 8, 'siteEfficiency': 33.0, 'status': 1, 'startTime': null, 'endTime': null, 'statusStr': null, 'provinceId': null, 'cityId': null, 'keyWords': null, 'beginTime': null}, 'msg': '接口正常', 'code': '0000'}
[2017-10-19 18:37:22,553-logger.py]-INFO:pass
[2017-10-19 18:37:22,555-logger.py]-INFO:--------
[2017-10-19 18:37:22,599-logger.py]-INFO:调用登录方法，获取结果：{"data":"登录成功","msg":"接口正常","code":"0000"}
[2017-10-19 18:37:22,610-logger.py]-INFO:编号：11，接口名称：获取站点运力数据，测试点：siteDetailId传入为空，响应：{'data': {}, 'msg': '参数不能为空', 'code': '0025'}
[2017-10-19 18:37:22,614-logger.py]-INFO:pass
[2017-10-19 18:37:22,619-logger.py]-INFO:--------
[2017-10-19 18:37:22,687-logger.py]-INFO:调用登录方法，获取结果：{"data":"登录成功","msg":"接口正常","code":"0000"}
[2017-10-19 18:37:22,730-logger.py]-INFO:编号：12，接口名称：获取站点运力数据，测试点：siteDetailId不存在，响应：{'data': null, 'msg': '接口正常', 'code': '0000'}
[2017-10-19 18:37:22,733-logger.py]-INFO:pass
[2017-10-19 18:37:22,735-logger.py]-INFO:--------
[2017-10-19 18:37:22,753-logger.py]-INFO:总计12条用例，执行通过12条用例，失败0条用例
