[2020-08-21 15:00:57,768-logger.py]-INFO:
用例编号：1.0
接口名称：PDA用户登录
用例名称：用户名密码正确
用例描述：测试用户名密码正确，登录成功
请求内容：loginName=test01&password=222222
实际响应：{"role":"总经办部1","name":"晨伟1","userImgUrl":"","dept":"生产,调试,检验","message":"登录成功","userId":"1591948639502","status":"200"}
[2020-08-21 15:00:57,770-logger.py]-INFO:检查点:"message":"登录2成功"--fail
[2020-08-21 15:00:57,771-logger.py]-INFO:----------------
[2020-08-21 15:00:57,771-logger.py]-INFO:检查点:"status":"200"--pass
[2020-08-21 15:00:57,772-logger.py]-INFO:----------------
[2020-08-21 15:00:57,802-logger.py]-INFO:
用例编号：2.0
接口名称：PDA用户登录
用例名称：密码错误
用例描述：测试密码输入错误，登录失败
请求内容：loginName=test01&password=abcd
实际响应：{"message":"用户名或密码错误","status":"300"}
[2020-08-21 15:00:57,803-logger.py]-INFO:检查点:"message":"用户名或密码错误"--pass
[2020-08-21 15:00:57,803-logger.py]-INFO:----------------
[2020-08-21 15:00:57,804-logger.py]-INFO:检查点:"status":"300"--pass
[2020-08-21 15:00:57,805-logger.py]-INFO:----------------
[2020-08-21 15:00:57,828-logger.py]-INFO:
用例编号：3.0
接口名称：PDA用户登录
用例名称：密码输入为空
用例描述：测试密码输入为空，登录失败
请求内容：loginName=test01&password=
实际响应：{"message":"用户名或密码错误","status":"300"}
[2020-08-21 15:00:57,829-logger.py]-INFO:检查点:"message":"用户名或密码错误"--pass
[2020-08-21 15:00:57,829-logger.py]-INFO:----------------
[2020-08-21 15:00:57,830-logger.py]-INFO:检查点:"status":"300"--pass
[2020-08-21 15:00:57,830-logger.py]-INFO:----------------
[2020-08-21 15:00:57,846-logger.py]-INFO:执行测试用例数：3  通过用例数：2  失败用例数：1
