[2020-08-19 16:39:08,242-logger.py]-INFO:编号：1.0，接口名称：PDA用户登录，用例名称：用户名密码正确，用例描述：测试用户名密码正确，登录成功,实际响应：{'role': '总经办部1', 'name': '晨伟1', 'userImgUrl': '', 'dept': '生产,调试,检验', 'message': '登录成功', 'userId': '1591948639502', 'status': '200'}
[2020-08-19 16:39:08,243-logger.py]-INFO:pass
[2020-08-19 16:39:08,244-logger.py]-INFO:--------
[2020-08-19 16:39:08,245-logger.py]-INFO:pass
[2020-08-19 16:39:08,245-logger.py]-INFO:--------
[2020-08-19 16:39:08,246-logger.py]-INFO:pass
[2020-08-19 16:39:08,246-logger.py]-INFO:--------
[2020-08-19 16:39:08,247-logger.py]-INFO:pass
[2020-08-19 16:39:08,248-logger.py]-INFO:--------
[2020-08-19 16:39:08,249-logger.py]-INFO:pass
[2020-08-19 16:39:08,249-logger.py]-INFO:--------
[2020-08-19 16:39:08,250-logger.py]-INFO:pass
[2020-08-19 16:39:08,251-logger.py]-INFO:--------
[2020-08-19 16:39:08,251-logger.py]-INFO:pass
[2020-08-19 16:39:08,252-logger.py]-INFO:--------
[2020-08-19 16:39:08,260-logger.py]-INFO:pass
[2020-08-19 16:39:08,260-logger.py]-INFO:--------
[2020-08-19 16:39:08,261-logger.py]-INFO:pass
[2020-08-19 16:39:08,262-logger.py]-INFO:--------
[2020-08-19 16:39:08,263-logger.py]-INFO:pass
[2020-08-19 16:39:08,264-logger.py]-INFO:--------
[2020-08-19 16:39:08,265-logger.py]-INFO:pass
[2020-08-19 16:39:08,265-logger.py]-INFO:--------
[2020-08-19 16:39:08,266-logger.py]-INFO:pass
[2020-08-19 16:39:08,267-logger.py]-INFO:--------
[2020-08-19 16:39:08,268-logger.py]-INFO:pass
[2020-08-19 16:39:08,269-logger.py]-INFO:--------
[2020-08-19 16:39:08,270-logger.py]-INFO:pass
[2020-08-19 16:39:08,270-logger.py]-INFO:--------
[2020-08-19 16:39:08,271-logger.py]-INFO:pass
[2020-08-19 16:39:08,272-logger.py]-INFO:--------
[2020-08-19 16:39:08,273-logger.py]-INFO:pass
[2020-08-19 16:39:08,273-logger.py]-INFO:--------
[2020-08-19 16:39:08,274-logger.py]-INFO:pass
[2020-08-19 16:39:08,274-logger.py]-INFO:--------
[2020-08-19 16:39:08,275-logger.py]-INFO:pass
[2020-08-19 16:39:08,276-logger.py]-INFO:--------
[2020-08-19 16:39:08,277-logger.py]-INFO:pass
[2020-08-19 16:39:08,278-logger.py]-INFO:--------
[2020-08-19 16:39:08,279-logger.py]-INFO:pass
[2020-08-19 16:39:08,280-logger.py]-INFO:--------
[2020-08-19 16:39:08,281-logger.py]-INFO:pass
[2020-08-19 16:39:08,281-logger.py]-INFO:--------
[2020-08-19 16:39:08,282-logger.py]-INFO:pass
[2020-08-19 16:39:08,283-logger.py]-INFO:--------
[2020-08-19 16:39:08,284-logger.py]-INFO:pass
[2020-08-19 16:39:08,284-logger.py]-INFO:--------
[2020-08-19 16:39:08,285-logger.py]-INFO:fail
[2020-08-19 16:39:08,286-logger.py]-INFO:--------
[2020-08-19 16:39:08,298-logger.py]-INFO:编号：2.0，接口名称：PDA用户登录，用例名称：密码错误，用例描述：测试密码输入错误，登录失败,实际响应：{'message': '用户名或密码错误', 'status': '300'}
[2020-08-19 16:39:08,298-logger.py]-INFO:pass
[2020-08-19 16:39:08,299-logger.py]-INFO:--------
[2020-08-19 16:39:08,300-logger.py]-INFO:pass
[2020-08-19 16:39:08,300-logger.py]-INFO:--------
[2020-08-19 16:39:08,301-logger.py]-INFO:pass
[2020-08-19 16:39:08,301-logger.py]-INFO:--------
[2020-08-19 16:39:08,302-logger.py]-INFO:pass
[2020-08-19 16:39:08,302-logger.py]-INFO:--------
[2020-08-19 16:39:08,303-logger.py]-INFO:pass
[2020-08-19 16:39:08,303-logger.py]-INFO:--------
[2020-08-19 16:39:08,304-logger.py]-INFO:pass
[2020-08-19 16:39:08,305-logger.py]-INFO:--------
[2020-08-19 16:39:08,305-logger.py]-INFO:pass
[2020-08-19 16:39:08,306-logger.py]-INFO:--------
[2020-08-19 16:39:08,306-logger.py]-INFO:pass
[2020-08-19 16:39:08,307-logger.py]-INFO:--------
[2020-08-19 16:39:08,307-logger.py]-INFO:pass
[2020-08-19 16:39:08,308-logger.py]-INFO:--------
[2020-08-19 16:39:08,308-logger.py]-INFO:pass
[2020-08-19 16:39:08,309-logger.py]-INFO:--------
[2020-08-19 16:39:08,310-logger.py]-INFO:pass
[2020-08-19 16:39:08,310-logger.py]-INFO:--------
[2020-08-19 16:39:08,311-logger.py]-INFO:pass
[2020-08-19 16:39:08,311-logger.py]-INFO:--------
[2020-08-19 16:39:08,312-logger.py]-INFO:pass
[2020-08-19 16:39:08,313-logger.py]-INFO:--------
[2020-08-19 16:39:08,313-logger.py]-INFO:pass
[2020-08-19 16:39:08,314-logger.py]-INFO:--------
[2020-08-19 16:39:08,314-logger.py]-INFO:pass
[2020-08-19 16:39:08,315-logger.py]-INFO:--------
[2020-08-19 16:39:08,316-logger.py]-INFO:pass
[2020-08-19 16:39:08,316-logger.py]-INFO:--------
[2020-08-19 16:39:08,317-logger.py]-INFO:pass
[2020-08-19 16:39:08,317-logger.py]-INFO:--------
[2020-08-19 16:39:08,318-logger.py]-INFO:pass
[2020-08-19 16:39:08,318-logger.py]-INFO:--------
[2020-08-19 16:39:08,319-logger.py]-INFO:pass
[2020-08-19 16:39:08,319-logger.py]-INFO:--------
[2020-08-19 16:39:08,320-logger.py]-INFO:pass
[2020-08-19 16:39:08,321-logger.py]-INFO:--------
[2020-08-19 16:39:08,321-logger.py]-INFO:pass
[2020-08-19 16:39:08,322-logger.py]-INFO:--------
[2020-08-19 16:39:08,322-logger.py]-INFO:pass
[2020-08-19 16:39:08,323-logger.py]-INFO:--------
[2020-08-19 16:39:08,323-logger.py]-INFO:pass
[2020-08-19 16:39:08,324-logger.py]-INFO:--------
[2020-08-19 16:39:08,324-logger.py]-INFO:pass
[2020-08-19 16:39:08,325-logger.py]-INFO:--------
[2020-08-19 16:39:08,325-logger.py]-INFO:pass
[2020-08-19 16:39:08,326-logger.py]-INFO:--------
[2020-08-19 16:39:08,327-logger.py]-INFO:pass
[2020-08-19 16:39:08,327-logger.py]-INFO:--------
[2020-08-19 16:39:08,328-logger.py]-INFO:pass
[2020-08-19 16:39:08,328-logger.py]-INFO:--------
[2020-08-19 16:39:08,329-logger.py]-INFO:pass
[2020-08-19 16:39:08,330-logger.py]-INFO:--------
[2020-08-19 16:39:08,330-logger.py]-INFO:fail
[2020-08-19 16:39:08,331-logger.py]-INFO:--------
