[2020-08-19 16:44:35,016-logger.py]-INFO:编号：1.0
接口名称：PDA用户登录，用例名称：用户名密码正确，用例描述：测试用户名密码正确，登录成功,实际响应：{'role': '总经办部1', 'name': '晨伟1', 'userImgUrl': '', 'dept': '生产,调试,检验', 'message': '登录成功', 'userId': '1591948639502', 'status': '200'}
[2020-08-19 16:44:35,018-logger.py]-INFO:pass
[2020-08-19 16:44:35,018-logger.py]-INFO:--------
[2020-08-19 16:44:35,019-logger.py]-INFO:pass
[2020-08-19 16:44:35,020-logger.py]-INFO:--------
[2020-08-19 16:44:35,020-logger.py]-INFO:pass
[2020-08-19 16:44:35,021-logger.py]-INFO:--------
[2020-08-19 16:44:35,022-logger.py]-INFO:pass
[2020-08-19 16:44:35,022-logger.py]-INFO:--------
[2020-08-19 16:44:35,023-logger.py]-INFO:pass
[2020-08-19 16:44:35,023-logger.py]-INFO:--------
[2020-08-19 16:44:35,024-logger.py]-INFO:pass
[2020-08-19 16:44:35,025-logger.py]-INFO:--------
[2020-08-19 16:44:35,026-logger.py]-INFO:pass
[2020-08-19 16:44:35,026-logger.py]-INFO:--------
[2020-08-19 16:44:35,027-logger.py]-INFO:pass
[2020-08-19 16:44:35,028-logger.py]-INFO:--------
[2020-08-19 16:44:35,029-logger.py]-INFO:pass
[2020-08-19 16:44:35,030-logger.py]-INFO:--------
[2020-08-19 16:44:35,031-logger.py]-INFO:pass
[2020-08-19 16:44:35,031-logger.py]-INFO:--------
[2020-08-19 16:44:35,032-logger.py]-INFO:pass
[2020-08-19 16:44:35,033-logger.py]-INFO:--------
[2020-08-19 16:44:35,034-logger.py]-INFO:pass
[2020-08-19 16:44:35,034-logger.py]-INFO:--------
[2020-08-19 16:44:35,035-logger.py]-INFO:pass
[2020-08-19 16:44:35,036-logger.py]-INFO:--------
[2020-08-19 16:44:35,037-logger.py]-INFO:pass
[2020-08-19 16:44:35,037-logger.py]-INFO:--------
[2020-08-19 16:44:35,038-logger.py]-INFO:pass
[2020-08-19 16:44:35,039-logger.py]-INFO:--------
[2020-08-19 16:44:35,040-logger.py]-INFO:pass
[2020-08-19 16:44:35,041-logger.py]-INFO:--------
[2020-08-19 16:44:35,042-logger.py]-INFO:pass
[2020-08-19 16:44:35,042-logger.py]-INFO:--------
[2020-08-19 16:44:35,043-logger.py]-INFO:pass
[2020-08-19 16:44:35,045-logger.py]-INFO:--------
[2020-08-19 16:44:35,046-logger.py]-INFO:pass
[2020-08-19 16:44:35,047-logger.py]-INFO:--------
[2020-08-19 16:44:35,048-logger.py]-INFO:pass
[2020-08-19 16:44:35,049-logger.py]-INFO:--------
[2020-08-19 16:44:35,050-logger.py]-INFO:pass
[2020-08-19 16:44:35,050-logger.py]-INFO:--------
[2020-08-19 16:44:35,051-logger.py]-INFO:pass
[2020-08-19 16:44:35,052-logger.py]-INFO:--------
[2020-08-19 16:44:35,053-logger.py]-INFO:pass
[2020-08-19 16:44:35,053-logger.py]-INFO:--------
[2020-08-19 16:44:35,055-logger.py]-INFO:fail
[2020-08-19 16:44:35,055-logger.py]-INFO:--------
[2020-08-19 16:44:35,066-logger.py]-INFO:编号：2.0
接口名称：PDA用户登录，用例名称：密码错误，用例描述：测试密码输入错误，登录失败,实际响应：{'message': '用户名或密码错误', 'status': '300'}
[2020-08-19 16:44:35,066-logger.py]-INFO:pass
[2020-08-19 16:44:35,067-logger.py]-INFO:--------
[2020-08-19 16:44:35,068-logger.py]-INFO:pass
[2020-08-19 16:44:35,068-logger.py]-INFO:--------
[2020-08-19 16:44:35,069-logger.py]-INFO:pass
[2020-08-19 16:44:35,069-logger.py]-INFO:--------
[2020-08-19 16:44:35,070-logger.py]-INFO:pass
[2020-08-19 16:44:35,070-logger.py]-INFO:--------
[2020-08-19 16:44:35,071-logger.py]-INFO:pass
[2020-08-19 16:44:35,072-logger.py]-INFO:--------
[2020-08-19 16:44:35,072-logger.py]-INFO:pass
[2020-08-19 16:44:35,073-logger.py]-INFO:--------
[2020-08-19 16:44:35,074-logger.py]-INFO:pass
[2020-08-19 16:44:35,075-logger.py]-INFO:--------
[2020-08-19 16:44:35,075-logger.py]-INFO:pass
[2020-08-19 16:44:35,076-logger.py]-INFO:--------
[2020-08-19 16:44:35,077-logger.py]-INFO:pass
[2020-08-19 16:44:35,077-logger.py]-INFO:--------
[2020-08-19 16:44:35,078-logger.py]-INFO:pass
[2020-08-19 16:44:35,078-logger.py]-INFO:--------
[2020-08-19 16:44:35,079-logger.py]-INFO:pass
[2020-08-19 16:44:35,079-logger.py]-INFO:--------
[2020-08-19 16:44:35,080-logger.py]-INFO:pass
[2020-08-19 16:44:35,081-logger.py]-INFO:--------
[2020-08-19 16:44:35,081-logger.py]-INFO:pass
[2020-08-19 16:44:35,082-logger.py]-INFO:--------
[2020-08-19 16:44:35,082-logger.py]-INFO:pass
[2020-08-19 16:44:35,083-logger.py]-INFO:--------
[2020-08-19 16:44:35,083-logger.py]-INFO:pass
[2020-08-19 16:44:35,084-logger.py]-INFO:--------
[2020-08-19 16:44:35,085-logger.py]-INFO:pass
[2020-08-19 16:44:35,085-logger.py]-INFO:--------
[2020-08-19 16:44:35,086-logger.py]-INFO:pass
[2020-08-19 16:44:35,087-logger.py]-INFO:--------
[2020-08-19 16:44:35,087-logger.py]-INFO:pass
[2020-08-19 16:44:35,088-logger.py]-INFO:--------
[2020-08-19 16:44:35,088-logger.py]-INFO:pass
[2020-08-19 16:44:35,089-logger.py]-INFO:--------
[2020-08-19 16:44:35,089-logger.py]-INFO:pass
[2020-08-19 16:44:35,090-logger.py]-INFO:--------
[2020-08-19 16:44:35,090-logger.py]-INFO:pass
[2020-08-19 16:44:35,091-logger.py]-INFO:--------
[2020-08-19 16:44:35,091-logger.py]-INFO:pass
[2020-08-19 16:44:35,092-logger.py]-INFO:--------
[2020-08-19 16:44:35,093-logger.py]-INFO:pass
[2020-08-19 16:44:35,093-logger.py]-INFO:--------
[2020-08-19 16:44:35,094-logger.py]-INFO:pass
[2020-08-19 16:44:35,094-logger.py]-INFO:--------
[2020-08-19 16:44:35,095-logger.py]-INFO:pass
[2020-08-19 16:44:35,095-logger.py]-INFO:--------
[2020-08-19 16:44:35,096-logger.py]-INFO:pass
[2020-08-19 16:44:35,096-logger.py]-INFO:--------
[2020-08-19 16:44:35,097-logger.py]-INFO:pass
[2020-08-19 16:44:35,097-logger.py]-INFO:--------
[2020-08-19 16:44:35,098-logger.py]-INFO:pass
[2020-08-19 16:44:35,098-logger.py]-INFO:--------
[2020-08-19 16:44:35,099-logger.py]-INFO:fail
[2020-08-19 16:44:35,100-logger.py]-INFO:--------
