[2020-08-21 16:02:32,319-logger.py]-INFO:
用例文件：PDA用户登录.xlsx
用例编号：1.0
接口名称：PDA用户登录
用例名称：用户名密码正确
用例描述：测试用户名密码正确，登录成功
请求内容：loginName=test01&password=222222
实际响应：{"role":"总经办部1","name":"晨伟1","userImgUrl":"","dept":"生产,调试,检验","message":"登录成功","userId":"1591948639502","status":"200"}
[2020-08-21 16:02:32,320-logger.py]-ERROR:检查点:"message":"登录2成功"--fail
[2020-08-21 16:02:32,321-logger.py]-INFO:----------------
[2020-08-21 16:02:32,322-logger.py]-INFO:检查点:"status":"200"--pass
[2020-08-21 16:02:32,322-logger.py]-INFO:----------------
[2020-08-21 16:02:32,350-logger.py]-INFO:
用例文件：PDA用户登录.xlsx
用例编号：2.0
接口名称：PDA用户登录
用例名称：密码错误
用例描述：测试密码输入错误，登录失败
请求内容：loginName=test01&password=abcd
实际响应：{"message":"用户名或密码错误","status":"300"}
[2020-08-21 16:02:32,350-logger.py]-INFO:检查点:"message":"用户名或密码错误"--pass
[2020-08-21 16:02:32,351-logger.py]-INFO:----------------
[2020-08-21 16:02:32,352-logger.py]-INFO:检查点:"status":"300"--pass
[2020-08-21 16:02:32,352-logger.py]-INFO:----------------
[2020-08-21 16:02:32,378-logger.py]-INFO:
用例文件：PDA用户登录.xlsx
用例编号：3.0
接口名称：PDA用户登录
用例名称：密码输入为空
用例描述：测试密码输入为空，登录失败
请求内容：loginName=test01&password=
实际响应：{"message":"用户名或密码错误","status":"300"}
[2020-08-21 16:02:32,379-logger.py]-INFO:检查点:"message":"用户名或密码错误"--pass
[2020-08-21 16:02:32,380-logger.py]-INFO:----------------
[2020-08-21 16:02:32,380-logger.py]-INFO:检查点:"status":"300"--pass
[2020-08-21 16:02:32,381-logger.py]-INFO:----------------
[2020-08-21 16:02:32,399-logger.py]-INFO:执行测试用例数：3  通过用例数：2  失败用例数：1
[2020-08-21 16:02:32,447-logger.py]-INFO:
用例文件：PDA用户登录2.xlsx
用例编号：1.0
接口名称：PDA用户登录
用例名称：用户名密码正确
用例描述：测试用户名密码正确，登录成功
请求内容：loginName=test01&password=222222
实际响应：{"role":"总经办部1","name":"晨伟1","userImgUrl":"","dept":"生产,调试,检验","message":"登录成功","userId":"1591948639502","status":"200"}
[2020-08-21 16:02:32,448-logger.py]-ERROR:检查点:"message":"登录2成功"--fail
[2020-08-21 16:02:32,448-logger.py]-INFO:----------------
[2020-08-21 16:02:32,449-logger.py]-INFO:检查点:"status":"200"--pass
[2020-08-21 16:02:32,449-logger.py]-INFO:----------------
[2020-08-21 16:02:32,474-logger.py]-INFO:
用例文件：PDA用户登录2.xlsx
用例编号：2.0
接口名称：PDA用户登录
用例名称：密码错误
用例描述：测试密码输入错误，登录失败
请求内容：loginName=test01&password=abcd
实际响应：{"message":"用户名或密码错误","status":"300"}
[2020-08-21 16:02:32,475-logger.py]-INFO:检查点:"message":"用户名或密码错误"--pass
[2020-08-21 16:02:32,475-logger.py]-INFO:----------------
[2020-08-21 16:02:32,476-logger.py]-INFO:检查点:"status":"300"--pass
[2020-08-21 16:02:32,477-logger.py]-INFO:----------------
[2020-08-21 16:02:32,501-logger.py]-INFO:
用例文件：PDA用户登录2.xlsx
用例编号：3.0
接口名称：PDA用户登录
用例名称：密码输入为空
用例描述：测试密码输入为空，登录失败
请求内容：loginName=test01&password=
实际响应：{"message":"用户名或密码错误","status":"300"}
[2020-08-21 16:02:32,502-logger.py]-INFO:检查点:"message":"用户名或密码错误"--pass
[2020-08-21 16:02:32,503-logger.py]-INFO:----------------
[2020-08-21 16:02:32,503-logger.py]-INFO:检查点:"status":"300"--pass
[2020-08-21 16:02:32,504-logger.py]-INFO:----------------
[2020-08-21 16:02:32,519-logger.py]-INFO:执行测试用例数：6  通过用例数：4  失败用例数：2
[2020-08-21 16:02:32,554-logger.py]-INFO:
用例文件：用户密码修改.xlsx
用例编号：1.0
接口名称：用户密码修改
用例名称：原密码输入错误
用例描述：测试原密码输入错误，修改失败
请求内容：{"pass_word":"abcd1","new_pass_word":"123456","id":"1591948639502"}
实际响应：{"message":"输入原密码不正确","status":"401"}
[2020-08-21 16:02:32,555-logger.py]-INFO:检查点:"message":"输入原密码不正确"--pass
[2020-08-21 16:02:32,555-logger.py]-INFO:----------------
[2020-08-21 16:02:32,556-logger.py]-INFO:检查点:"status":"401"--pass
[2020-08-21 16:02:32,557-logger.py]-INFO:----------------
[2020-08-21 16:02:32,578-logger.py]-INFO:执行测试用例数：7  通过用例数：5  失败用例数：2
