[2020-08-19 16:39:29,160-logger.py]-INFO:编号：1.0，接口名称：PDA用户登录，用例名称：用户名密码正确，用例描述：测试用户名密码正确，登录成功,实际响应：{'role': '总经办部1', 'name': '晨伟1', 'userImgUrl': '', 'dept': '生产,调试,检验', 'message': '登录成功', 'userId': '1591948639502', 'status': '200'}
[2020-08-19 16:39:29,163-logger.py]-INFO:pass
[2020-08-19 16:39:29,165-logger.py]-INFO:--------
[2020-08-19 16:39:29,167-logger.py]-INFO:pass
[2020-08-19 16:39:29,169-logger.py]-INFO:--------
[2020-08-19 16:39:29,171-logger.py]-INFO:pass
[2020-08-19 16:39:29,174-logger.py]-INFO:--------
[2020-08-19 16:39:29,176-logger.py]-INFO:pass
[2020-08-19 16:39:29,179-logger.py]-INFO:--------
[2020-08-19 16:39:29,181-logger.py]-INFO:pass
[2020-08-19 16:39:29,183-logger.py]-INFO:--------
[2020-08-19 16:39:29,185-logger.py]-INFO:pass
[2020-08-19 16:39:29,187-logger.py]-INFO:--------
[2020-08-19 16:39:29,189-logger.py]-INFO:pass
[2020-08-19 16:39:29,191-logger.py]-INFO:--------
[2020-08-19 16:39:29,193-logger.py]-INFO:pass
[2020-08-19 16:39:29,195-logger.py]-INFO:--------
[2020-08-19 16:39:29,197-logger.py]-INFO:pass
[2020-08-19 16:39:29,199-logger.py]-INFO:--------
[2020-08-19 16:39:29,202-logger.py]-INFO:pass
[2020-08-19 16:39:29,202-logger.py]-INFO:--------
[2020-08-19 16:39:29,203-logger.py]-INFO:pass
[2020-08-19 16:39:29,204-logger.py]-INFO:--------
[2020-08-19 16:39:29,205-logger.py]-INFO:pass
[2020-08-19 16:39:29,206-logger.py]-INFO:--------
[2020-08-19 16:39:29,208-logger.py]-INFO:pass
[2020-08-19 16:39:29,209-logger.py]-INFO:--------
[2020-08-19 16:39:29,210-logger.py]-INFO:pass
[2020-08-19 16:39:29,211-logger.py]-INFO:--------
[2020-08-19 16:39:29,213-logger.py]-INFO:pass
[2020-08-19 16:39:29,214-logger.py]-INFO:--------
[2020-08-19 16:39:29,215-logger.py]-INFO:pass
[2020-08-19 16:39:29,216-logger.py]-INFO:--------
[2020-08-19 16:39:29,217-logger.py]-INFO:pass
[2020-08-19 16:39:29,218-logger.py]-INFO:--------
[2020-08-19 16:39:29,219-logger.py]-INFO:pass
[2020-08-19 16:39:29,220-logger.py]-INFO:--------
[2020-08-19 16:39:29,221-logger.py]-INFO:pass
[2020-08-19 16:39:29,222-logger.py]-INFO:--------
[2020-08-19 16:39:29,224-logger.py]-INFO:pass
[2020-08-19 16:39:29,225-logger.py]-INFO:--------
[2020-08-19 16:39:29,226-logger.py]-INFO:pass
[2020-08-19 16:39:29,227-logger.py]-INFO:--------
[2020-08-19 16:39:29,228-logger.py]-INFO:pass
[2020-08-19 16:39:29,229-logger.py]-INFO:--------
[2020-08-19 16:39:29,231-logger.py]-INFO:pass
[2020-08-19 16:39:29,231-logger.py]-INFO:--------
[2020-08-19 16:39:29,233-logger.py]-INFO:fail
[2020-08-19 16:39:29,233-logger.py]-INFO:--------
[2020-08-19 16:39:29,243-logger.py]-INFO:编号：2.0，接口名称：PDA用户登录，用例名称：密码错误，用例描述：测试密码输入错误，登录失败,实际响应：{'message': '用户名或密码错误', 'status': '300'}
[2020-08-19 16:39:29,244-logger.py]-INFO:pass
[2020-08-19 16:39:29,245-logger.py]-INFO:--------
[2020-08-19 16:39:29,246-logger.py]-INFO:pass
[2020-08-19 16:39:29,246-logger.py]-INFO:--------
[2020-08-19 16:39:29,247-logger.py]-INFO:pass
[2020-08-19 16:39:29,247-logger.py]-INFO:--------
[2020-08-19 16:39:29,248-logger.py]-INFO:pass
[2020-08-19 16:39:29,248-logger.py]-INFO:--------
[2020-08-19 16:39:29,249-logger.py]-INFO:pass
[2020-08-19 16:39:29,250-logger.py]-INFO:--------
[2020-08-19 16:39:29,250-logger.py]-INFO:pass
[2020-08-19 16:39:29,251-logger.py]-INFO:--------
[2020-08-19 16:39:29,251-logger.py]-INFO:pass
[2020-08-19 16:39:29,252-logger.py]-INFO:--------
[2020-08-19 16:39:29,253-logger.py]-INFO:pass
[2020-08-19 16:39:29,253-logger.py]-INFO:--------
[2020-08-19 16:39:29,254-logger.py]-INFO:pass
[2020-08-19 16:39:29,254-logger.py]-INFO:--------
[2020-08-19 16:39:29,255-logger.py]-INFO:pass
[2020-08-19 16:39:29,256-logger.py]-INFO:--------
[2020-08-19 16:39:29,256-logger.py]-INFO:pass
[2020-08-19 16:39:29,257-logger.py]-INFO:--------
[2020-08-19 16:39:29,257-logger.py]-INFO:pass
[2020-08-19 16:39:29,258-logger.py]-INFO:--------
[2020-08-19 16:39:29,258-logger.py]-INFO:pass
[2020-08-19 16:39:29,259-logger.py]-INFO:--------
[2020-08-19 16:39:29,259-logger.py]-INFO:pass
[2020-08-19 16:39:29,260-logger.py]-INFO:--------
[2020-08-19 16:39:29,261-logger.py]-INFO:pass
[2020-08-19 16:39:29,261-logger.py]-INFO:--------
[2020-08-19 16:39:29,262-logger.py]-INFO:pass
[2020-08-19 16:39:29,262-logger.py]-INFO:--------
[2020-08-19 16:39:29,263-logger.py]-INFO:pass
[2020-08-19 16:39:29,263-logger.py]-INFO:--------
[2020-08-19 16:39:29,264-logger.py]-INFO:pass
[2020-08-19 16:39:29,264-logger.py]-INFO:--------
[2020-08-19 16:39:29,265-logger.py]-INFO:pass
[2020-08-19 16:39:29,266-logger.py]-INFO:--------
[2020-08-19 16:39:29,266-logger.py]-INFO:pass
[2020-08-19 16:39:29,267-logger.py]-INFO:--------
[2020-08-19 16:39:29,267-logger.py]-INFO:pass
[2020-08-19 16:39:29,268-logger.py]-INFO:--------
[2020-08-19 16:39:29,269-logger.py]-INFO:pass
[2020-08-19 16:39:29,269-logger.py]-INFO:--------
[2020-08-19 16:39:29,270-logger.py]-INFO:pass
[2020-08-19 16:39:29,270-logger.py]-INFO:--------
[2020-08-19 16:39:29,271-logger.py]-INFO:pass
[2020-08-19 16:39:29,271-logger.py]-INFO:--------
[2020-08-19 16:39:29,272-logger.py]-INFO:pass
[2020-08-19 16:39:29,272-logger.py]-INFO:--------
[2020-08-19 16:39:29,273-logger.py]-INFO:pass
[2020-08-19 16:39:29,273-logger.py]-INFO:--------
[2020-08-19 16:39:29,274-logger.py]-INFO:pass
[2020-08-19 16:39:29,275-logger.py]-INFO:--------
[2020-08-19 16:39:29,275-logger.py]-INFO:pass
[2020-08-19 16:39:29,276-logger.py]-INFO:--------
[2020-08-19 16:39:29,276-logger.py]-INFO:fail
[2020-08-19 16:39:29,277-logger.py]-INFO:--------
