[2020-08-19 16:45:00,586-logger.py]-INFO:编号：1.0
接口名称：PDA用户登录
用例名称：用户名密码正确
用例描述：测试用户名密码正确，登录成功
实际响应：{'role': '总经办部1', 'name': '晨伟1', 'userImgUrl': '', 'dept': '生产,调试,检验', 'message': '登录成功', 'userId': '1591948639502', 'status': '200'}
[2020-08-19 16:45:00,587-logger.py]-INFO:pass
[2020-08-19 16:45:00,589-logger.py]-INFO:--------
[2020-08-19 16:45:00,590-logger.py]-INFO:pass
[2020-08-19 16:45:00,590-logger.py]-INFO:--------
[2020-08-19 16:45:00,591-logger.py]-INFO:pass
[2020-08-19 16:45:00,591-logger.py]-INFO:--------
[2020-08-19 16:45:00,592-logger.py]-INFO:pass
[2020-08-19 16:45:00,592-logger.py]-INFO:--------
[2020-08-19 16:45:00,593-logger.py]-INFO:pass
[2020-08-19 16:45:00,594-logger.py]-INFO:--------
[2020-08-19 16:45:00,595-logger.py]-INFO:pass
[2020-08-19 16:45:00,595-logger.py]-INFO:--------
[2020-08-19 16:45:00,596-logger.py]-INFO:pass
[2020-08-19 16:45:00,596-logger.py]-INFO:--------
[2020-08-19 16:45:00,597-logger.py]-INFO:pass
[2020-08-19 16:45:00,598-logger.py]-INFO:--------
[2020-08-19 16:45:00,599-logger.py]-INFO:pass
[2020-08-19 16:45:00,600-logger.py]-INFO:--------
[2020-08-19 16:45:00,600-logger.py]-INFO:pass
[2020-08-19 16:45:00,601-logger.py]-INFO:--------
[2020-08-19 16:45:00,602-logger.py]-INFO:pass
[2020-08-19 16:45:00,603-logger.py]-INFO:--------
[2020-08-19 16:45:00,604-logger.py]-INFO:pass
[2020-08-19 16:45:00,604-logger.py]-INFO:--------
[2020-08-19 16:45:00,605-logger.py]-INFO:pass
[2020-08-19 16:45:00,606-logger.py]-INFO:--------
[2020-08-19 16:45:00,607-logger.py]-INFO:pass
[2020-08-19 16:45:00,608-logger.py]-INFO:--------
[2020-08-19 16:45:00,609-logger.py]-INFO:pass
[2020-08-19 16:45:00,610-logger.py]-INFO:--------
[2020-08-19 16:45:00,611-logger.py]-INFO:pass
[2020-08-19 16:45:00,612-logger.py]-INFO:--------
[2020-08-19 16:45:00,613-logger.py]-INFO:pass
[2020-08-19 16:45:00,613-logger.py]-INFO:--------
[2020-08-19 16:45:00,614-logger.py]-INFO:pass
[2020-08-19 16:45:00,615-logger.py]-INFO:--------
[2020-08-19 16:45:00,616-logger.py]-INFO:pass
[2020-08-19 16:45:00,616-logger.py]-INFO:--------
[2020-08-19 16:45:00,617-logger.py]-INFO:pass
[2020-08-19 16:45:00,618-logger.py]-INFO:--------
[2020-08-19 16:45:00,619-logger.py]-INFO:pass
[2020-08-19 16:45:00,620-logger.py]-INFO:--------
[2020-08-19 16:45:00,621-logger.py]-INFO:pass
[2020-08-19 16:45:00,621-logger.py]-INFO:--------
[2020-08-19 16:45:00,622-logger.py]-INFO:pass
[2020-08-19 16:45:00,623-logger.py]-INFO:--------
[2020-08-19 16:45:00,624-logger.py]-INFO:fail
[2020-08-19 16:45:00,624-logger.py]-INFO:--------
[2020-08-19 16:45:00,635-logger.py]-INFO:编号：2.0
接口名称：PDA用户登录
用例名称：密码错误
用例描述：测试密码输入错误，登录失败
实际响应：{'message': '用户名或密码错误', 'status': '300'}
[2020-08-19 16:45:00,636-logger.py]-INFO:pass
[2020-08-19 16:45:00,636-logger.py]-INFO:--------
[2020-08-19 16:45:00,637-logger.py]-INFO:pass
[2020-08-19 16:45:00,637-logger.py]-INFO:--------
[2020-08-19 16:45:00,638-logger.py]-INFO:pass
[2020-08-19 16:45:00,639-logger.py]-INFO:--------
[2020-08-19 16:45:00,640-logger.py]-INFO:pass
[2020-08-19 16:45:00,640-logger.py]-INFO:--------
[2020-08-19 16:45:00,641-logger.py]-INFO:pass
[2020-08-19 16:45:00,641-logger.py]-INFO:--------
[2020-08-19 16:45:00,642-logger.py]-INFO:pass
[2020-08-19 16:45:00,643-logger.py]-INFO:--------
[2020-08-19 16:45:00,643-logger.py]-INFO:pass
[2020-08-19 16:45:00,644-logger.py]-INFO:--------
[2020-08-19 16:45:00,644-logger.py]-INFO:pass
[2020-08-19 16:45:00,645-logger.py]-INFO:--------
[2020-08-19 16:45:00,646-logger.py]-INFO:pass
[2020-08-19 16:45:00,646-logger.py]-INFO:--------
[2020-08-19 16:45:00,647-logger.py]-INFO:pass
[2020-08-19 16:45:00,647-logger.py]-INFO:--------
[2020-08-19 16:45:00,648-logger.py]-INFO:pass
[2020-08-19 16:45:00,649-logger.py]-INFO:--------
[2020-08-19 16:45:00,649-logger.py]-INFO:pass
[2020-08-19 16:45:00,650-logger.py]-INFO:--------
[2020-08-19 16:45:00,650-logger.py]-INFO:pass
[2020-08-19 16:45:00,651-logger.py]-INFO:--------
[2020-08-19 16:45:00,652-logger.py]-INFO:pass
[2020-08-19 16:45:00,652-logger.py]-INFO:--------
[2020-08-19 16:45:00,653-logger.py]-INFO:pass
[2020-08-19 16:45:00,654-logger.py]-INFO:--------
[2020-08-19 16:45:00,654-logger.py]-INFO:pass
[2020-08-19 16:45:00,655-logger.py]-INFO:--------
[2020-08-19 16:45:00,655-logger.py]-INFO:pass
[2020-08-19 16:45:00,656-logger.py]-INFO:--------
[2020-08-19 16:45:00,657-logger.py]-INFO:pass
[2020-08-19 16:45:00,657-logger.py]-INFO:--------
[2020-08-19 16:45:00,658-logger.py]-INFO:pass
[2020-08-19 16:45:00,658-logger.py]-INFO:--------
[2020-08-19 16:45:00,659-logger.py]-INFO:pass
[2020-08-19 16:45:00,660-logger.py]-INFO:--------
[2020-08-19 16:45:00,660-logger.py]-INFO:pass
[2020-08-19 16:45:00,661-logger.py]-INFO:--------
[2020-08-19 16:45:00,661-logger.py]-INFO:pass
[2020-08-19 16:45:00,662-logger.py]-INFO:--------
[2020-08-19 16:45:00,662-logger.py]-INFO:pass
[2020-08-19 16:45:00,663-logger.py]-INFO:--------
[2020-08-19 16:45:00,663-logger.py]-INFO:pass
[2020-08-19 16:45:00,664-logger.py]-INFO:--------
[2020-08-19 16:45:00,665-logger.py]-INFO:pass
[2020-08-19 16:45:00,665-logger.py]-INFO:--------
[2020-08-19 16:45:00,666-logger.py]-INFO:pass
[2020-08-19 16:45:00,666-logger.py]-INFO:--------
[2020-08-19 16:45:00,667-logger.py]-INFO:pass
[2020-08-19 16:45:00,667-logger.py]-INFO:--------
[2020-08-19 16:45:00,668-logger.py]-INFO:pass
[2020-08-19 16:45:00,668-logger.py]-INFO:--------
[2020-08-19 16:45:00,669-logger.py]-INFO:fail
[2020-08-19 16:45:00,669-logger.py]-INFO:--------
