[2020-08-19 16:40:23,654-logger.py]-INFO:编号：1.0，接口名称：PDA用户登录，用例名称：用户名密码正确，用例描述：测试用户名密码正确，登录成功,实际响应：{'role': '总经办部1', 'name': '晨伟1', 'userImgUrl': '', 'dept': '生产,调试,检验', 'message': '登录成功', 'userId': '1591948639502', 'status': '200'}
[2020-08-19 16:40:23,656-logger.py]-INFO:pass
[2020-08-19 16:40:23,659-logger.py]-INFO:--------
[2020-08-19 16:40:23,661-logger.py]-INFO:pass
[2020-08-19 16:40:23,663-logger.py]-INFO:--------
[2020-08-19 16:40:23,665-logger.py]-INFO:pass
[2020-08-19 16:40:23,668-logger.py]-INFO:--------
[2020-08-19 16:40:23,670-logger.py]-INFO:pass
[2020-08-19 16:40:23,671-logger.py]-INFO:--------
[2020-08-19 16:40:23,674-logger.py]-INFO:pass
[2020-08-19 16:40:23,677-logger.py]-INFO:--------
[2020-08-19 16:40:23,679-logger.py]-INFO:pass
[2020-08-19 16:40:23,680-logger.py]-INFO:--------
[2020-08-19 16:40:23,682-logger.py]-INFO:pass
[2020-08-19 16:40:23,683-logger.py]-INFO:--------
[2020-08-19 16:40:23,684-logger.py]-INFO:pass
[2020-08-19 16:40:23,684-logger.py]-INFO:--------
[2020-08-19 16:40:23,685-logger.py]-INFO:pass
[2020-08-19 16:40:23,686-logger.py]-INFO:--------
[2020-08-19 16:40:23,687-logger.py]-INFO:pass
[2020-08-19 16:40:23,688-logger.py]-INFO:--------
[2020-08-19 16:40:23,689-logger.py]-INFO:pass
[2020-08-19 16:40:23,690-logger.py]-INFO:--------
[2020-08-19 16:40:23,691-logger.py]-INFO:pass
[2020-08-19 16:40:23,692-logger.py]-INFO:--------
[2020-08-19 16:40:23,693-logger.py]-INFO:pass
[2020-08-19 16:40:23,693-logger.py]-INFO:--------
[2020-08-19 16:40:23,694-logger.py]-INFO:pass
[2020-08-19 16:40:23,695-logger.py]-INFO:--------
[2020-08-19 16:40:23,696-logger.py]-INFO:pass
[2020-08-19 16:40:23,697-logger.py]-INFO:--------
[2020-08-19 16:40:23,698-logger.py]-INFO:pass
[2020-08-19 16:40:23,698-logger.py]-INFO:--------
[2020-08-19 16:40:23,699-logger.py]-INFO:pass
[2020-08-19 16:40:23,700-logger.py]-INFO:--------
[2020-08-19 16:40:23,701-logger.py]-INFO:pass
[2020-08-19 16:40:23,702-logger.py]-INFO:--------
[2020-08-19 16:40:23,703-logger.py]-INFO:pass
[2020-08-19 16:40:23,704-logger.py]-INFO:--------
[2020-08-19 16:40:23,705-logger.py]-INFO:pass
[2020-08-19 16:40:23,705-logger.py]-INFO:--------
[2020-08-19 16:40:23,706-logger.py]-INFO:pass
[2020-08-19 16:40:23,707-logger.py]-INFO:--------
[2020-08-19 16:40:23,708-logger.py]-INFO:pass
[2020-08-19 16:40:23,709-logger.py]-INFO:--------
[2020-08-19 16:40:23,710-logger.py]-INFO:pass
[2020-08-19 16:40:23,711-logger.py]-INFO:--------
[2020-08-19 16:40:23,712-logger.py]-INFO:fail
[2020-08-19 16:40:23,712-logger.py]-INFO:--------
[2020-08-19 16:40:23,723-logger.py]-INFO:编号：2.0，接口名称：PDA用户登录，用例名称：密码错误，用例描述：测试密码输入错误，登录失败,实际响应：{'message': '用户名或密码错误', 'status': '300'}
[2020-08-19 16:40:23,724-logger.py]-INFO:pass
[2020-08-19 16:40:23,724-logger.py]-INFO:--------
[2020-08-19 16:40:23,725-logger.py]-INFO:pass
[2020-08-19 16:40:23,726-logger.py]-INFO:--------
[2020-08-19 16:40:23,726-logger.py]-INFO:pass
[2020-08-19 16:40:23,727-logger.py]-INFO:--------
[2020-08-19 16:40:23,728-logger.py]-INFO:pass
[2020-08-19 16:40:23,728-logger.py]-INFO:--------
[2020-08-19 16:40:23,729-logger.py]-INFO:pass
[2020-08-19 16:40:23,729-logger.py]-INFO:--------
[2020-08-19 16:40:23,730-logger.py]-INFO:pass
[2020-08-19 16:40:23,731-logger.py]-INFO:--------
[2020-08-19 16:40:23,731-logger.py]-INFO:pass
[2020-08-19 16:40:23,732-logger.py]-INFO:--------
[2020-08-19 16:40:23,732-logger.py]-INFO:pass
[2020-08-19 16:40:23,733-logger.py]-INFO:--------
[2020-08-19 16:40:23,733-logger.py]-INFO:pass
[2020-08-19 16:40:23,734-logger.py]-INFO:--------
[2020-08-19 16:40:23,735-logger.py]-INFO:pass
[2020-08-19 16:40:23,735-logger.py]-INFO:--------
[2020-08-19 16:40:23,736-logger.py]-INFO:pass
[2020-08-19 16:40:23,737-logger.py]-INFO:--------
[2020-08-19 16:40:23,737-logger.py]-INFO:pass
[2020-08-19 16:40:23,738-logger.py]-INFO:--------
[2020-08-19 16:40:23,738-logger.py]-INFO:pass
[2020-08-19 16:40:23,739-logger.py]-INFO:--------
[2020-08-19 16:40:23,739-logger.py]-INFO:pass
[2020-08-19 16:40:23,740-logger.py]-INFO:--------
[2020-08-19 16:40:23,741-logger.py]-INFO:pass
[2020-08-19 16:40:23,741-logger.py]-INFO:--------
[2020-08-19 16:40:23,742-logger.py]-INFO:pass
[2020-08-19 16:40:23,742-logger.py]-INFO:--------
[2020-08-19 16:40:23,743-logger.py]-INFO:pass
[2020-08-19 16:40:23,743-logger.py]-INFO:--------
[2020-08-19 16:40:23,744-logger.py]-INFO:pass
[2020-08-19 16:40:23,744-logger.py]-INFO:--------
[2020-08-19 16:40:23,745-logger.py]-INFO:pass
[2020-08-19 16:40:23,745-logger.py]-INFO:--------
[2020-08-19 16:40:23,746-logger.py]-INFO:pass
[2020-08-19 16:40:23,746-logger.py]-INFO:--------
[2020-08-19 16:40:23,747-logger.py]-INFO:pass
[2020-08-19 16:40:23,747-logger.py]-INFO:--------
[2020-08-19 16:40:23,748-logger.py]-INFO:pass
[2020-08-19 16:40:23,749-logger.py]-INFO:--------
[2020-08-19 16:40:23,749-logger.py]-INFO:pass
[2020-08-19 16:40:23,750-logger.py]-INFO:--------
[2020-08-19 16:40:23,750-logger.py]-INFO:pass
[2020-08-19 16:40:23,751-logger.py]-INFO:--------
[2020-08-19 16:40:23,751-logger.py]-INFO:pass
[2020-08-19 16:40:23,752-logger.py]-INFO:--------
[2020-08-19 16:40:23,752-logger.py]-INFO:pass
[2020-08-19 16:40:23,753-logger.py]-INFO:--------
[2020-08-19 16:40:23,753-logger.py]-INFO:pass
[2020-08-19 16:40:23,754-logger.py]-INFO:--------
[2020-08-19 16:40:23,754-logger.py]-INFO:pass
[2020-08-19 16:40:23,755-logger.py]-INFO:--------
[2020-08-19 16:40:23,756-logger.py]-INFO:fail
[2020-08-19 16:40:23,756-logger.py]-INFO:--------
