[2020-08-19 16:41:17,073-logger.py]-INFO:编号：1.0，接口名称：PDA用户登录，用例名称：用户名密码正确，用例描述：测试用户名密码正确，登录成功,实际响应：{'role': '总经办部1', 'name': '晨伟1', 'userImgUrl': '', 'dept': '生产,调试,检验', 'message': '登录成功', 'userId': '1591948639502', 'status': '200'}
[2020-08-19 16:41:17,074-logger.py]-INFO:pass
[2020-08-19 16:41:17,076-logger.py]-INFO:--------
[2020-08-19 16:41:17,077-logger.py]-INFO:pass
[2020-08-19 16:41:17,078-logger.py]-INFO:--------
[2020-08-19 16:41:17,078-logger.py]-INFO:pass
[2020-08-19 16:41:17,079-logger.py]-INFO:--------
[2020-08-19 16:41:17,080-logger.py]-INFO:pass
[2020-08-19 16:41:17,081-logger.py]-INFO:--------
[2020-08-19 16:41:17,081-logger.py]-INFO:pass
[2020-08-19 16:41:17,082-logger.py]-INFO:--------
[2020-08-19 16:41:17,082-logger.py]-INFO:pass
[2020-08-19 16:41:17,083-logger.py]-INFO:--------
[2020-08-19 16:41:17,084-logger.py]-INFO:pass
[2020-08-19 16:41:17,085-logger.py]-INFO:--------
[2020-08-19 16:41:17,086-logger.py]-INFO:pass
[2020-08-19 16:41:17,087-logger.py]-INFO:--------
[2020-08-19 16:41:17,088-logger.py]-INFO:pass
[2020-08-19 16:41:17,089-logger.py]-INFO:--------
[2020-08-19 16:41:17,090-logger.py]-INFO:pass
[2020-08-19 16:41:17,091-logger.py]-INFO:--------
[2020-08-19 16:41:17,093-logger.py]-INFO:pass
[2020-08-19 16:41:17,094-logger.py]-INFO:--------
[2020-08-19 16:41:17,095-logger.py]-INFO:pass
[2020-08-19 16:41:17,095-logger.py]-INFO:--------
[2020-08-19 16:41:17,096-logger.py]-INFO:pass
[2020-08-19 16:41:17,097-logger.py]-INFO:--------
[2020-08-19 16:41:17,098-logger.py]-INFO:pass
[2020-08-19 16:41:17,099-logger.py]-INFO:--------
[2020-08-19 16:41:17,100-logger.py]-INFO:pass
[2020-08-19 16:41:17,101-logger.py]-INFO:--------
[2020-08-19 16:41:17,101-logger.py]-INFO:pass
[2020-08-19 16:41:17,102-logger.py]-INFO:--------
[2020-08-19 16:41:17,103-logger.py]-INFO:pass
[2020-08-19 16:41:17,104-logger.py]-INFO:--------
[2020-08-19 16:41:17,105-logger.py]-INFO:pass
[2020-08-19 16:41:17,106-logger.py]-INFO:--------
[2020-08-19 16:41:17,107-logger.py]-INFO:pass
[2020-08-19 16:41:17,108-logger.py]-INFO:--------
[2020-08-19 16:41:17,109-logger.py]-INFO:pass
[2020-08-19 16:41:17,109-logger.py]-INFO:--------
[2020-08-19 16:41:17,110-logger.py]-INFO:pass
[2020-08-19 16:41:17,111-logger.py]-INFO:--------
[2020-08-19 16:41:17,112-logger.py]-INFO:pass
[2020-08-19 16:41:17,113-logger.py]-INFO:--------
[2020-08-19 16:41:17,114-logger.py]-INFO:pass
[2020-08-19 16:41:17,115-logger.py]-INFO:--------
[2020-08-19 16:41:17,116-logger.py]-INFO:fail
[2020-08-19 16:41:17,117-logger.py]-INFO:--------
[2020-08-19 16:41:17,127-logger.py]-INFO:编号：2.0，接口名称：PDA用户登录，用例名称：密码错误，用例描述：测试密码输入错误，登录失败,实际响应：{'message': '用户名或密码错误', 'status': '300'}
[2020-08-19 16:41:17,128-logger.py]-INFO:pass
[2020-08-19 16:41:17,128-logger.py]-INFO:--------
[2020-08-19 16:41:17,129-logger.py]-INFO:pass
[2020-08-19 16:41:17,130-logger.py]-INFO:--------
[2020-08-19 16:41:17,130-logger.py]-INFO:pass
[2020-08-19 16:41:17,131-logger.py]-INFO:--------
[2020-08-19 16:41:17,131-logger.py]-INFO:pass
[2020-08-19 16:41:17,132-logger.py]-INFO:--------
[2020-08-19 16:41:17,133-logger.py]-INFO:pass
[2020-08-19 16:41:17,133-logger.py]-INFO:--------
[2020-08-19 16:41:17,134-logger.py]-INFO:pass
[2020-08-19 16:41:17,134-logger.py]-INFO:--------
[2020-08-19 16:41:17,135-logger.py]-INFO:pass
[2020-08-19 16:41:17,136-logger.py]-INFO:--------
[2020-08-19 16:41:17,136-logger.py]-INFO:pass
[2020-08-19 16:41:17,137-logger.py]-INFO:--------
[2020-08-19 16:41:17,137-logger.py]-INFO:pass
[2020-08-19 16:41:17,138-logger.py]-INFO:--------
[2020-08-19 16:41:17,139-logger.py]-INFO:pass
[2020-08-19 16:41:17,139-logger.py]-INFO:--------
[2020-08-19 16:41:17,140-logger.py]-INFO:pass
[2020-08-19 16:41:17,140-logger.py]-INFO:--------
[2020-08-19 16:41:17,141-logger.py]-INFO:pass
[2020-08-19 16:41:17,141-logger.py]-INFO:--------
[2020-08-19 16:41:17,142-logger.py]-INFO:pass
[2020-08-19 16:41:17,143-logger.py]-INFO:--------
[2020-08-19 16:41:17,143-logger.py]-INFO:pass
[2020-08-19 16:41:17,144-logger.py]-INFO:--------
[2020-08-19 16:41:17,144-logger.py]-INFO:pass
[2020-08-19 16:41:17,145-logger.py]-INFO:--------
[2020-08-19 16:41:17,145-logger.py]-INFO:pass
[2020-08-19 16:41:17,146-logger.py]-INFO:--------
[2020-08-19 16:41:17,146-logger.py]-INFO:pass
[2020-08-19 16:41:17,147-logger.py]-INFO:--------
[2020-08-19 16:41:17,148-logger.py]-INFO:pass
[2020-08-19 16:41:17,148-logger.py]-INFO:--------
[2020-08-19 16:41:17,149-logger.py]-INFO:pass
[2020-08-19 16:41:17,149-logger.py]-INFO:--------
[2020-08-19 16:41:17,150-logger.py]-INFO:pass
[2020-08-19 16:41:17,150-logger.py]-INFO:--------
[2020-08-19 16:41:17,151-logger.py]-INFO:pass
[2020-08-19 16:41:17,152-logger.py]-INFO:--------
[2020-08-19 16:41:17,153-logger.py]-INFO:pass
[2020-08-19 16:41:17,154-logger.py]-INFO:--------
[2020-08-19 16:41:17,154-logger.py]-INFO:pass
[2020-08-19 16:41:17,155-logger.py]-INFO:--------
[2020-08-19 16:41:17,156-logger.py]-INFO:pass
[2020-08-19 16:41:17,156-logger.py]-INFO:--------
[2020-08-19 16:41:17,157-logger.py]-INFO:pass
[2020-08-19 16:41:17,158-logger.py]-INFO:--------
[2020-08-19 16:41:17,158-logger.py]-INFO:pass
[2020-08-19 16:41:17,159-logger.py]-INFO:--------
[2020-08-19 16:41:17,160-logger.py]-INFO:pass
[2020-08-19 16:41:17,160-logger.py]-INFO:--------
[2020-08-19 16:41:17,161-logger.py]-INFO:pass
[2020-08-19 16:41:17,161-logger.py]-INFO:--------
[2020-08-19 16:41:17,162-logger.py]-INFO:fail
[2020-08-19 16:41:17,163-logger.py]-INFO:--------
