[2020-08-19 16:40:44,702-logger.py]-INFO:编号：1.0，接口名称：PDA用户登录，用例名称：用户名密码正确，用例描述：测试用户名密码正确，登录成功,实际响应：{'role': '总经办部1', 'name': '晨伟1', 'userImgUrl': '', 'dept': '生产,调试,检验', 'message': '登录成功', 'userId': '1591948639502', 'status': '200'}
[2020-08-19 16:40:44,703-logger.py]-INFO:pass
[2020-08-19 16:40:44,704-logger.py]-INFO:--------
[2020-08-19 16:40:44,706-logger.py]-INFO:pass
[2020-08-19 16:40:44,707-logger.py]-INFO:--------
[2020-08-19 16:40:44,708-logger.py]-INFO:pass
[2020-08-19 16:40:44,709-logger.py]-INFO:--------
[2020-08-19 16:40:44,710-logger.py]-INFO:pass
[2020-08-19 16:40:44,711-logger.py]-INFO:--------
[2020-08-19 16:40:44,712-logger.py]-INFO:pass
[2020-08-19 16:40:44,713-logger.py]-INFO:--------
[2020-08-19 16:40:44,714-logger.py]-INFO:pass
[2020-08-19 16:40:44,715-logger.py]-INFO:--------
[2020-08-19 16:40:44,716-logger.py]-INFO:pass
[2020-08-19 16:40:44,716-logger.py]-INFO:--------
[2020-08-19 16:40:44,717-logger.py]-INFO:pass
[2020-08-19 16:40:44,718-logger.py]-INFO:--------
[2020-08-19 16:40:44,720-logger.py]-INFO:pass
[2020-08-19 16:40:44,721-logger.py]-INFO:--------
[2020-08-19 16:40:44,723-logger.py]-INFO:pass
[2020-08-19 16:40:44,724-logger.py]-INFO:--------
[2020-08-19 16:40:44,725-logger.py]-INFO:pass
[2020-08-19 16:40:44,726-logger.py]-INFO:--------
[2020-08-19 16:40:44,727-logger.py]-INFO:pass
[2020-08-19 16:40:44,728-logger.py]-INFO:--------
[2020-08-19 16:40:44,730-logger.py]-INFO:pass
[2020-08-19 16:40:44,731-logger.py]-INFO:--------
[2020-08-19 16:40:44,732-logger.py]-INFO:pass
[2020-08-19 16:40:44,733-logger.py]-INFO:--------
[2020-08-19 16:40:44,735-logger.py]-INFO:pass
[2020-08-19 16:40:44,736-logger.py]-INFO:--------
[2020-08-19 16:40:44,737-logger.py]-INFO:pass
[2020-08-19 16:40:44,738-logger.py]-INFO:--------
[2020-08-19 16:40:44,739-logger.py]-INFO:pass
[2020-08-19 16:40:44,742-logger.py]-INFO:--------
[2020-08-19 16:40:44,744-logger.py]-INFO:pass
[2020-08-19 16:40:44,745-logger.py]-INFO:--------
[2020-08-19 16:40:44,746-logger.py]-INFO:pass
[2020-08-19 16:40:44,746-logger.py]-INFO:--------
[2020-08-19 16:40:44,747-logger.py]-INFO:pass
[2020-08-19 16:40:44,748-logger.py]-INFO:--------
[2020-08-19 16:40:44,748-logger.py]-INFO:pass
[2020-08-19 16:40:44,751-logger.py]-INFO:--------
[2020-08-19 16:40:44,752-logger.py]-INFO:pass
[2020-08-19 16:40:44,753-logger.py]-INFO:--------
[2020-08-19 16:40:44,754-logger.py]-INFO:pass
[2020-08-19 16:40:44,754-logger.py]-INFO:--------
[2020-08-19 16:40:44,755-logger.py]-INFO:fail
[2020-08-19 16:40:44,756-logger.py]-INFO:--------
[2020-08-19 16:40:44,769-logger.py]-INFO:编号：2.0，接口名称：PDA用户登录，用例名称：密码错误，用例描述：测试密码输入错误，登录失败,实际响应：{'message': '用户名或密码错误', 'status': '300'}
[2020-08-19 16:40:44,769-logger.py]-INFO:pass
[2020-08-19 16:40:44,770-logger.py]-INFO:--------
[2020-08-19 16:40:44,771-logger.py]-INFO:pass
[2020-08-19 16:40:44,771-logger.py]-INFO:--------
[2020-08-19 16:40:44,772-logger.py]-INFO:pass
[2020-08-19 16:40:44,773-logger.py]-INFO:--------
[2020-08-19 16:40:44,773-logger.py]-INFO:pass
[2020-08-19 16:40:44,774-logger.py]-INFO:--------
[2020-08-19 16:40:44,775-logger.py]-INFO:pass
[2020-08-19 16:40:44,776-logger.py]-INFO:--------
[2020-08-19 16:40:44,777-logger.py]-INFO:pass
[2020-08-19 16:40:44,778-logger.py]-INFO:--------
[2020-08-19 16:40:44,779-logger.py]-INFO:pass
[2020-08-19 16:40:44,780-logger.py]-INFO:--------
[2020-08-19 16:40:44,781-logger.py]-INFO:pass
[2020-08-19 16:40:44,781-logger.py]-INFO:--------
[2020-08-19 16:40:44,783-logger.py]-INFO:pass
[2020-08-19 16:40:44,784-logger.py]-INFO:--------
[2020-08-19 16:40:44,785-logger.py]-INFO:pass
[2020-08-19 16:40:44,785-logger.py]-INFO:--------
[2020-08-19 16:40:44,786-logger.py]-INFO:pass
[2020-08-19 16:40:44,787-logger.py]-INFO:--------
[2020-08-19 16:40:44,788-logger.py]-INFO:pass
[2020-08-19 16:40:44,788-logger.py]-INFO:--------
[2020-08-19 16:40:44,789-logger.py]-INFO:pass
[2020-08-19 16:40:44,790-logger.py]-INFO:--------
[2020-08-19 16:40:44,791-logger.py]-INFO:pass
[2020-08-19 16:40:44,791-logger.py]-INFO:--------
[2020-08-19 16:40:44,792-logger.py]-INFO:pass
[2020-08-19 16:40:44,793-logger.py]-INFO:--------
[2020-08-19 16:40:44,794-logger.py]-INFO:pass
[2020-08-19 16:40:44,794-logger.py]-INFO:--------
[2020-08-19 16:40:44,795-logger.py]-INFO:pass
[2020-08-19 16:40:44,796-logger.py]-INFO:--------
[2020-08-19 16:40:44,798-logger.py]-INFO:pass
[2020-08-19 16:40:44,799-logger.py]-INFO:--------
[2020-08-19 16:40:44,799-logger.py]-INFO:pass
[2020-08-19 16:40:44,800-logger.py]-INFO:--------
[2020-08-19 16:40:44,801-logger.py]-INFO:pass
[2020-08-19 16:40:44,802-logger.py]-INFO:--------
[2020-08-19 16:40:44,803-logger.py]-INFO:pass
[2020-08-19 16:40:44,803-logger.py]-INFO:--------
[2020-08-19 16:40:44,804-logger.py]-INFO:pass
[2020-08-19 16:40:44,805-logger.py]-INFO:--------
[2020-08-19 16:40:44,806-logger.py]-INFO:pass
[2020-08-19 16:40:44,807-logger.py]-INFO:--------
[2020-08-19 16:40:44,807-logger.py]-INFO:pass
[2020-08-19 16:40:44,808-logger.py]-INFO:--------
[2020-08-19 16:40:44,809-logger.py]-INFO:pass
[2020-08-19 16:40:44,809-logger.py]-INFO:--------
[2020-08-19 16:40:44,810-logger.py]-INFO:pass
[2020-08-19 16:40:44,811-logger.py]-INFO:--------
[2020-08-19 16:40:44,812-logger.py]-INFO:pass
[2020-08-19 16:40:44,812-logger.py]-INFO:--------
[2020-08-19 16:40:44,813-logger.py]-INFO:pass
[2020-08-19 16:40:44,814-logger.py]-INFO:--------
[2020-08-19 16:40:44,817-logger.py]-INFO:fail
[2020-08-19 16:40:44,817-logger.py]-INFO:--------
