[2020-08-20 10:21:12,261-logger.py]-INFO:
编号：1.0
接口名称：PDA用户登录
用例名称：用户名密码正确
用例描述：测试用户名密码正确，登录成功
实际响应：{"role":"总经办部1","name":"晨伟1","userImgUrl":"","dept":"生产,调试,检验","message":"登录成功","userId":"1591948639502","status":"200"}
[2020-08-20 10:21:12,264-logger.py]-INFO:pass
[2020-08-20 10:21:12,265-logger.py]-INFO:--------
[2020-08-20 10:21:12,265-logger.py]-INFO:pass
[2020-08-20 10:21:12,266-logger.py]-INFO:--------
[2020-08-20 10:21:12,276-logger.py]-INFO:
编号：2.0
接口名称：PDA用户登录
用例名称：密码错误
用例描述：测试密码输入错误，登录失败
实际响应：{"message":"用户名或密码错误","status":"300"}
[2020-08-20 10:21:12,277-logger.py]-INFO:pass
[2020-08-20 10:21:12,278-logger.py]-INFO:--------
[2020-08-20 10:21:12,279-logger.py]-INFO:pass
[2020-08-20 10:21:12,280-logger.py]-INFO:--------
