[2020-08-19 16:49:21,789-logger.py]-INFO:
编号：1.0
接口名称：PDA用户登录
用例名称：用户名密码正确
用例描述：测试用户名密码正确，登录成功
实际响应：{'role': '总经办部1', 'name': '晨伟1', 'userImgUrl': '', 'dept': '生产,调试,检验', 'message': '登录成功', 'userId': '1591948639502', 'status': '200'}
[2020-08-19 16:49:21,792-logger.py]-INFO:pass
[2020-08-19 16:49:21,793-logger.py]-INFO:--------
[2020-08-19 16:49:21,795-logger.py]-INFO:pass
[2020-08-19 16:49:21,796-logger.py]-INFO:--------
[2020-08-19 16:49:21,797-logger.py]-INFO:pass
[2020-08-19 16:49:21,798-logger.py]-INFO:--------
[2020-08-19 16:49:21,800-logger.py]-INFO:pass
[2020-08-19 16:49:21,801-logger.py]-INFO:--------
[2020-08-19 16:49:21,802-logger.py]-INFO:pass
[2020-08-19 16:49:21,804-logger.py]-INFO:--------
[2020-08-19 16:49:21,805-logger.py]-INFO:pass
[2020-08-19 16:49:21,806-logger.py]-INFO:--------
[2020-08-19 16:49:21,808-logger.py]-INFO:pass
[2020-08-19 16:49:21,809-logger.py]-INFO:--------
[2020-08-19 16:49:21,811-logger.py]-INFO:pass
[2020-08-19 16:49:21,812-logger.py]-INFO:--------
[2020-08-19 16:49:21,815-logger.py]-INFO:pass
[2020-08-19 16:49:21,817-logger.py]-INFO:--------
[2020-08-19 16:49:21,819-logger.py]-INFO:pass
[2020-08-19 16:49:21,820-logger.py]-INFO:--------
[2020-08-19 16:49:21,822-logger.py]-INFO:pass
[2020-08-19 16:49:21,823-logger.py]-INFO:--------
[2020-08-19 16:49:21,824-logger.py]-INFO:pass
[2020-08-19 16:49:21,825-logger.py]-INFO:--------
[2020-08-19 16:49:21,826-logger.py]-INFO:pass
[2020-08-19 16:49:21,826-logger.py]-INFO:--------
[2020-08-19 16:49:21,827-logger.py]-INFO:pass
[2020-08-19 16:49:21,828-logger.py]-INFO:--------
[2020-08-19 16:49:21,829-logger.py]-INFO:pass
[2020-08-19 16:49:21,830-logger.py]-INFO:--------
[2020-08-19 16:49:21,831-logger.py]-INFO:pass
[2020-08-19 16:49:21,831-logger.py]-INFO:--------
[2020-08-19 16:49:21,832-logger.py]-INFO:pass
[2020-08-19 16:49:21,833-logger.py]-INFO:--------
[2020-08-19 16:49:21,834-logger.py]-INFO:pass
[2020-08-19 16:49:21,835-logger.py]-INFO:--------
[2020-08-19 16:49:21,836-logger.py]-INFO:pass
[2020-08-19 16:49:21,837-logger.py]-INFO:--------
[2020-08-19 16:49:21,838-logger.py]-INFO:pass
[2020-08-19 16:49:21,838-logger.py]-INFO:--------
[2020-08-19 16:49:21,839-logger.py]-INFO:pass
[2020-08-19 16:49:21,840-logger.py]-INFO:--------
[2020-08-19 16:49:21,841-logger.py]-INFO:pass
[2020-08-19 16:49:21,842-logger.py]-INFO:--------
[2020-08-19 16:49:21,843-logger.py]-INFO:pass
[2020-08-19 16:49:21,843-logger.py]-INFO:--------
[2020-08-19 16:49:21,844-logger.py]-INFO:pass
[2020-08-19 16:49:21,845-logger.py]-INFO:--------
[2020-08-19 16:49:21,846-logger.py]-INFO:pass
[2020-08-19 16:49:21,847-logger.py]-INFO:--------
[2020-08-19 16:49:21,848-logger.py]-INFO:pass
[2020-08-19 16:49:21,849-logger.py]-INFO:--------
[2020-08-19 16:49:21,850-logger.py]-INFO:pass
[2020-08-19 16:49:21,850-logger.py]-INFO:--------
[2020-08-19 16:49:21,852-logger.py]-INFO:pass
[2020-08-19 16:49:21,852-logger.py]-INFO:--------
[2020-08-19 16:49:21,853-logger.py]-INFO:pass
[2020-08-19 16:49:21,854-logger.py]-INFO:--------
[2020-08-19 16:49:21,855-logger.py]-INFO:pass
[2020-08-19 16:49:21,856-logger.py]-INFO:--------
[2020-08-19 16:49:21,857-logger.py]-INFO:pass
[2020-08-19 16:49:21,858-logger.py]-INFO:--------
[2020-08-19 16:49:21,859-logger.py]-INFO:pass
[2020-08-19 16:49:21,859-logger.py]-INFO:--------
[2020-08-19 16:49:21,860-logger.py]-INFO:pass
[2020-08-19 16:49:21,861-logger.py]-INFO:--------
[2020-08-19 16:49:21,862-logger.py]-INFO:pass
[2020-08-19 16:49:21,862-logger.py]-INFO:--------
[2020-08-19 16:49:21,863-logger.py]-INFO:pass
[2020-08-19 16:49:21,864-logger.py]-INFO:--------
[2020-08-19 16:49:21,865-logger.py]-INFO:pass
[2020-08-19 16:49:21,865-logger.py]-INFO:--------
[2020-08-19 16:49:21,866-logger.py]-INFO:pass
[2020-08-19 16:49:21,867-logger.py]-INFO:--------
[2020-08-19 16:49:21,868-logger.py]-INFO:fail
[2020-08-19 16:49:21,869-logger.py]-INFO:--------
[2020-08-19 16:49:21,879-logger.py]-INFO:
编号：2.0
接口名称：PDA用户登录
用例名称：密码错误
用例描述：测试密码输入错误，登录失败
实际响应：{'message': '用户名或密码错误', 'status': '300'}
[2020-08-19 16:49:21,880-logger.py]-INFO:pass
[2020-08-19 16:49:21,881-logger.py]-INFO:--------
[2020-08-19 16:49:21,882-logger.py]-INFO:pass
[2020-08-19 16:49:21,882-logger.py]-INFO:--------
[2020-08-19 16:49:21,883-logger.py]-INFO:pass
[2020-08-19 16:49:21,884-logger.py]-INFO:--------
[2020-08-19 16:49:21,884-logger.py]-INFO:pass
[2020-08-19 16:49:21,885-logger.py]-INFO:--------
[2020-08-19 16:49:21,886-logger.py]-INFO:pass
[2020-08-19 16:49:21,886-logger.py]-INFO:--------
[2020-08-19 16:49:21,887-logger.py]-INFO:pass
[2020-08-19 16:49:21,887-logger.py]-INFO:--------
[2020-08-19 16:49:21,888-logger.py]-INFO:pass
[2020-08-19 16:49:21,889-logger.py]-INFO:--------
[2020-08-19 16:49:21,889-logger.py]-INFO:pass
[2020-08-19 16:49:21,890-logger.py]-INFO:--------
[2020-08-19 16:49:21,890-logger.py]-INFO:pass
[2020-08-19 16:49:21,891-logger.py]-INFO:--------
[2020-08-19 16:49:21,892-logger.py]-INFO:pass
[2020-08-19 16:49:21,892-logger.py]-INFO:--------
[2020-08-19 16:49:21,893-logger.py]-INFO:pass
[2020-08-19 16:49:21,893-logger.py]-INFO:--------
[2020-08-19 16:49:21,894-logger.py]-INFO:pass
[2020-08-19 16:49:21,895-logger.py]-INFO:--------
[2020-08-19 16:49:21,895-logger.py]-INFO:pass
[2020-08-19 16:49:21,896-logger.py]-INFO:--------
[2020-08-19 16:49:21,896-logger.py]-INFO:pass
[2020-08-19 16:49:21,897-logger.py]-INFO:--------
[2020-08-19 16:49:21,898-logger.py]-INFO:pass
[2020-08-19 16:49:21,898-logger.py]-INFO:--------
[2020-08-19 16:49:21,899-logger.py]-INFO:pass
[2020-08-19 16:49:21,899-logger.py]-INFO:--------
[2020-08-19 16:49:21,900-logger.py]-INFO:pass
[2020-08-19 16:49:21,900-logger.py]-INFO:--------
[2020-08-19 16:49:21,901-logger.py]-INFO:pass
[2020-08-19 16:49:21,902-logger.py]-INFO:--------
[2020-08-19 16:49:21,902-logger.py]-INFO:pass
[2020-08-19 16:49:21,903-logger.py]-INFO:--------
[2020-08-19 16:49:21,903-logger.py]-INFO:pass
[2020-08-19 16:49:21,904-logger.py]-INFO:--------
[2020-08-19 16:49:21,904-logger.py]-INFO:pass
[2020-08-19 16:49:21,905-logger.py]-INFO:--------
[2020-08-19 16:49:21,905-logger.py]-INFO:pass
[2020-08-19 16:49:21,906-logger.py]-INFO:--------
[2020-08-19 16:49:21,906-logger.py]-INFO:pass
[2020-08-19 16:49:21,907-logger.py]-INFO:--------
[2020-08-19 16:49:21,908-logger.py]-INFO:pass
[2020-08-19 16:49:21,908-logger.py]-INFO:--------
[2020-08-19 16:49:21,909-logger.py]-INFO:pass
[2020-08-19 16:49:21,909-logger.py]-INFO:--------
[2020-08-19 16:49:21,910-logger.py]-INFO:pass
[2020-08-19 16:49:21,911-logger.py]-INFO:--------
[2020-08-19 16:49:21,911-logger.py]-INFO:pass
[2020-08-19 16:49:21,912-logger.py]-INFO:--------
[2020-08-19 16:49:21,912-logger.py]-INFO:pass
[2020-08-19 16:49:21,913-logger.py]-INFO:--------
[2020-08-19 16:49:21,913-logger.py]-INFO:pass
[2020-08-19 16:49:21,914-logger.py]-INFO:--------
[2020-08-19 16:49:21,915-logger.py]-INFO:pass
[2020-08-19 16:49:21,915-logger.py]-INFO:--------
[2020-08-19 16:49:21,916-logger.py]-INFO:pass
[2020-08-19 16:49:21,916-logger.py]-INFO:--------
[2020-08-19 16:49:21,917-logger.py]-INFO:pass
[2020-08-19 16:49:21,917-logger.py]-INFO:--------
[2020-08-19 16:49:21,918-logger.py]-INFO:pass
[2020-08-19 16:49:21,919-logger.py]-INFO:--------
[2020-08-19 16:49:21,919-logger.py]-INFO:pass
[2020-08-19 16:49:21,920-logger.py]-INFO:--------
[2020-08-19 16:49:21,920-logger.py]-INFO:pass
[2020-08-19 16:49:21,921-logger.py]-INFO:--------
[2020-08-19 16:49:21,921-logger.py]-INFO:pass
[2020-08-19 16:49:21,922-logger.py]-INFO:--------
[2020-08-19 16:49:21,923-logger.py]-INFO:pass
[2020-08-19 16:49:21,923-logger.py]-INFO:--------
[2020-08-19 16:49:21,924-logger.py]-INFO:pass
[2020-08-19 16:49:21,924-logger.py]-INFO:--------
[2020-08-19 16:49:21,925-logger.py]-INFO:pass
[2020-08-19 16:49:21,925-logger.py]-INFO:--------
[2020-08-19 16:49:21,926-logger.py]-INFO:pass
[2020-08-19 16:49:21,927-logger.py]-INFO:--------
[2020-08-19 16:49:21,927-logger.py]-INFO:pass
[2020-08-19 16:49:21,928-logger.py]-INFO:--------
[2020-08-19 16:49:21,929-logger.py]-INFO:pass
[2020-08-19 16:49:21,929-logger.py]-INFO:--------
[2020-08-19 16:49:21,930-logger.py]-INFO:fail
[2020-08-19 16:49:21,930-logger.py]-INFO:--------
