[2020-08-20 16:28:34,094-logger.py]-INFO:用例编号:1.0--非指定运行级别的用例，不执行
[2020-08-20 16:28:34,150-logger.py]-INFO:
用例编号：2.0
接口名称：PDA用户登录
用例名称：密码错误
用例描述：测试密码输入错误，登录失败
请求内容：loginName=test01&password=abcd
实际响应：{"message":"用户名或密码错误","status":"300"}
[2020-08-20 16:28:34,155-logger.py]-INFO:检查点:"message":"用户名或密码错误"--pass
[2020-08-20 16:28:34,158-logger.py]-INFO:----------------
[2020-08-20 16:28:34,162-logger.py]-INFO:检查点:"status":"300"--pass
[2020-08-20 16:28:34,165-logger.py]-INFO:----------------
[2020-08-20 16:28:34,205-logger.py]-INFO:
用例编号：3.0
接口名称：PDA用户登录
用例名称：密码输入为空
用例描述：测试密码输入为空，登录失败
请求内容：loginName=test01&password=
实际响应：{"message":"用户名或密码错误","status":"300"}
[2020-08-20 16:28:34,206-logger.py]-INFO:检查点:"message":"用户名或密码错误"--pass
[2020-08-20 16:28:34,207-logger.py]-INFO:----------------
[2020-08-20 16:28:34,208-logger.py]-INFO:检查点:"status":"300"--pass
[2020-08-20 16:28:34,208-logger.py]-INFO:----------------
[2020-08-20 16:28:34,232-logger.py]-INFO:执行测试用例数：0  通过用例数：4  失败用例数：0
