[2020-08-19 16:45:13,536-logger.py]-INFO:
编号：1.0
接口名称：PDA用户登录
用例名称：用户名密码正确
用例描述：测试用户名密码正确，登录成功
实际响应：{'role': '总经办部1', 'name': '晨伟1', 'userImgUrl': '', 'dept': '生产,调试,检验', 'message': '登录成功', 'userId': '1591948639502', 'status': '200'}
[2020-08-19 16:45:13,537-logger.py]-INFO:pass
[2020-08-19 16:45:13,538-logger.py]-INFO:--------
[2020-08-19 16:45:13,539-logger.py]-INFO:pass
[2020-08-19 16:45:13,539-logger.py]-INFO:--------
[2020-08-19 16:45:13,540-logger.py]-INFO:pass
[2020-08-19 16:45:13,540-logger.py]-INFO:--------
[2020-08-19 16:45:13,541-logger.py]-INFO:pass
[2020-08-19 16:45:13,542-logger.py]-INFO:--------
[2020-08-19 16:45:13,542-logger.py]-INFO:pass
[2020-08-19 16:45:13,543-logger.py]-INFO:--------
[2020-08-19 16:45:13,543-logger.py]-INFO:pass
[2020-08-19 16:45:13,544-logger.py]-INFO:--------
[2020-08-19 16:45:13,545-logger.py]-INFO:pass
[2020-08-19 16:45:13,545-logger.py]-INFO:--------
[2020-08-19 16:45:13,546-logger.py]-INFO:pass
[2020-08-19 16:45:13,547-logger.py]-INFO:--------
[2020-08-19 16:45:13,548-logger.py]-INFO:pass
[2020-08-19 16:45:13,548-logger.py]-INFO:--------
[2020-08-19 16:45:13,549-logger.py]-INFO:pass
[2020-08-19 16:45:13,550-logger.py]-INFO:--------
[2020-08-19 16:45:13,551-logger.py]-INFO:pass
[2020-08-19 16:45:13,551-logger.py]-INFO:--------
[2020-08-19 16:45:13,552-logger.py]-INFO:pass
[2020-08-19 16:45:13,553-logger.py]-INFO:--------
[2020-08-19 16:45:13,554-logger.py]-INFO:pass
[2020-08-19 16:45:13,555-logger.py]-INFO:--------
[2020-08-19 16:45:13,556-logger.py]-INFO:pass
[2020-08-19 16:45:13,557-logger.py]-INFO:--------
[2020-08-19 16:45:13,557-logger.py]-INFO:pass
[2020-08-19 16:45:13,558-logger.py]-INFO:--------
[2020-08-19 16:45:13,559-logger.py]-INFO:pass
[2020-08-19 16:45:13,560-logger.py]-INFO:--------
[2020-08-19 16:45:13,560-logger.py]-INFO:pass
[2020-08-19 16:45:13,561-logger.py]-INFO:--------
[2020-08-19 16:45:13,562-logger.py]-INFO:pass
[2020-08-19 16:45:13,563-logger.py]-INFO:--------
[2020-08-19 16:45:13,564-logger.py]-INFO:pass
[2020-08-19 16:45:13,564-logger.py]-INFO:--------
[2020-08-19 16:45:13,565-logger.py]-INFO:pass
[2020-08-19 16:45:13,567-logger.py]-INFO:--------
[2020-08-19 16:45:13,568-logger.py]-INFO:pass
[2020-08-19 16:45:13,569-logger.py]-INFO:--------
[2020-08-19 16:45:13,570-logger.py]-INFO:pass
[2020-08-19 16:45:13,570-logger.py]-INFO:--------
[2020-08-19 16:45:13,571-logger.py]-INFO:pass
[2020-08-19 16:45:13,572-logger.py]-INFO:--------
[2020-08-19 16:45:13,573-logger.py]-INFO:fail
[2020-08-19 16:45:13,574-logger.py]-INFO:--------
[2020-08-19 16:45:13,584-logger.py]-INFO:
编号：2.0
接口名称：PDA用户登录
用例名称：密码错误
用例描述：测试密码输入错误，登录失败
实际响应：{'message': '用户名或密码错误', 'status': '300'}
[2020-08-19 16:45:13,584-logger.py]-INFO:pass
[2020-08-19 16:45:13,585-logger.py]-INFO:--------
[2020-08-19 16:45:13,586-logger.py]-INFO:pass
[2020-08-19 16:45:13,586-logger.py]-INFO:--------
[2020-08-19 16:45:13,587-logger.py]-INFO:pass
[2020-08-19 16:45:13,588-logger.py]-INFO:--------
[2020-08-19 16:45:13,588-logger.py]-INFO:pass
[2020-08-19 16:45:13,589-logger.py]-INFO:--------
[2020-08-19 16:45:13,589-logger.py]-INFO:pass
[2020-08-19 16:45:13,591-logger.py]-INFO:--------
[2020-08-19 16:45:13,591-logger.py]-INFO:pass
[2020-08-19 16:45:13,592-logger.py]-INFO:--------
[2020-08-19 16:45:13,593-logger.py]-INFO:pass
[2020-08-19 16:45:13,594-logger.py]-INFO:--------
[2020-08-19 16:45:13,594-logger.py]-INFO:pass
[2020-08-19 16:45:13,595-logger.py]-INFO:--------
[2020-08-19 16:45:13,596-logger.py]-INFO:pass
[2020-08-19 16:45:13,597-logger.py]-INFO:--------
[2020-08-19 16:45:13,598-logger.py]-INFO:pass
[2020-08-19 16:45:13,598-logger.py]-INFO:--------
[2020-08-19 16:45:13,599-logger.py]-INFO:pass
[2020-08-19 16:45:13,600-logger.py]-INFO:--------
[2020-08-19 16:45:13,601-logger.py]-INFO:pass
[2020-08-19 16:45:13,602-logger.py]-INFO:--------
[2020-08-19 16:45:13,603-logger.py]-INFO:pass
[2020-08-19 16:45:13,604-logger.py]-INFO:--------
[2020-08-19 16:45:13,605-logger.py]-INFO:pass
[2020-08-19 16:45:13,605-logger.py]-INFO:--------
[2020-08-19 16:45:13,606-logger.py]-INFO:pass
[2020-08-19 16:45:13,607-logger.py]-INFO:--------
[2020-08-19 16:45:13,608-logger.py]-INFO:pass
[2020-08-19 16:45:13,608-logger.py]-INFO:--------
[2020-08-19 16:45:13,609-logger.py]-INFO:pass
[2020-08-19 16:45:13,610-logger.py]-INFO:--------
[2020-08-19 16:45:13,611-logger.py]-INFO:pass
[2020-08-19 16:45:13,611-logger.py]-INFO:--------
[2020-08-19 16:45:13,612-logger.py]-INFO:pass
[2020-08-19 16:45:13,613-logger.py]-INFO:--------
[2020-08-19 16:45:13,614-logger.py]-INFO:pass
[2020-08-19 16:45:13,614-logger.py]-INFO:--------
[2020-08-19 16:45:13,615-logger.py]-INFO:pass
[2020-08-19 16:45:13,616-logger.py]-INFO:--------
[2020-08-19 16:45:13,617-logger.py]-INFO:pass
[2020-08-19 16:45:13,617-logger.py]-INFO:--------
[2020-08-19 16:45:13,618-logger.py]-INFO:pass
[2020-08-19 16:45:13,619-logger.py]-INFO:--------
[2020-08-19 16:45:13,620-logger.py]-INFO:pass
[2020-08-19 16:45:13,620-logger.py]-INFO:--------
[2020-08-19 16:45:13,621-logger.py]-INFO:pass
[2020-08-19 16:45:13,622-logger.py]-INFO:--------
[2020-08-19 16:45:13,623-logger.py]-INFO:pass
[2020-08-19 16:45:13,623-logger.py]-INFO:--------
[2020-08-19 16:45:13,624-logger.py]-INFO:pass
[2020-08-19 16:45:13,625-logger.py]-INFO:--------
[2020-08-19 16:45:13,626-logger.py]-INFO:pass
[2020-08-19 16:45:13,627-logger.py]-INFO:--------
[2020-08-19 16:45:13,627-logger.py]-INFO:fail
[2020-08-19 16:45:13,628-logger.py]-INFO:--------
