[2020-08-21 15:02:20,220-logger.py]-INFO:
用例编号：1.0
接口名称：PDA用户登录
用例名称：用户名密码正确
用例描述：测试用户名密码正确，登录成功
请求内容：loginName=test01&password=222222
实际响应：{"role":"总经办部1","name":"晨伟1","userImgUrl":"","dept":"生产,调试,检验","message":"登录成功","userId":"1591948639502","status":"200"}
[2020-08-21 15:02:20,222-logger.py]-INFO:检查点:"message":"登录2成功"--fail
[2020-08-21 15:02:20,223-logger.py]-INFO:----------------
[2020-08-21 15:02:20,224-logger.py]-INFO:检查点:"status":"200"--pass
[2020-08-21 15:02:20,225-logger.py]-INFO:----------------
[2020-08-21 15:02:20,255-logger.py]-INFO:
用例编号：2.0
接口名称：PDA用户登录
用例名称：密码错误
用例描述：测试密码输入错误，登录失败
请求内容：loginName=test01&password=abcd
实际响应：{"message":"用户名或密码错误","status":"300"}
[2020-08-21 15:02:20,255-logger.py]-INFO:检查点:"message":"用户名或密码错误"--pass
[2020-08-21 15:02:20,256-logger.py]-INFO:----------------
[2020-08-21 15:02:20,257-logger.py]-INFO:检查点:"status":"300"--pass
[2020-08-21 15:02:20,258-logger.py]-INFO:----------------
[2020-08-21 15:02:20,283-logger.py]-INFO:
用例编号：3.0
接口名称：PDA用户登录
用例名称：密码输入为空
用例描述：测试密码输入为空，登录失败
请求内容：loginName=test01&password=
实际响应：{"message":"用户名或密码错误","status":"300"}
[2020-08-21 15:02:20,283-logger.py]-INFO:检查点:"message":"用户名或密码错误"--pass
[2020-08-21 15:02:20,284-logger.py]-INFO:----------------
[2020-08-21 15:02:20,285-logger.py]-INFO:检查点:"status":"300"--pass
[2020-08-21 15:02:20,285-logger.py]-INFO:----------------
[2020-08-21 15:02:20,301-logger.py]-INFO:执行测试用例数：3  通过用例数：2  失败用例数：1
[2020-08-21 15:02:20,325-logger.py]-INFO:
用例编号：1.0
接口名称：PDA用户登录
用例名称：用户名密码正确
用例描述：测试用户名密码正确，登录成功
请求内容：loginName=test01&password=222222
实际响应：{"role":"总经办部1","name":"晨伟1","userImgUrl":"","dept":"生产,调试,检验","message":"登录成功","userId":"1591948639502","status":"200"}
[2020-08-21 15:02:20,326-logger.py]-INFO:检查点:"message":"登录2成功"--fail
[2020-08-21 15:02:20,327-logger.py]-INFO:----------------
[2020-08-21 15:02:20,327-logger.py]-INFO:检查点:"status":"200"--pass
[2020-08-21 15:02:20,328-logger.py]-INFO:----------------
[2020-08-21 15:02:20,353-logger.py]-INFO:
用例编号：2.0
接口名称：PDA用户登录
用例名称：密码错误
用例描述：测试密码输入错误，登录失败
请求内容：loginName=test01&password=abcd
实际响应：{"message":"用户名或密码错误","status":"300"}
[2020-08-21 15:02:20,353-logger.py]-INFO:检查点:"message":"用户名或密码错误"--pass
[2020-08-21 15:02:20,354-logger.py]-INFO:----------------
[2020-08-21 15:02:20,355-logger.py]-INFO:检查点:"status":"300"--pass
[2020-08-21 15:02:20,355-logger.py]-INFO:----------------
[2020-08-21 15:02:20,381-logger.py]-INFO:
用例编号：3.0
接口名称：PDA用户登录
用例名称：密码输入为空
用例描述：测试密码输入为空，登录失败
请求内容：loginName=test01&password=
实际响应：{"message":"用户名或密码错误","status":"300"}
[2020-08-21 15:02:20,382-logger.py]-INFO:检查点:"message":"用户名或密码错误"--pass
[2020-08-21 15:02:20,382-logger.py]-INFO:----------------
[2020-08-21 15:02:20,383-logger.py]-INFO:检查点:"status":"300"--pass
[2020-08-21 15:02:20,383-logger.py]-INFO:----------------
[2020-08-21 15:02:20,398-logger.py]-INFO:执行测试用例数：6  通过用例数：4  失败用例数：2
