[2020-08-19 16:32:25,999-logger.py]-INFO:编号：1.0，接口名称：PDA用户登录，用例名称：用户名密码正确，用例描述：测试用户名密码正确，登录成功,实际响应：{'role': '总经办部1', 'name': '晨伟1', 'userImgUrl': '', 'dept': '生产,调试,检验', 'message': '登录成功', 'userId': '1591948639502', 'status': '200'}
[2020-08-19 16:32:26,000-logger.py]-INFO:pass
[2020-08-19 16:32:26,000-logger.py]-INFO:--------
[2020-08-19 16:32:26,001-logger.py]-INFO:pass
[2020-08-19 16:32:26,001-logger.py]-INFO:--------
[2020-08-19 16:32:26,002-logger.py]-INFO:pass
[2020-08-19 16:32:26,003-logger.py]-INFO:--------
[2020-08-19 16:32:26,003-logger.py]-INFO:pass
[2020-08-19 16:32:26,004-logger.py]-INFO:--------
[2020-08-19 16:32:26,005-logger.py]-INFO:pass
[2020-08-19 16:32:26,005-logger.py]-INFO:--------
[2020-08-19 16:32:26,006-logger.py]-INFO:pass
[2020-08-19 16:32:26,006-logger.py]-INFO:--------
[2020-08-19 16:32:26,007-logger.py]-INFO:pass
[2020-08-19 16:32:26,008-logger.py]-INFO:--------
[2020-08-19 16:32:26,009-logger.py]-INFO:pass
[2020-08-19 16:32:26,010-logger.py]-INFO:--------
[2020-08-19 16:32:26,011-logger.py]-INFO:pass
[2020-08-19 16:32:26,012-logger.py]-INFO:--------
[2020-08-19 16:32:26,013-logger.py]-INFO:pass
[2020-08-19 16:32:26,013-logger.py]-INFO:--------
[2020-08-19 16:32:26,014-logger.py]-INFO:pass
[2020-08-19 16:32:26,015-logger.py]-INFO:--------
[2020-08-19 16:32:26,016-logger.py]-INFO:pass
[2020-08-19 16:32:26,016-logger.py]-INFO:--------
[2020-08-19 16:32:26,017-logger.py]-INFO:pass
[2020-08-19 16:32:26,018-logger.py]-INFO:--------
[2020-08-19 16:32:26,018-logger.py]-INFO:pass
[2020-08-19 16:32:26,020-logger.py]-INFO:--------
[2020-08-19 16:32:26,021-logger.py]-INFO:pass
[2020-08-19 16:32:26,022-logger.py]-INFO:--------
[2020-08-19 16:32:26,023-logger.py]-INFO:pass
[2020-08-19 16:32:26,024-logger.py]-INFO:--------
[2020-08-19 16:32:26,026-logger.py]-INFO:pass
[2020-08-19 16:32:26,026-logger.py]-INFO:--------
[2020-08-19 16:32:26,027-logger.py]-INFO:pass
[2020-08-19 16:32:26,028-logger.py]-INFO:--------
[2020-08-19 16:32:26,029-logger.py]-INFO:pass
[2020-08-19 16:32:26,030-logger.py]-INFO:--------
[2020-08-19 16:32:26,031-logger.py]-INFO:pass
[2020-08-19 16:32:26,031-logger.py]-INFO:--------
[2020-08-19 16:32:26,033-logger.py]-INFO:pass
[2020-08-19 16:32:26,033-logger.py]-INFO:--------
[2020-08-19 16:32:26,034-logger.py]-INFO:pass
[2020-08-19 16:32:26,035-logger.py]-INFO:--------
[2020-08-19 16:32:26,036-logger.py]-INFO:pass
[2020-08-19 16:32:26,037-logger.py]-INFO:--------
[2020-08-19 16:32:26,037-logger.py]-INFO:fail
[2020-08-19 16:32:26,038-logger.py]-INFO:--------
[2020-08-19 16:32:26,047-logger.py]-INFO:编号：2.0，接口名称：PDA用户登录，用例名称：密码错误，用例描述：测试密码输入错误，登录失败,实际响应：{'message': '用户名或密码错误', 'status': '300'}
[2020-08-19 16:32:26,048-logger.py]-INFO:pass
[2020-08-19 16:32:26,049-logger.py]-INFO:--------
[2020-08-19 16:32:26,049-logger.py]-INFO:pass
[2020-08-19 16:32:26,050-logger.py]-INFO:--------
[2020-08-19 16:32:26,051-logger.py]-INFO:pass
[2020-08-19 16:32:26,051-logger.py]-INFO:--------
[2020-08-19 16:32:26,052-logger.py]-INFO:pass
[2020-08-19 16:32:26,053-logger.py]-INFO:--------
[2020-08-19 16:32:26,053-logger.py]-INFO:pass
[2020-08-19 16:32:26,054-logger.py]-INFO:--------
[2020-08-19 16:32:26,055-logger.py]-INFO:pass
[2020-08-19 16:32:26,055-logger.py]-INFO:--------
[2020-08-19 16:32:26,056-logger.py]-INFO:pass
[2020-08-19 16:32:26,056-logger.py]-INFO:--------
[2020-08-19 16:32:26,057-logger.py]-INFO:pass
[2020-08-19 16:32:26,058-logger.py]-INFO:--------
[2020-08-19 16:32:26,058-logger.py]-INFO:pass
[2020-08-19 16:32:26,059-logger.py]-INFO:--------
[2020-08-19 16:32:26,060-logger.py]-INFO:pass
[2020-08-19 16:32:26,060-logger.py]-INFO:--------
[2020-08-19 16:32:26,061-logger.py]-INFO:pass
[2020-08-19 16:32:26,061-logger.py]-INFO:--------
[2020-08-19 16:32:26,062-logger.py]-INFO:pass
[2020-08-19 16:32:26,063-logger.py]-INFO:--------
[2020-08-19 16:32:26,063-logger.py]-INFO:pass
[2020-08-19 16:32:26,064-logger.py]-INFO:--------
[2020-08-19 16:32:26,064-logger.py]-INFO:pass
[2020-08-19 16:32:26,065-logger.py]-INFO:--------
[2020-08-19 16:32:26,065-logger.py]-INFO:pass
[2020-08-19 16:32:26,066-logger.py]-INFO:--------
[2020-08-19 16:32:26,067-logger.py]-INFO:pass
[2020-08-19 16:32:26,067-logger.py]-INFO:--------
[2020-08-19 16:32:26,068-logger.py]-INFO:pass
[2020-08-19 16:32:26,068-logger.py]-INFO:--------
[2020-08-19 16:32:26,069-logger.py]-INFO:pass
[2020-08-19 16:32:26,070-logger.py]-INFO:--------
[2020-08-19 16:32:26,070-logger.py]-INFO:pass
[2020-08-19 16:32:26,071-logger.py]-INFO:--------
[2020-08-19 16:32:26,071-logger.py]-INFO:pass
[2020-08-19 16:32:26,072-logger.py]-INFO:--------
[2020-08-19 16:32:26,072-logger.py]-INFO:pass
[2020-08-19 16:32:26,073-logger.py]-INFO:--------
[2020-08-19 16:32:26,074-logger.py]-INFO:pass
[2020-08-19 16:32:26,074-logger.py]-INFO:--------
[2020-08-19 16:32:26,075-logger.py]-INFO:pass
[2020-08-19 16:32:26,076-logger.py]-INFO:--------
[2020-08-19 16:32:26,077-logger.py]-INFO:pass
[2020-08-19 16:32:26,077-logger.py]-INFO:--------
[2020-08-19 16:32:26,078-logger.py]-INFO:pass
[2020-08-19 16:32:26,079-logger.py]-INFO:--------
[2020-08-19 16:32:26,079-logger.py]-INFO:pass
[2020-08-19 16:32:26,080-logger.py]-INFO:--------
[2020-08-19 16:32:26,081-logger.py]-INFO:pass
[2020-08-19 16:32:26,081-logger.py]-INFO:--------
[2020-08-19 16:32:26,082-logger.py]-INFO:pass
[2020-08-19 16:32:26,082-logger.py]-INFO:--------
[2020-08-19 16:32:26,083-logger.py]-INFO:fail
[2020-08-19 16:32:26,083-logger.py]-INFO:--------
