[2020-08-20 10:35:03,589-logger.py]-INFO:
编号：1.0
接口名称：PDA用户登录
用例名称：用户名密码正确
用例描述：测试用户名密码正确，登录成功
请求内容：loginName=test01&password=222222
实际响应：{"role":"总经办部1","name":"晨伟1","userImgUrl":"","dept":"生产,调试,检验","message":"登录成功","userId":"1591948639502","status":"200"}
[2020-08-20 10:35:03,590-logger.py]-INFO:检查点:"message":"登录成功"--pass
[2020-08-20 10:35:03,591-logger.py]-INFO:----------------
[2020-08-20 10:35:03,592-logger.py]-INFO:检查点:"status":"200"--pass
[2020-08-20 10:35:03,592-logger.py]-INFO:----------------
[2020-08-20 10:35:03,602-logger.py]-INFO:
编号：2.0
接口名称：PDA用户登录
用例名称：密码错误
用例描述：测试密码输入错误，登录失败
请求内容：loginName=test01&password=abcd
实际响应：{"message":"用户名或密码错误","status":"300"}
[2020-08-20 10:35:03,603-logger.py]-INFO:检查点:"message":"用户名或密码错误"--pass
[2020-08-20 10:35:03,603-logger.py]-INFO:----------------
[2020-08-20 10:35:03,604-logger.py]-INFO:检查点:"status":"300"--pass
[2020-08-20 10:35:03,605-logger.py]-INFO:----------------
