[2020-08-19 16:42:44,746-logger.py]-INFO:编号：1.0，接口名称：PDA用户登录，用例名称：用户名密码正确，用例描述：测试用户名密码正确，登录成功,实际响应：{'role': '总经办部1', 'name': '晨伟1', 'userImgUrl': '', 'dept': '生产,调试,检验', 'message': '登录成功', 'userId': '1591948639502', 'status': '200'}
[2020-08-19 16:42:44,749-logger.py]-INFO:pass
[2020-08-19 16:42:44,750-logger.py]-INFO:--------
[2020-08-19 16:42:44,752-logger.py]-INFO:pass
[2020-08-19 16:42:44,754-logger.py]-INFO:--------
[2020-08-19 16:42:44,756-logger.py]-INFO:pass
[2020-08-19 16:42:44,758-logger.py]-INFO:--------
[2020-08-19 16:42:44,760-logger.py]-INFO:pass
[2020-08-19 16:42:44,762-logger.py]-INFO:--------
[2020-08-19 16:42:44,764-logger.py]-INFO:pass
[2020-08-19 16:42:44,765-logger.py]-INFO:--------
[2020-08-19 16:42:44,767-logger.py]-INFO:pass
[2020-08-19 16:42:44,769-logger.py]-INFO:--------
[2020-08-19 16:42:44,771-logger.py]-INFO:pass
[2020-08-19 16:42:44,772-logger.py]-INFO:--------
[2020-08-19 16:42:44,773-logger.py]-INFO:pass
[2020-08-19 16:42:44,773-logger.py]-INFO:--------
[2020-08-19 16:42:44,774-logger.py]-INFO:pass
[2020-08-19 16:42:44,775-logger.py]-INFO:--------
[2020-08-19 16:42:44,775-logger.py]-INFO:pass
[2020-08-19 16:42:44,776-logger.py]-INFO:--------
[2020-08-19 16:42:44,777-logger.py]-INFO:pass
[2020-08-19 16:42:44,777-logger.py]-INFO:--------
[2020-08-19 16:42:44,778-logger.py]-INFO:pass
[2020-08-19 16:42:44,779-logger.py]-INFO:--------
[2020-08-19 16:42:44,780-logger.py]-INFO:pass
[2020-08-19 16:42:44,780-logger.py]-INFO:--------
[2020-08-19 16:42:44,781-logger.py]-INFO:pass
[2020-08-19 16:42:44,782-logger.py]-INFO:--------
[2020-08-19 16:42:44,782-logger.py]-INFO:pass
[2020-08-19 16:42:44,783-logger.py]-INFO:--------
[2020-08-19 16:42:44,784-logger.py]-INFO:pass
[2020-08-19 16:42:44,784-logger.py]-INFO:--------
[2020-08-19 16:42:44,785-logger.py]-INFO:pass
[2020-08-19 16:42:44,786-logger.py]-INFO:--------
[2020-08-19 16:42:44,787-logger.py]-INFO:pass
[2020-08-19 16:42:44,787-logger.py]-INFO:--------
[2020-08-19 16:42:44,788-logger.py]-INFO:pass
[2020-08-19 16:42:44,789-logger.py]-INFO:--------
[2020-08-19 16:42:44,789-logger.py]-INFO:pass
[2020-08-19 16:42:44,790-logger.py]-INFO:--------
[2020-08-19 16:42:44,791-logger.py]-INFO:pass
[2020-08-19 16:42:44,791-logger.py]-INFO:--------
[2020-08-19 16:42:44,792-logger.py]-INFO:pass
[2020-08-19 16:42:44,793-logger.py]-INFO:--------
[2020-08-19 16:42:44,793-logger.py]-INFO:pass
[2020-08-19 16:42:44,794-logger.py]-INFO:--------
[2020-08-19 16:42:44,795-logger.py]-INFO:fail
[2020-08-19 16:42:44,796-logger.py]-INFO:--------
[2020-08-19 16:42:44,806-logger.py]-INFO:编号：2.0，接口名称：PDA用户登录，用例名称：密码错误，用例描述：测试密码输入错误，登录失败,实际响应：{'message': '用户名或密码错误', 'status': '300'}
[2020-08-19 16:42:44,807-logger.py]-INFO:pass
[2020-08-19 16:42:44,808-logger.py]-INFO:--------
[2020-08-19 16:42:44,809-logger.py]-INFO:pass
[2020-08-19 16:42:44,809-logger.py]-INFO:--------
[2020-08-19 16:42:44,810-logger.py]-INFO:pass
[2020-08-19 16:42:44,811-logger.py]-INFO:--------
[2020-08-19 16:42:44,812-logger.py]-INFO:pass
[2020-08-19 16:42:44,813-logger.py]-INFO:--------
[2020-08-19 16:42:44,813-logger.py]-INFO:pass
[2020-08-19 16:42:44,814-logger.py]-INFO:--------
[2020-08-19 16:42:44,815-logger.py]-INFO:pass
[2020-08-19 16:42:44,815-logger.py]-INFO:--------
[2020-08-19 16:42:44,816-logger.py]-INFO:pass
[2020-08-19 16:42:44,817-logger.py]-INFO:--------
[2020-08-19 16:42:44,818-logger.py]-INFO:pass
[2020-08-19 16:42:44,819-logger.py]-INFO:--------
[2020-08-19 16:42:44,820-logger.py]-INFO:pass
[2020-08-19 16:42:44,820-logger.py]-INFO:--------
[2020-08-19 16:42:44,821-logger.py]-INFO:pass
[2020-08-19 16:42:44,822-logger.py]-INFO:--------
[2020-08-19 16:42:44,823-logger.py]-INFO:pass
[2020-08-19 16:42:44,824-logger.py]-INFO:--------
[2020-08-19 16:42:44,824-logger.py]-INFO:pass
[2020-08-19 16:42:44,825-logger.py]-INFO:--------
[2020-08-19 16:42:44,826-logger.py]-INFO:pass
[2020-08-19 16:42:44,827-logger.py]-INFO:--------
[2020-08-19 16:42:44,827-logger.py]-INFO:pass
[2020-08-19 16:42:44,828-logger.py]-INFO:--------
[2020-08-19 16:42:44,829-logger.py]-INFO:pass
[2020-08-19 16:42:44,830-logger.py]-INFO:--------
[2020-08-19 16:42:44,830-logger.py]-INFO:pass
[2020-08-19 16:42:44,831-logger.py]-INFO:--------
[2020-08-19 16:42:44,832-logger.py]-INFO:pass
[2020-08-19 16:42:44,832-logger.py]-INFO:--------
[2020-08-19 16:42:44,833-logger.py]-INFO:pass
[2020-08-19 16:42:44,834-logger.py]-INFO:--------
[2020-08-19 16:42:44,835-logger.py]-INFO:pass
[2020-08-19 16:42:44,835-logger.py]-INFO:--------
[2020-08-19 16:42:44,836-logger.py]-INFO:pass
[2020-08-19 16:42:44,837-logger.py]-INFO:--------
[2020-08-19 16:42:44,838-logger.py]-INFO:pass
[2020-08-19 16:42:44,838-logger.py]-INFO:--------
[2020-08-19 16:42:44,839-logger.py]-INFO:pass
[2020-08-19 16:42:44,840-logger.py]-INFO:--------
[2020-08-19 16:42:44,840-logger.py]-INFO:pass
[2020-08-19 16:42:44,841-logger.py]-INFO:--------
[2020-08-19 16:42:44,842-logger.py]-INFO:pass
[2020-08-19 16:42:44,842-logger.py]-INFO:--------
[2020-08-19 16:42:44,844-logger.py]-INFO:pass
[2020-08-19 16:42:44,844-logger.py]-INFO:--------
[2020-08-19 16:42:44,845-logger.py]-INFO:pass
[2020-08-19 16:42:44,846-logger.py]-INFO:--------
[2020-08-19 16:42:44,847-logger.py]-INFO:pass
[2020-08-19 16:42:44,847-logger.py]-INFO:--------
[2020-08-19 16:42:44,848-logger.py]-INFO:pass
[2020-08-19 16:42:44,849-logger.py]-INFO:--------
[2020-08-19 16:42:44,849-logger.py]-INFO:fail
[2020-08-19 16:42:44,850-logger.py]-INFO:--------
