[2020-08-20 16:21:23,708-logger.py]-INFO:用例编号:1.0--非指定运行级别的用例，不执行
[2020-08-20 16:21:23,726-logger.py]-INFO:
用例编号：2.0
接口名称：PDA用户登录
用例名称：密码错误
用例描述：测试密码输入错误，登录失败
请求内容：loginName=test01&password=abcd
实际响应：{"message":"用户名或密码错误","status":"300"}
[2020-08-20 16:21:23,727-logger.py]-INFO:检查点:"message":"用户名或密码错误"--pass
[2020-08-20 16:21:23,728-logger.py]-INFO:----------------
[2020-08-20 16:21:23,729-logger.py]-INFO:检查点:"status":"300"--pass
[2020-08-20 16:21:23,729-logger.py]-INFO:----------------
[2020-08-20 16:21:23,756-logger.py]-INFO:
用例编号：3.0
接口名称：PDA用户登录
用例名称：密码输入为空
用例描述：测试密码输入为空，登录失败
请求内容：loginName=test01&password=
实际响应：{"message":"用户名或密码错误","status":"300"}
[2020-08-20 16:21:23,757-logger.py]-INFO:检查点:"message":"用户名或密码错误"--pass
[2020-08-20 16:21:23,758-logger.py]-INFO:----------------
[2020-08-20 16:21:23,759-logger.py]-INFO:检查点:"status":"300"--pass
[2020-08-20 16:21:23,759-logger.py]-INFO:----------------
