[2020-08-19 16:32:16,233-logger.py]-INFO:编号：1.0，接口名称：PDA用户登录，用例名称：用户名密码正确，用例描述：测试用户名密码正确，登录成功,实际响应：{'role': '总经办部1', 'name': '晨伟1', 'userImgUrl': '', 'dept': '生产,调试,检验', 'message': '登录成功', 'userId': '1591948639502', 'status': '200'}
[2020-08-19 16:32:16,275-logger.py]-INFO:pass
[2020-08-19 16:32:16,277-logger.py]-INFO:--------
[2020-08-19 16:32:16,280-logger.py]-INFO:pass
[2020-08-19 16:32:16,281-logger.py]-INFO:--------
[2020-08-19 16:32:16,283-logger.py]-INFO:pass
[2020-08-19 16:32:16,285-logger.py]-INFO:--------
[2020-08-19 16:32:16,287-logger.py]-INFO:pass
[2020-08-19 16:32:16,289-logger.py]-INFO:--------
[2020-08-19 16:32:16,291-logger.py]-INFO:pass
[2020-08-19 16:32:16,292-logger.py]-INFO:--------
[2020-08-19 16:32:16,294-logger.py]-INFO:pass
[2020-08-19 16:32:16,296-logger.py]-INFO:--------
[2020-08-19 16:32:16,297-logger.py]-INFO:pass
[2020-08-19 16:32:16,299-logger.py]-INFO:--------
[2020-08-19 16:32:16,301-logger.py]-INFO:pass
[2020-08-19 16:32:16,303-logger.py]-INFO:--------
[2020-08-19 16:32:16,303-logger.py]-INFO:pass
[2020-08-19 16:32:16,304-logger.py]-INFO:--------
[2020-08-19 16:32:16,305-logger.py]-INFO:pass
[2020-08-19 16:32:16,305-logger.py]-INFO:--------
[2020-08-19 16:32:16,306-logger.py]-INFO:pass
[2020-08-19 16:32:16,307-logger.py]-INFO:--------
[2020-08-19 16:32:16,308-logger.py]-INFO:pass
[2020-08-19 16:32:16,308-logger.py]-INFO:--------
[2020-08-19 16:32:16,309-logger.py]-INFO:pass
[2020-08-19 16:32:16,310-logger.py]-INFO:--------
[2020-08-19 16:32:16,311-logger.py]-INFO:pass
[2020-08-19 16:32:16,312-logger.py]-INFO:--------
[2020-08-19 16:32:16,313-logger.py]-INFO:pass
[2020-08-19 16:32:16,314-logger.py]-INFO:--------
[2020-08-19 16:32:16,315-logger.py]-INFO:pass
[2020-08-19 16:32:16,316-logger.py]-INFO:--------
[2020-08-19 16:32:16,317-logger.py]-INFO:pass
[2020-08-19 16:32:16,318-logger.py]-INFO:--------
[2020-08-19 16:32:16,319-logger.py]-INFO:pass
[2020-08-19 16:32:16,320-logger.py]-INFO:--------
[2020-08-19 16:32:16,321-logger.py]-INFO:pass
[2020-08-19 16:32:16,322-logger.py]-INFO:--------
[2020-08-19 16:32:16,323-logger.py]-INFO:pass
[2020-08-19 16:32:16,324-logger.py]-INFO:--------
[2020-08-19 16:32:16,325-logger.py]-INFO:pass
[2020-08-19 16:32:16,326-logger.py]-INFO:--------
[2020-08-19 16:32:16,328-logger.py]-INFO:pass
[2020-08-19 16:32:16,329-logger.py]-INFO:--------
[2020-08-19 16:32:16,331-logger.py]-INFO:pass
[2020-08-19 16:32:16,331-logger.py]-INFO:--------
[2020-08-19 16:32:16,333-logger.py]-INFO:fail
[2020-08-19 16:32:16,402-logger.py]-INFO:--------
[2020-08-19 16:32:16,422-logger.py]-INFO:编号：2.0，接口名称：PDA用户登录，用例名称：密码错误，用例描述：测试密码输入错误，登录失败,实际响应：{'message': '用户名或密码错误', 'status': '300'}
[2020-08-19 16:32:16,424-logger.py]-INFO:pass
[2020-08-19 16:32:16,425-logger.py]-INFO:--------
[2020-08-19 16:32:16,426-logger.py]-INFO:pass
[2020-08-19 16:32:16,427-logger.py]-INFO:--------
[2020-08-19 16:32:16,428-logger.py]-INFO:pass
[2020-08-19 16:32:16,429-logger.py]-INFO:--------
[2020-08-19 16:32:16,430-logger.py]-INFO:pass
[2020-08-19 16:32:16,430-logger.py]-INFO:--------
[2020-08-19 16:32:16,431-logger.py]-INFO:pass
[2020-08-19 16:32:16,432-logger.py]-INFO:--------
[2020-08-19 16:32:16,433-logger.py]-INFO:pass
[2020-08-19 16:32:16,434-logger.py]-INFO:--------
[2020-08-19 16:32:16,435-logger.py]-INFO:pass
[2020-08-19 16:32:16,436-logger.py]-INFO:--------
[2020-08-19 16:32:16,437-logger.py]-INFO:pass
[2020-08-19 16:32:16,438-logger.py]-INFO:--------
[2020-08-19 16:32:16,439-logger.py]-INFO:pass
[2020-08-19 16:32:16,440-logger.py]-INFO:--------
[2020-08-19 16:32:16,442-logger.py]-INFO:pass
[2020-08-19 16:32:16,443-logger.py]-INFO:--------
[2020-08-19 16:32:16,444-logger.py]-INFO:pass
[2020-08-19 16:32:16,445-logger.py]-INFO:--------
[2020-08-19 16:32:16,446-logger.py]-INFO:pass
[2020-08-19 16:32:16,447-logger.py]-INFO:--------
[2020-08-19 16:32:16,448-logger.py]-INFO:pass
[2020-08-19 16:32:16,449-logger.py]-INFO:--------
[2020-08-19 16:32:16,451-logger.py]-INFO:pass
[2020-08-19 16:32:16,452-logger.py]-INFO:--------
[2020-08-19 16:32:16,453-logger.py]-INFO:pass
[2020-08-19 16:32:16,454-logger.py]-INFO:--------
[2020-08-19 16:32:16,455-logger.py]-INFO:pass
[2020-08-19 16:32:16,456-logger.py]-INFO:--------
[2020-08-19 16:32:16,457-logger.py]-INFO:pass
[2020-08-19 16:32:16,457-logger.py]-INFO:--------
[2020-08-19 16:32:16,458-logger.py]-INFO:pass
[2020-08-19 16:32:16,459-logger.py]-INFO:--------
[2020-08-19 16:32:16,460-logger.py]-INFO:pass
[2020-08-19 16:32:16,460-logger.py]-INFO:--------
[2020-08-19 16:32:16,461-logger.py]-INFO:pass
[2020-08-19 16:32:16,462-logger.py]-INFO:--------
[2020-08-19 16:32:16,463-logger.py]-INFO:pass
[2020-08-19 16:32:16,463-logger.py]-INFO:--------
[2020-08-19 16:32:16,464-logger.py]-INFO:pass
[2020-08-19 16:32:16,465-logger.py]-INFO:--------
[2020-08-19 16:32:16,466-logger.py]-INFO:pass
[2020-08-19 16:32:16,467-logger.py]-INFO:--------
[2020-08-19 16:32:16,467-logger.py]-INFO:pass
[2020-08-19 16:32:16,468-logger.py]-INFO:--------
[2020-08-19 16:32:16,469-logger.py]-INFO:pass
[2020-08-19 16:32:16,470-logger.py]-INFO:--------
[2020-08-19 16:32:16,471-logger.py]-INFO:pass
[2020-08-19 16:32:16,471-logger.py]-INFO:--------
[2020-08-19 16:32:16,472-logger.py]-INFO:pass
[2020-08-19 16:32:16,473-logger.py]-INFO:--------
[2020-08-19 16:32:16,474-logger.py]-INFO:pass
[2020-08-19 16:32:16,474-logger.py]-INFO:--------
[2020-08-19 16:32:16,475-logger.py]-INFO:fail
[2020-08-19 16:32:16,476-logger.py]-INFO:--------
