[2020-08-20 10:26:59,648-logger.py]-INFO:
编号：1.0
接口名称：PDA用户登录
用例名称：用户名密码正确
用例描述：测试用户名密码正确，登录成功
实际响应：{"role":"总经办部1","name":"晨伟1","userImgUrl":"","dept":"生产,调试,检验","message":"登录成功","userId":"1591948639502","status":"200"}
[2020-08-20 10:26:59,650-logger.py]-INFO:pass
[2020-08-20 10:26:59,651-logger.py]-INFO:--------
[2020-08-20 10:26:59,652-logger.py]-INFO:pass
[2020-08-20 10:26:59,652-logger.py]-INFO:--------
[2020-08-20 10:26:59,678-logger.py]-INFO:
编号：2.0
接口名称：PDA用户登录
用例名称：密码错误
用例描述：测试密码输入错误，登录失败
实际响应：{"message":"用户名或密码错误","status":"300"}
[2020-08-20 10:26:59,679-logger.py]-INFO:pass
[2020-08-20 10:26:59,680-logger.py]-INFO:--------
[2020-08-20 10:26:59,681-logger.py]-INFO:pass
[2020-08-20 10:26:59,681-logger.py]-INFO:--------
