[2020-08-19 16:43:36,739-logger.py]-INFO:编号：1.0，接口名称：PDA用户登录，用例名称：用户名密码正确，用例描述：测试用户名密码正确，登录成功,实际响应：{'role': '总经办部1', 'name': '晨伟1', 'userImgUrl': '', 'dept': '生产,调试,检验', 'message': '登录成功', 'userId': '1591948639502', 'status': '200'}
[2020-08-19 16:43:36,742-logger.py]-INFO:pass
[2020-08-19 16:43:36,744-logger.py]-INFO:--------
[2020-08-19 16:43:36,748-logger.py]-INFO:pass
[2020-08-19 16:43:36,750-logger.py]-INFO:--------
[2020-08-19 16:43:36,752-logger.py]-INFO:pass
[2020-08-19 16:43:36,753-logger.py]-INFO:--------
[2020-08-19 16:43:36,755-logger.py]-INFO:pass
[2020-08-19 16:43:36,757-logger.py]-INFO:--------
[2020-08-19 16:43:36,758-logger.py]-INFO:pass
[2020-08-19 16:43:36,760-logger.py]-INFO:--------
[2020-08-19 16:43:36,762-logger.py]-INFO:pass
[2020-08-19 16:43:36,763-logger.py]-INFO:--------
[2020-08-19 16:43:36,763-logger.py]-INFO:pass
[2020-08-19 16:43:36,764-logger.py]-INFO:--------
[2020-08-19 16:43:36,765-logger.py]-INFO:pass
[2020-08-19 16:43:36,766-logger.py]-INFO:--------
[2020-08-19 16:43:36,769-logger.py]-INFO:pass
[2020-08-19 16:43:36,769-logger.py]-INFO:--------
[2020-08-19 16:43:36,771-logger.py]-INFO:pass
[2020-08-19 16:43:36,771-logger.py]-INFO:--------
[2020-08-19 16:43:36,772-logger.py]-INFO:pass
[2020-08-19 16:43:36,773-logger.py]-INFO:--------
[2020-08-19 16:43:36,774-logger.py]-INFO:pass
[2020-08-19 16:43:36,775-logger.py]-INFO:--------
[2020-08-19 16:43:36,776-logger.py]-INFO:pass
[2020-08-19 16:43:36,777-logger.py]-INFO:--------
[2020-08-19 16:43:36,778-logger.py]-INFO:pass
[2020-08-19 16:43:36,779-logger.py]-INFO:--------
[2020-08-19 16:43:36,780-logger.py]-INFO:pass
[2020-08-19 16:43:36,781-logger.py]-INFO:--------
[2020-08-19 16:43:36,782-logger.py]-INFO:pass
[2020-08-19 16:43:36,783-logger.py]-INFO:--------
[2020-08-19 16:43:36,784-logger.py]-INFO:pass
[2020-08-19 16:43:36,785-logger.py]-INFO:--------
[2020-08-19 16:43:36,786-logger.py]-INFO:pass
[2020-08-19 16:43:36,796-logger.py]-INFO:--------
[2020-08-19 16:43:36,796-logger.py]-INFO:pass
[2020-08-19 16:43:36,797-logger.py]-INFO:--------
[2020-08-19 16:43:36,798-logger.py]-INFO:pass
[2020-08-19 16:43:36,799-logger.py]-INFO:--------
[2020-08-19 16:43:36,799-logger.py]-INFO:pass
[2020-08-19 16:43:36,800-logger.py]-INFO:--------
[2020-08-19 16:43:36,801-logger.py]-INFO:pass
[2020-08-19 16:43:36,802-logger.py]-INFO:--------
[2020-08-19 16:43:36,803-logger.py]-INFO:pass
[2020-08-19 16:43:36,803-logger.py]-INFO:--------
[2020-08-19 16:43:36,804-logger.py]-INFO:fail
[2020-08-19 16:43:36,804-logger.py]-INFO:--------
[2020-08-19 16:43:36,814-logger.py]-INFO:编号：2.0，接口名称：PDA用户登录，用例名称：密码错误，用例描述：测试密码输入错误，登录失败,实际响应：{'message': '用户名或密码错误', 'status': '300'}
[2020-08-19 16:43:36,814-logger.py]-INFO:pass
[2020-08-19 16:43:36,815-logger.py]-INFO:--------
[2020-08-19 16:43:36,815-logger.py]-INFO:pass
[2020-08-19 16:43:36,816-logger.py]-INFO:--------
[2020-08-19 16:43:36,817-logger.py]-INFO:pass
[2020-08-19 16:43:36,817-logger.py]-INFO:--------
[2020-08-19 16:43:36,818-logger.py]-INFO:pass
[2020-08-19 16:43:36,819-logger.py]-INFO:--------
[2020-08-19 16:43:36,820-logger.py]-INFO:pass
[2020-08-19 16:43:36,820-logger.py]-INFO:--------
[2020-08-19 16:43:36,821-logger.py]-INFO:pass
[2020-08-19 16:43:36,821-logger.py]-INFO:--------
[2020-08-19 16:43:36,822-logger.py]-INFO:pass
[2020-08-19 16:43:36,823-logger.py]-INFO:--------
[2020-08-19 16:43:36,823-logger.py]-INFO:pass
[2020-08-19 16:43:36,824-logger.py]-INFO:--------
[2020-08-19 16:43:36,824-logger.py]-INFO:pass
[2020-08-19 16:43:36,825-logger.py]-INFO:--------
[2020-08-19 16:43:36,826-logger.py]-INFO:pass
[2020-08-19 16:43:36,826-logger.py]-INFO:--------
[2020-08-19 16:43:36,827-logger.py]-INFO:pass
[2020-08-19 16:43:36,827-logger.py]-INFO:--------
[2020-08-19 16:43:36,828-logger.py]-INFO:pass
[2020-08-19 16:43:36,828-logger.py]-INFO:--------
[2020-08-19 16:43:36,829-logger.py]-INFO:pass
[2020-08-19 16:43:36,830-logger.py]-INFO:--------
[2020-08-19 16:43:36,830-logger.py]-INFO:pass
[2020-08-19 16:43:36,831-logger.py]-INFO:--------
[2020-08-19 16:43:36,831-logger.py]-INFO:pass
[2020-08-19 16:43:36,832-logger.py]-INFO:--------
[2020-08-19 16:43:36,833-logger.py]-INFO:pass
[2020-08-19 16:43:36,833-logger.py]-INFO:--------
[2020-08-19 16:43:36,834-logger.py]-INFO:pass
[2020-08-19 16:43:36,835-logger.py]-INFO:--------
[2020-08-19 16:43:36,835-logger.py]-INFO:pass
[2020-08-19 16:43:36,836-logger.py]-INFO:--------
[2020-08-19 16:43:36,836-logger.py]-INFO:pass
[2020-08-19 16:43:36,837-logger.py]-INFO:--------
[2020-08-19 16:43:36,837-logger.py]-INFO:pass
[2020-08-19 16:43:36,838-logger.py]-INFO:--------
[2020-08-19 16:43:36,838-logger.py]-INFO:pass
[2020-08-19 16:43:36,839-logger.py]-INFO:--------
[2020-08-19 16:43:36,839-logger.py]-INFO:pass
[2020-08-19 16:43:36,840-logger.py]-INFO:--------
[2020-08-19 16:43:36,841-logger.py]-INFO:pass
[2020-08-19 16:43:36,841-logger.py]-INFO:--------
[2020-08-19 16:43:36,842-logger.py]-INFO:pass
[2020-08-19 16:43:36,842-logger.py]-INFO:--------
[2020-08-19 16:43:36,843-logger.py]-INFO:pass
[2020-08-19 16:43:36,843-logger.py]-INFO:--------
[2020-08-19 16:43:36,844-logger.py]-INFO:pass
[2020-08-19 16:43:36,845-logger.py]-INFO:--------
[2020-08-19 16:43:36,845-logger.py]-INFO:pass
[2020-08-19 16:43:36,846-logger.py]-INFO:--------
[2020-08-19 16:43:36,847-logger.py]-INFO:pass
[2020-08-19 16:43:36,847-logger.py]-INFO:--------
[2020-08-19 16:43:36,848-logger.py]-INFO:fail
[2020-08-19 16:43:36,849-logger.py]-INFO:--------
