[2020-08-19 16:44:19,748-logger.py]-INFO:编号：1.0，接口名称：PDA用户登录，用例名称：用户名密码正确，用例描述：测试用户名密码正确，登录成功,实际响应：{'role': '总经办部1', 'name': '晨伟1', 'userImgUrl': '', 'dept': '生产,调试,检验', 'message': '登录成功', 'userId': '1591948639502', 'status': '200'}
[2020-08-19 16:44:19,752-logger.py]-INFO:pass
[2020-08-19 16:44:19,754-logger.py]-INFO:--------
[2020-08-19 16:44:19,757-logger.py]-INFO:pass
[2020-08-19 16:44:19,759-logger.py]-INFO:--------
[2020-08-19 16:44:19,761-logger.py]-INFO:pass
[2020-08-19 16:44:19,763-logger.py]-INFO:--------
[2020-08-19 16:44:19,765-logger.py]-INFO:pass
[2020-08-19 16:44:19,768-logger.py]-INFO:--------
[2020-08-19 16:44:19,770-logger.py]-INFO:pass
[2020-08-19 16:44:19,772-logger.py]-INFO:--------
[2020-08-19 16:44:19,774-logger.py]-INFO:pass
[2020-08-19 16:44:19,776-logger.py]-INFO:--------
[2020-08-19 16:44:19,778-logger.py]-INFO:pass
[2020-08-19 16:44:19,780-logger.py]-INFO:--------
[2020-08-19 16:44:19,782-logger.py]-INFO:pass
[2020-08-19 16:44:19,784-logger.py]-INFO:--------
[2020-08-19 16:44:19,784-logger.py]-INFO:pass
[2020-08-19 16:44:19,785-logger.py]-INFO:--------
[2020-08-19 16:44:19,787-logger.py]-INFO:pass
[2020-08-19 16:44:19,787-logger.py]-INFO:--------
[2020-08-19 16:44:19,789-logger.py]-INFO:pass
[2020-08-19 16:44:19,789-logger.py]-INFO:--------
[2020-08-19 16:44:19,791-logger.py]-INFO:pass
[2020-08-19 16:44:19,792-logger.py]-INFO:--------
[2020-08-19 16:44:19,793-logger.py]-INFO:pass
[2020-08-19 16:44:19,794-logger.py]-INFO:--------
[2020-08-19 16:44:19,795-logger.py]-INFO:pass
[2020-08-19 16:44:19,797-logger.py]-INFO:--------
[2020-08-19 16:44:19,798-logger.py]-INFO:pass
[2020-08-19 16:44:19,799-logger.py]-INFO:--------
[2020-08-19 16:44:19,800-logger.py]-INFO:pass
[2020-08-19 16:44:19,801-logger.py]-INFO:--------
[2020-08-19 16:44:19,803-logger.py]-INFO:pass
[2020-08-19 16:44:19,803-logger.py]-INFO:--------
[2020-08-19 16:44:19,805-logger.py]-INFO:pass
[2020-08-19 16:44:19,805-logger.py]-INFO:--------
[2020-08-19 16:44:19,807-logger.py]-INFO:pass
[2020-08-19 16:44:19,808-logger.py]-INFO:--------
[2020-08-19 16:44:19,809-logger.py]-INFO:pass
[2020-08-19 16:44:19,810-logger.py]-INFO:--------
[2020-08-19 16:44:19,812-logger.py]-INFO:pass
[2020-08-19 16:44:19,813-logger.py]-INFO:--------
[2020-08-19 16:44:19,814-logger.py]-INFO:pass
[2020-08-19 16:44:19,814-logger.py]-INFO:--------
[2020-08-19 16:44:19,816-logger.py]-INFO:pass
[2020-08-19 16:44:19,816-logger.py]-INFO:--------
[2020-08-19 16:44:19,817-logger.py]-INFO:fail
[2020-08-19 16:44:19,818-logger.py]-INFO:--------
[2020-08-19 16:44:19,829-logger.py]-INFO:编号：2.0，接口名称：PDA用户登录，用例名称：密码错误，用例描述：测试密码输入错误，登录失败,实际响应：{'message': '用户名或密码错误', 'status': '300'}
[2020-08-19 16:44:19,830-logger.py]-INFO:pass
[2020-08-19 16:44:19,831-logger.py]-INFO:--------
[2020-08-19 16:44:19,831-logger.py]-INFO:pass
[2020-08-19 16:44:19,832-logger.py]-INFO:--------
[2020-08-19 16:44:19,832-logger.py]-INFO:pass
[2020-08-19 16:44:19,833-logger.py]-INFO:--------
[2020-08-19 16:44:19,834-logger.py]-INFO:pass
[2020-08-19 16:44:19,834-logger.py]-INFO:--------
[2020-08-19 16:44:19,835-logger.py]-INFO:pass
[2020-08-19 16:44:19,836-logger.py]-INFO:--------
[2020-08-19 16:44:19,836-logger.py]-INFO:pass
[2020-08-19 16:44:19,837-logger.py]-INFO:--------
[2020-08-19 16:44:19,837-logger.py]-INFO:pass
[2020-08-19 16:44:19,838-logger.py]-INFO:--------
[2020-08-19 16:44:19,839-logger.py]-INFO:pass
[2020-08-19 16:44:19,839-logger.py]-INFO:--------
[2020-08-19 16:44:19,840-logger.py]-INFO:pass
[2020-08-19 16:44:19,840-logger.py]-INFO:--------
[2020-08-19 16:44:19,841-logger.py]-INFO:pass
[2020-08-19 16:44:19,842-logger.py]-INFO:--------
[2020-08-19 16:44:19,842-logger.py]-INFO:pass
[2020-08-19 16:44:19,843-logger.py]-INFO:--------
[2020-08-19 16:44:19,844-logger.py]-INFO:pass
[2020-08-19 16:44:19,844-logger.py]-INFO:--------
[2020-08-19 16:44:19,845-logger.py]-INFO:pass
[2020-08-19 16:44:19,845-logger.py]-INFO:--------
[2020-08-19 16:44:19,846-logger.py]-INFO:pass
[2020-08-19 16:44:19,847-logger.py]-INFO:--------
[2020-08-19 16:44:19,847-logger.py]-INFO:pass
[2020-08-19 16:44:19,848-logger.py]-INFO:--------
[2020-08-19 16:44:19,849-logger.py]-INFO:pass
[2020-08-19 16:44:19,849-logger.py]-INFO:--------
[2020-08-19 16:44:19,850-logger.py]-INFO:pass
[2020-08-19 16:44:19,850-logger.py]-INFO:--------
[2020-08-19 16:44:19,851-logger.py]-INFO:pass
[2020-08-19 16:44:19,852-logger.py]-INFO:--------
[2020-08-19 16:44:19,852-logger.py]-INFO:pass
[2020-08-19 16:44:19,853-logger.py]-INFO:--------
[2020-08-19 16:44:19,853-logger.py]-INFO:pass
[2020-08-19 16:44:19,854-logger.py]-INFO:--------
[2020-08-19 16:44:19,854-logger.py]-INFO:pass
[2020-08-19 16:44:19,855-logger.py]-INFO:--------
[2020-08-19 16:44:19,856-logger.py]-INFO:pass
[2020-08-19 16:44:19,856-logger.py]-INFO:--------
[2020-08-19 16:44:19,857-logger.py]-INFO:pass
[2020-08-19 16:44:19,857-logger.py]-INFO:--------
[2020-08-19 16:44:19,858-logger.py]-INFO:pass
[2020-08-19 16:44:19,858-logger.py]-INFO:--------
[2020-08-19 16:44:19,859-logger.py]-INFO:pass
[2020-08-19 16:44:19,859-logger.py]-INFO:--------
[2020-08-19 16:44:19,860-logger.py]-INFO:pass
[2020-08-19 16:44:19,861-logger.py]-INFO:--------
[2020-08-19 16:44:19,861-logger.py]-INFO:pass
[2020-08-19 16:44:19,862-logger.py]-INFO:--------
[2020-08-19 16:44:19,862-logger.py]-INFO:pass
[2020-08-19 16:44:19,863-logger.py]-INFO:--------
[2020-08-19 16:44:19,863-logger.py]-INFO:fail
[2020-08-19 16:44:19,864-logger.py]-INFO:--------
